#
# There is insufficient memory for the Java Runtime Environment to continue.
# Native memory allocation (malloc) failed to allocate 140992 bytes for Chunk::new
# Possible reasons:
#   The system is out of physical RAM or swap space
#   The process is running with CompressedOops enabled, and the Java Heap may be blocking the growth of the native heap
# Possible solutions:
#   Reduce memory load on the system
#   Increase physical memory or swap space
#   Check if swap backing store is full
#   Decrease Java heap size (-Xmx/-Xms)
#   Decrease number of Java threads
#   Decrease Java thread stack sizes (-Xss)
#   Set larger code cache with -XX:ReservedCodeCacheSize=
#   JVM is running with Unscaled Compressed Oops mode in which the Java heap is
#     placed in the first 4GB address space. The Java Heap base address is the
#     maximum limit for the native heap growth. Please use -XX:HeapBaseMinAddress
#     to set the Java Heap base and to place the Java Heap above 4GB virtual address.
# This output file may be truncated or incomplete.
#
#  Out of Memory Error (arena.cpp:189), pid=12768, tid=11556
#
# JRE version: OpenJDK Runtime Environment Temurin-17.0.6+10 (17.0.6+10) (build 17.0.6+10)
# Java VM: OpenJDK 64-Bit Server VM Temurin-17.0.6+10 (17.0.6+10, mixed mode, tiered, compressed oops, compressed class ptrs, parallel gc, windows-amd64)
# No core dump will be written. Minidumps are not enabled by default on client versions of Windows
#

---------------  S U M M A R Y ------------

Command Line: --add-modules=ALL-SYSTEM --add-opens=java.base/java.util=ALL-UNNAMED --add-opens=java.base/java.lang=ALL-UNNAMED --add-opens=java.base/sun.nio.fs=ALL-UNNAMED -Declipse.application=org.eclipse.jdt.ls.core.id1 -Dosgi.bundles.defaultStartLevel=4 -Declipse.product=org.eclipse.jdt.ls.core.product -Djava.import.generatesMetadataFilesAtProjectRoot=false -Dfile.encoding=utf8 -XX:+UseParallelGC -XX:GCTimeRatio=4 -XX:AdaptiveSizePolicyWeight=90 -Dsun.zip.disableMemoryMapping=true -Xmx1G -Xms100m -Xlog:disable -javaagent:c:\Users\rohan\.vscode\extensions\redhat.java-1.16.0-win32-x64\lombok\lombok-1.18.24.jar c:\Users\rohan\.vscode\extensions\redhat.java-1.16.0-win32-x64\server\plugins\org.eclipse.equinox.launcher_1.6.400.v20210924-0641.jar -configuration c:\Users\rohan\AppData\Roaming\Code\User\globalStorage\redhat.java\1.16.0\config_ss_win -data c:\Users\rohan\AppData\Roaming\Code\User\workspaceStorage\90ccfc06a5fe7a8e58f607b98ccdc0f5\redhat.java\ss_ws

Host: Intel(R) Core(TM) i3-4005U CPU @ 1.70GHz, 4 cores, 3G,  Windows 10 , 64 bit Build 19041 (10.0.19041.3636)
Time: Sun Apr 14 01:13:52 2024 India Standard Time elapsed time: 7.526455 seconds (0d 0h 0m 7s)

---------------  T H R E A D  ---------------

Current thread (0x00000236723394d0):  JavaThread "C2 CompilerThread0" daemon [_thread_in_native, id=11556, stack(0x0000005a60100000,0x0000005a60200000)]


Current CompileTask:
C2:   7526 2230       4       org.objectweb.asm.ClassReader::readClass (7 bytes)

Stack: [0x0000005a60100000,0x0000005a60200000]
Native frames: (J=compiled Java code, j=interpreted, Vv=VM code, C=native code)
V  [jvm.dll+0x67741a]
V  [jvm.dll+0x834434]
V  [jvm.dll+0x835bde]
V  [jvm.dll+0x836243]
V  [jvm.dll+0x2457b5]
V  [jvm.dll+0xabafc]
V  [jvm.dll+0xac0cc]
V  [jvm.dll+0x3634e7]
V  [jvm.dll+0x32dda1]
V  [jvm.dll+0x32d24a]
V  [jvm.dll+0x2185f1]
V  [jvm.dll+0x217a11]
V  [jvm.dll+0x1a3d0d]
V  [jvm.dll+0x22742a]
V  [jvm.dll+0x225565]
V  [jvm.dll+0x7ea2cb]
V  [jvm.dll+0x7e483a]
V  [jvm.dll+0x6762c5]
C  [ucrtbase.dll+0x21bb2]
C  [KERNEL32.DLL+0x17344]
C  [ntdll.dll+0x526b1]


---------------  P R O C E S S  ---------------

Threads class SMR info:
_java_thread_list=0x00000236757ceed0, length=20, elements={
0x000002365e4e8710, 0x0000023672309730, 0x000002367230b9c0, 0x0000023672333150,
0x0000023672333ed0, 0x0000023672336b60, 0x0000023672338830, 0x00000236723394d0,
0x00000236723412d0, 0x0000023673d00060, 0x000002365e54af80, 0x0000023673f9aed0,
0x000002367465e020, 0x000002367479c9e0, 0x000002367479ceb0, 0x00000236754e2700,
0x0000023675438020, 0x0000023675770040, 0x0000023674807150, 0x0000023674807fc0
}

Java Threads: ( => current thread )
  0x000002365e4e8710 JavaThread "main" [_thread_blocked, id=120, stack(0x0000005a5f800000,0x0000005a5f900000)]
  0x0000023672309730 JavaThread "Reference Handler" daemon [_thread_blocked, id=712, stack(0x0000005a5fb00000,0x0000005a5fc00000)]
  0x000002367230b9c0 JavaThread "Finalizer" daemon [_thread_blocked, id=7632, stack(0x0000005a5fc00000,0x0000005a5fd00000)]
  0x0000023672333150 JavaThread "Signal Dispatcher" daemon [_thread_blocked, id=5780, stack(0x0000005a5fd00000,0x0000005a5fe00000)]
  0x0000023672333ed0 JavaThread "Attach Listener" daemon [_thread_blocked, id=1040, stack(0x0000005a5fe00000,0x0000005a5ff00000)]
  0x0000023672336b60 JavaThread "Service Thread" daemon [_thread_blocked, id=11316, stack(0x0000005a5ff00000,0x0000005a60000000)]
  0x0000023672338830 JavaThread "Monitor Deflation Thread" daemon [_thread_blocked, id=4868, stack(0x0000005a60000000,0x0000005a60100000)]
=>0x00000236723394d0 JavaThread "C2 CompilerThread0" daemon [_thread_in_native, id=11556, stack(0x0000005a60100000,0x0000005a60200000)]
  0x00000236723412d0 JavaThread "C1 CompilerThread0" daemon [_thread_blocked, id=2744, stack(0x0000005a60200000,0x0000005a60300000)]
  0x0000023673d00060 JavaThread "Sweeper thread" daemon [_thread_blocked, id=13136, stack(0x0000005a60300000,0x0000005a60400000)]
  0x000002365e54af80 JavaThread "Common-Cleaner" daemon [_thread_blocked, id=11712, stack(0x0000005a60400000,0x0000005a60500000)]
  0x0000023673f9aed0 JavaThread "Notification Thread" daemon [_thread_blocked, id=9968, stack(0x0000005a60500000,0x0000005a60600000)]
  0x000002367465e020 JavaThread "Active Thread: Equinox Container: fc743831-37a1-42e4-8b25-6c232005c4aa" [_thread_blocked, id=7548, stack(0x0000005a60a00000,0x0000005a60b00000)]
  0x000002367479c9e0 JavaThread "Framework Event Dispatcher: Equinox Container: fc743831-37a1-42e4-8b25-6c232005c4aa" daemon [_thread_blocked, id=12020, stack(0x0000005a60b00000,0x0000005a60c00000)]
  0x000002367479ceb0 JavaThread "Start Level: Equinox Container: fc743831-37a1-42e4-8b25-6c232005c4aa" daemon [_thread_in_vm, id=8628, stack(0x0000005a60c00000,0x0000005a60d00000)]
  0x00000236754e2700 JavaThread "SCR Component Actor" daemon [_thread_blocked, id=8144, stack(0x0000005a60d00000,0x0000005a60e00000)]
  0x0000023675438020 JavaThread "SCR Component Registry" daemon [_thread_blocked, id=12352, stack(0x0000005a60e00000,0x0000005a60f00000)]
  0x0000023675770040 JavaThread "Worker-JM" [_thread_blocked, id=2480, stack(0x0000005a60f00000,0x0000005a61000000)]
  0x0000023674807150 JavaThread "Worker-0" [_thread_blocked, id=12484, stack(0x0000005a61000000,0x0000005a61100000)]
  0x0000023674807fc0 JavaThread "Worker-1" [_thread_blocked, id=8976, stack(0x0000005a61100000,0x0000005a61200000)]

Other Threads:
  0x000002365e5ade50 VMThread "VM Thread" [stack: 0x0000005a5fa00000,0x0000005a5fb00000] [id=4768]
  0x0000023673f1f920 WatcherThread [stack: 0x0000005a60600000,0x0000005a60700000] [id=6500]
  0x000002365e4fda80 GCTaskThread "GC Thread#0" [stack: 0x0000005a5f900000,0x0000005a5fa00000] [id=13372]
  0x000002367470c180 GCTaskThread "GC Thread#1" [stack: 0x0000005a60700000,0x0000005a60800000] [id=6380]
  0x000002367470c430 GCTaskThread "GC Thread#2" [stack: 0x0000005a60800000,0x0000005a60900000] [id=9808]
  0x0000023674701030 GCTaskThread "GC Thread#3" [stack: 0x0000005a60900000,0x0000005a60a00000] [id=11580]

Threads with active compile tasks:
C2 CompilerThread0     7619 2230       4       org.objectweb.asm.ClassReader::readClass (7 bytes)

VM state: not at safepoint (normal execution)

VM Mutex/Monitor currently owned by a thread: None

Heap address: 0x00000000c0000000, size: 1024 MB, Compressed Oops mode: 32-bit

CDS archive(s) not mapped
Compressed class space mapped at: 0x0000000100000000-0x0000000140000000, reserved size: 1073741824
Narrow klass base: 0x0000000000000000, Narrow klass shift: 3, Narrow klass range: 0x140000000

GC Precious Log:
 CPUs: 4 total, 4 available
 Memory: 4000M
 Large Page Support: Disabled
 NUMA Support: Disabled
 Compressed Oops: Enabled (32-bit)
 Alignments: Space 512K, Generation 512K, Heap 2M
 Heap Min Capacity: 100M
 Heap Initial Capacity: 100M
 Heap Max Capacity: 1G
 Pre-touch: Disabled
 Parallel Workers: 4

Heap:
 PSYoungGen      total 29696K, used 16613K [0x00000000eab00000, 0x00000000ecc00000, 0x0000000100000000)
  eden space 25600K, 64% used [0x00000000eab00000,0x00000000ebb397c0,0x00000000ec400000)
  from space 4096K, 0% used [0x00000000ec800000,0x00000000ec800000,0x00000000ecc00000)
  to   space 4096K, 0% used [0x00000000ec400000,0x00000000ec400000,0x00000000ec800000)
 ParOldGen       total 68608K, used 6917K [0x00000000c0000000, 0x00000000c4300000, 0x00000000eab00000)
  object space 68608K, 10% used [0x00000000c0000000,0x00000000c06c1450,0x00000000c4300000)
 Metaspace       used 22323K, committed 22784K, reserved 1073152K
  class space    used 2243K, committed 2432K, reserved 1048576K

Card table byte_map: [0x000002365de90000,0x000002365e0a0000] _byte_map_base: 0x000002365d890000

Marking Bits: (ParMarkBitMap*) 0x00007ffc28603e70
 Begin Bits: [0x0000023670170000, 0x0000023671170000)
 End Bits:   [0x0000023671170000, 0x0000023672170000)

Polling page: 0x000002365c390000

Metaspace:

Usage:
  Non-class:     19.61 MB used.
      Class:      2.19 MB used.
       Both:     21.80 MB used.

Virtual space:
  Non-class space:       24.00 MB reserved,      19.88 MB ( 83%) committed,  3 nodes.
      Class space:        1.00 GB reserved,       2.38 MB ( <1%) committed,  1 nodes.
             Both:        1.02 GB reserved,      22.25 MB (  2%) committed. 

Chunk freelists:
   Non-Class:  3.59 MB
       Class:  1.62 MB
        Both:  5.21 MB

MaxMetaspaceSize: unlimited
CompressedClassSpaceSize: 1.00 GB
Initial GC threshold: 21.00 MB
Current GC threshold: 35.00 MB
CDS: off
MetaspaceReclaimPolicy: balanced
 - commit_granule_bytes: 65536.
 - commit_granule_words: 8192.
 - virtual_space_node_default_size: 1048576.
 - enlarge_chunks_in_place: 1.
 - new_chunks_are_fully_committed: 0.
 - uncommit_free_chunks: 1.
 - use_allocation_guard: 0.
 - handle_deallocations: 1.


Internal statistics:

num_allocs_failed_limit: 3.
num_arena_births: 196.
num_arena_deaths: 14.
num_vsnodes_births: 4.
num_vsnodes_deaths: 0.
num_space_committed: 356.
num_space_uncommitted: 0.
num_chunks_returned_to_freelist: 17.
num_chunks_taken_from_freelist: 735.
num_chunk_merges: 4.
num_chunk_splits: 471.
num_chunks_enlarged: 334.
num_purges: 2.
num_inconsistent_stats: 0.

CodeHeap 'non-profiled nmethods': size=120000Kb used=861Kb max_used=861Kb free=119138Kb
 bounds [0x0000023668c40000, 0x0000023668eb0000, 0x0000023670170000]
CodeHeap 'profiled nmethods': size=120000Kb used=4513Kb max_used=4513Kb free=115486Kb
 bounds [0x0000023661170000, 0x00000236615e0000, 0x00000236686a0000]
CodeHeap 'non-nmethods': size=5760Kb used=1185Kb max_used=1202Kb free=4574Kb
 bounds [0x00000236686a0000, 0x0000023668910000, 0x0000023668c40000]
 total_blobs=2744 nmethods=2253 adapters=405
 compilation: enabled
              stopped_count=0, restarted_count=0
 full_count=0

Compilation events (20 events):
Event: 7.507 Thread 0x00000236723412d0 2232       3       org.objectweb.asm.ClassVisitor::visitField (24 bytes)
Event: 7.508 Thread 0x00000236723412d0 nmethod 2232 0x00000236615c9890 code [0x00000236615c9a40, 0x00000236615c9c68]
Event: 7.508 Thread 0x00000236723412d0 2233       3       org.objectweb.asm.FieldVisitor::<init> (94 bytes)
Event: 7.509 Thread 0x00000236723412d0 nmethod 2233 0x00000236615c9d90 code [0x00000236615c9fe0, 0x00000236615ca8a8]
Event: 7.509 Thread 0x00000236723412d0 2234       3       java.util.regex.Matcher::search (154 bytes)
Event: 7.510 Thread 0x00000236723412d0 nmethod 2234 0x00000236615cab90 code [0x00000236615cad80, 0x00000236615cb348]
Event: 7.510 Thread 0x00000236723412d0 2235       3       java.util.regex.Pattern$BmpCharProperty::match (55 bytes)
Event: 7.510 Thread 0x00000236723412d0 nmethod 2235 0x00000236615cb590 code [0x00000236615cb760, 0x00000236615cbbe8]
Event: 7.510 Thread 0x00000236723412d0 2236       3       java.util.regex.Pattern$$Lambda$21/0x0000000100086f40::is (9 bytes)
Event: 7.511 Thread 0x00000236723412d0 nmethod 2236 0x00000236615cbd90 code [0x00000236615cbf20, 0x00000236615cc0f8]
Event: 7.511 Thread 0x00000236723412d0 2239       3       org.objectweb.asm.SymbolTable::addConstantMemberReference (147 bytes)
Event: 7.512 Thread 0x00000236723412d0 nmethod 2239 0x00000236615cc190 code [0x00000236615cc400, 0x00000236615cccc8]
Event: 7.512 Thread 0x00000236723412d0 2237       3       java.util.regex.Pattern::lambda$Single$7 (11 bytes)
Event: 7.512 Thread 0x00000236723412d0 nmethod 2237 0x00000236615cd210 code [0x00000236615cd3a0, 0x00000236615cd4f8]
Event: 7.512 Thread 0x00000236723412d0 2240       3       org.objectweb.asm.MethodWriter::visitInsn (115 bytes)
Event: 7.513 Thread 0x00000236723412d0 nmethod 2240 0x00000236615cd590 code [0x00000236615cd760, 0x00000236615cdbe8]
Event: 7.513 Thread 0x00000236723412d0 2242       3       org.objectweb.asm.AnnotationWriter::putAnnotations (67 bytes)
Event: 7.514 Thread 0x00000236723412d0 nmethod 2242 0x00000236615cdd90 code [0x00000236615cdfa0, 0x00000236615ce3d8]
Event: 7.514 Thread 0x00000236723412d0 2241       3       java.util.regex.Pattern$GroupHead::match (47 bytes)
Event: 7.514 Thread 0x00000236723412d0 nmethod 2241 0x00000236615ce690 code [0x00000236615ce840, 0x00000236615ceaa8]

GC Heap History (10 events):
Event: 2.944 GC heap before
{Heap before GC invocations=1 (full 0):
 PSYoungGen      total 29696K, used 25600K [0x00000000eab00000, 0x00000000ecc00000, 0x0000000100000000)
  eden space 25600K, 100% used [0x00000000eab00000,0x00000000ec400000,0x00000000ec400000)
  from space 4096K, 0% used [0x00000000ec800000,0x00000000ec800000,0x00000000ecc00000)
  to   space 4096K, 0% used [0x00000000ec400000,0x00000000ec400000,0x00000000ec800000)
 ParOldGen       total 68608K, used 0K [0x00000000c0000000, 0x00000000c4300000, 0x00000000eab00000)
  object space 68608K, 0% used [0x00000000c0000000,0x00000000c0000000,0x00000000c4300000)
 Metaspace       used 11141K, committed 11328K, reserved 1064960K
  class space    used 1108K, committed 1216K, reserved 1048576K
}
Event: 2.994 GC heap after
{Heap after GC invocations=1 (full 0):
 PSYoungGen      total 29696K, used 3240K [0x00000000eab00000, 0x00000000ecc00000, 0x0000000100000000)
  eden space 25600K, 0% used [0x00000000eab00000,0x00000000eab00000,0x00000000ec400000)
  from space 4096K, 79% used [0x00000000ec400000,0x00000000ec72a208,0x00000000ec800000)
  to   space 4096K, 0% used [0x00000000ec800000,0x00000000ec800000,0x00000000ecc00000)
 ParOldGen       total 68608K, used 0K [0x00000000c0000000, 0x00000000c4300000, 0x00000000eab00000)
  object space 68608K, 0% used [0x00000000c0000000,0x00000000c0000000,0x00000000c4300000)
 Metaspace       used 11141K, committed 11328K, reserved 1064960K
  class space    used 1108K, committed 1216K, reserved 1048576K
}
Event: 5.291 GC heap before
{Heap before GC invocations=2 (full 0):
 PSYoungGen      total 29696K, used 28840K [0x00000000eab00000, 0x00000000ecc00000, 0x0000000100000000)
  eden space 25600K, 100% used [0x00000000eab00000,0x00000000ec400000,0x00000000ec400000)
  from space 4096K, 79% used [0x00000000ec400000,0x00000000ec72a208,0x00000000ec800000)
  to   space 4096K, 0% used [0x00000000ec800000,0x00000000ec800000,0x00000000ecc00000)
 ParOldGen       total 68608K, used 0K [0x00000000c0000000, 0x00000000c4300000, 0x00000000eab00000)
  object space 68608K, 0% used [0x00000000c0000000,0x00000000c0000000,0x00000000c4300000)
 Metaspace       used 15360K, committed 15680K, reserved 1064960K
  class space    used 1565K, committed 1728K, reserved 1048576K
}
Event: 5.301 GC heap after
{Heap after GC invocations=2 (full 0):
 PSYoungGen      total 29696K, used 4093K [0x00000000eab00000, 0x00000000ecc00000, 0x0000000100000000)
  eden space 25600K, 0% used [0x00000000eab00000,0x00000000eab00000,0x00000000ec400000)
  from space 4096K, 99% used [0x00000000ec800000,0x00000000ecbff718,0x00000000ecc00000)
  to   space 4096K, 0% used [0x00000000ec400000,0x00000000ec400000,0x00000000ec800000)
 ParOldGen       total 68608K, used 796K [0x00000000c0000000, 0x00000000c4300000, 0x00000000eab00000)
  object space 68608K, 1% used [0x00000000c0000000,0x00000000c00c7360,0x00000000c4300000)
 Metaspace       used 15360K, committed 15680K, reserved 1064960K
  class space    used 1565K, committed 1728K, reserved 1048576K
}
Event: 6.793 GC heap before
{Heap before GC invocations=3 (full 0):
 PSYoungGen      total 29696K, used 29693K [0x00000000eab00000, 0x00000000ecc00000, 0x0000000100000000)
  eden space 25600K, 100% used [0x00000000eab00000,0x00000000ec400000,0x00000000ec400000)
  from space 4096K, 99% used [0x00000000ec800000,0x00000000ecbff718,0x00000000ecc00000)
  to   space 4096K, 0% used [0x00000000ec400000,0x00000000ec400000,0x00000000ec800000)
 ParOldGen       total 68608K, used 796K [0x00000000c0000000, 0x00000000c4300000, 0x00000000eab00000)
  object space 68608K, 1% used [0x00000000c0000000,0x00000000c00c7360,0x00000000c4300000)
 Metaspace       used 20421K, committed 20864K, reserved 1073152K
  class space    used 2071K, committed 2304K, reserved 1048576K
}
Event: 6.807 GC heap after
{Heap after GC invocations=3 (full 0):
 PSYoungGen      total 29696K, used 4069K [0x00000000eab00000, 0x00000000ecc00000, 0x0000000100000000)
  eden space 25600K, 0% used [0x00000000eab00000,0x00000000eab00000,0x00000000ec400000)
  from space 4096K, 99% used [0x00000000ec400000,0x00000000ec7f9538,0x00000000ec800000)
  to   space 4096K, 0% used [0x00000000ec800000,0x00000000ec800000,0x00000000ecc00000)
 ParOldGen       total 68608K, used 2846K [0x00000000c0000000, 0x00000000c4300000, 0x00000000eab00000)
  object space 68608K, 4% used [0x00000000c0000000,0x00000000c02c7a68,0x00000000c4300000)
 Metaspace       used 20421K, committed 20864K, reserved 1073152K
  class space    used 2071K, committed 2304K, reserved 1048576K
}
Event: 7.072 GC heap before
{Heap before GC invocations=4 (full 0):
 PSYoungGen      total 29696K, used 8076K [0x00000000eab00000, 0x00000000ecc00000, 0x0000000100000000)
  eden space 25600K, 15% used [0x00000000eab00000,0x00000000eaee9c38,0x00000000ec400000)
  from space 4096K, 99% used [0x00000000ec400000,0x00000000ec7f9538,0x00000000ec800000)
  to   space 4096K, 0% used [0x00000000ec800000,0x00000000ec800000,0x00000000ecc00000)
 ParOldGen       total 68608K, used 2846K [0x00000000c0000000, 0x00000000c4300000, 0x00000000eab00000)
  object space 68608K, 4% used [0x00000000c0000000,0x00000000c02c7a68,0x00000000c4300000)
 Metaspace       used 21057K, committed 21504K, reserved 1073152K
  class space    used 2144K, committed 2368K, reserved 1048576K
}
Event: 7.084 GC heap after
{Heap after GC invocations=4 (full 0):
 PSYoungGen      total 29696K, used 4079K [0x00000000eab00000, 0x00000000ecc00000, 0x0000000100000000)
  eden space 25600K, 0% used [0x00000000eab00000,0x00000000eab00000,0x00000000ec400000)
  from space 4096K, 99% used [0x00000000ec800000,0x00000000ecbfbcf8,0x00000000ecc00000)
  to   space 4096K, 0% used [0x00000000ec400000,0x00000000ec400000,0x00000000ec800000)
 ParOldGen       total 68608K, used 2974K [0x00000000c0000000, 0x00000000c4300000, 0x00000000eab00000)
  object space 68608K, 4% used [0x00000000c0000000,0x00000000c02e7a68,0x00000000c4300000)
 Metaspace       used 21057K, committed 21504K, reserved 1073152K
  class space    used 2144K, committed 2368K, reserved 1048576K
}
Event: 7.084 GC heap before
{Heap before GC invocations=5 (full 1):
 PSYoungGen      total 29696K, used 4079K [0x00000000eab00000, 0x00000000ecc00000, 0x0000000100000000)
  eden space 25600K, 0% used [0x00000000eab00000,0x00000000eab00000,0x00000000ec400000)
  from space 4096K, 99% used [0x00000000ec800000,0x00000000ecbfbcf8,0x00000000ecc00000)
  to   space 4096K, 0% used [0x00000000ec400000,0x00000000ec400000,0x00000000ec800000)
 ParOldGen       total 68608K, used 2974K [0x00000000c0000000, 0x00000000c4300000, 0x00000000eab00000)
  object space 68608K, 4% used [0x00000000c0000000,0x00000000c02e7a68,0x00000000c4300000)
 Metaspace       used 21057K, committed 21504K, reserved 1073152K
  class space    used 2144K, committed 2368K, reserved 1048576K
}
Event: 7.144 GC heap after
{Heap after GC invocations=5 (full 1):
 PSYoungGen      total 29696K, used 0K [0x00000000eab00000, 0x00000000ecc00000, 0x0000000100000000)
  eden space 25600K, 0% used [0x00000000eab00000,0x00000000eab00000,0x00000000ec400000)
  from space 4096K, 0% used [0x00000000ec800000,0x00000000ec800000,0x00000000ecc00000)
  to   space 4096K, 0% used [0x00000000ec400000,0x00000000ec400000,0x00000000ec800000)
 ParOldGen       total 68608K, used 6917K [0x00000000c0000000, 0x00000000c4300000, 0x00000000eab00000)
  object space 68608K, 10% used [0x00000000c0000000,0x00000000c06c1450,0x00000000c4300000)
 Metaspace       used 21043K, committed 21504K, reserved 1073152K
  class space    used 2141K, committed 2368K, reserved 1048576K
}

Dll operation events (9 events):
Event: 0.027 Loaded shared library c:\Users\rohan\.vscode\extensions\redhat.java-1.16.0-win32-x64\jre\17.0.6-win32-x86_64\bin\java.dll
Event: 0.544 Loaded shared library c:\Users\rohan\.vscode\extensions\redhat.java-1.16.0-win32-x64\jre\17.0.6-win32-x86_64\bin\zip.dll
Event: 0.556 Loaded shared library C:\Users\rohan\.vscode\extensions\redhat.java-1.16.0-win32-x64\jre\17.0.6-win32-x86_64\bin\instrument.dll
Event: 0.603 Loaded shared library C:\Users\rohan\.vscode\extensions\redhat.java-1.16.0-win32-x64\jre\17.0.6-win32-x86_64\bin\net.dll
Event: 0.610 Loaded shared library C:\Users\rohan\.vscode\extensions\redhat.java-1.16.0-win32-x64\jre\17.0.6-win32-x86_64\bin\nio.dll
Event: 0.631 Loaded shared library C:\Users\rohan\.vscode\extensions\redhat.java-1.16.0-win32-x64\jre\17.0.6-win32-x86_64\bin\zip.dll
Event: 0.680 Loaded shared library C:\Users\rohan\.vscode\extensions\redhat.java-1.16.0-win32-x64\jre\17.0.6-win32-x86_64\bin\jimage.dll
Event: 0.852 Loaded shared library c:\Users\rohan\.vscode\extensions\redhat.java-1.16.0-win32-x64\jre\17.0.6-win32-x86_64\bin\verify.dll
Event: 4.634 Loaded shared library C:\Users\rohan\AppData\Roaming\Code\User\globalStorage\redhat.java\1.16.0\config_ss_win\org.eclipse.equinox.launcher\org.eclipse.equinox.launcher.win32.win32.x86_64_1.2.700.v20221108-1024\eclipse_11801.dll

Deoptimization events (20 events):
Event: 6.591 Thread 0x000002367479ceb0 Uncommon trap: trap_request=0xffffffc6 fr.pc=0x0000023668ceb070 relative=0x00000000000019d0
Event: 6.591 Thread 0x000002367479ceb0 Uncommon trap: reason=bimorphic_or_optimized_type_check action=maybe_recompile pc=0x0000023668ceb070 method=java.io.DataInputStream.readUnsignedShort()I @ 4 c2
Event: 6.591 Thread 0x000002367479ceb0 DEOPT PACKING pc=0x0000023668ceb070 sp=0x0000005a60cf9a30
Event: 6.591 Thread 0x000002367479ceb0 DEOPT UNPACKING pc=0x00000236686f66a3 sp=0x0000005a60cf99a8 mode 2
Event: 6.597 Thread 0x000002367479ceb0 Uncommon trap: trap_request=0xffffffc6 fr.pc=0x0000023668ceb070 relative=0x00000000000019d0
Event: 6.597 Thread 0x000002367479ceb0 Uncommon trap: reason=bimorphic_or_optimized_type_check action=maybe_recompile pc=0x0000023668ceb070 method=java.io.DataInputStream.readUnsignedShort()I @ 4 c2
Event: 6.597 Thread 0x000002367479ceb0 DEOPT PACKING pc=0x0000023668ceb070 sp=0x0000005a60cf96f0
Event: 6.597 Thread 0x000002367479ceb0 DEOPT UNPACKING pc=0x00000236686f66a3 sp=0x0000005a60cf9668 mode 2
Event: 6.597 Thread 0x000002367479ceb0 Uncommon trap: trap_request=0xffffffc6 fr.pc=0x0000023668ceb070 relative=0x00000000000019d0
Event: 6.597 Thread 0x000002367479ceb0 Uncommon trap: reason=bimorphic_or_optimized_type_check action=maybe_recompile pc=0x0000023668ceb070 method=java.io.DataInputStream.readUnsignedShort()I @ 4 c2
Event: 6.597 Thread 0x000002367479ceb0 DEOPT PACKING pc=0x0000023668ceb070 sp=0x0000005a60cf9630
Event: 6.597 Thread 0x000002367479ceb0 DEOPT UNPACKING pc=0x00000236686f66a3 sp=0x0000005a60cf95a8 mode 2
Event: 6.598 Thread 0x000002367479ceb0 Uncommon trap: trap_request=0xffffffc6 fr.pc=0x0000023668ceb070 relative=0x00000000000019d0
Event: 6.598 Thread 0x000002367479ceb0 Uncommon trap: reason=bimorphic_or_optimized_type_check action=maybe_recompile pc=0x0000023668ceb070 method=java.io.DataInputStream.readUnsignedShort()I @ 4 c2
Event: 6.598 Thread 0x000002367479ceb0 DEOPT PACKING pc=0x0000023668ceb070 sp=0x0000005a60cf9580
Event: 6.598 Thread 0x000002367479ceb0 DEOPT UNPACKING pc=0x00000236686f66a3 sp=0x0000005a60cf94f8 mode 2
Event: 6.789 Thread 0x000002367479ceb0 Uncommon trap: trap_request=0xffffff45 fr.pc=0x0000023668cca740 relative=0x0000000000000040
Event: 6.789 Thread 0x000002367479ceb0 Uncommon trap: reason=unstable_if action=reinterpret pc=0x0000023668cca740 method=sun.nio.fs.WindowsPathParser.isSlash(C)Z @ 9 c2
Event: 6.789 Thread 0x000002367479ceb0 DEOPT PACKING pc=0x0000023668cca740 sp=0x0000005a60cf9410
Event: 6.789 Thread 0x000002367479ceb0 DEOPT UNPACKING pc=0x00000236686f66a3 sp=0x0000005a60cf9398 mode 2

Classes unloaded (7 events):
Event: 7.095 Thread 0x000002365e5ade50 Unloading class 0x0000000100212400 'java/lang/invoke/LambdaForm$MH+0x0000000100212400'
Event: 7.095 Thread 0x000002365e5ade50 Unloading class 0x0000000100212000 'java/lang/invoke/LambdaForm$MH+0x0000000100212000'
Event: 7.095 Thread 0x000002365e5ade50 Unloading class 0x0000000100211c00 'java/lang/invoke/LambdaForm$MH+0x0000000100211c00'
Event: 7.095 Thread 0x000002365e5ade50 Unloading class 0x0000000100211400 'java/lang/invoke/LambdaForm$MH+0x0000000100211400'
Event: 7.095 Thread 0x000002365e5ade50 Unloading class 0x0000000100211000 'java/lang/invoke/LambdaForm$BMH+0x0000000100211000'
Event: 7.095 Thread 0x000002365e5ade50 Unloading class 0x0000000100210c00 'java/lang/invoke/LambdaForm$DMH+0x0000000100210c00'
Event: 7.095 Thread 0x000002365e5ade50 Unloading class 0x000000010020e000 'java/lang/invoke/LambdaForm$DMH+0x000000010020e000'

Classes redefined (0 events):
No events

Internal exceptions (20 events):
Event: 6.278 Thread 0x000002367479ceb0 Exception <a 'java/lang/NoSuchMethodError'{0x00000000ebd96218}: 'void java.lang.invoke.DelegatingMethodHandle$Holder.delegate(java.lang.Object, java.lang.Object, int, java.lang.Object)'> (0x00000000ebd96218) 
thrown [s\src\hotspot\share\interpreter\linkResolver.cpp, line 759]
Event: 6.279 Thread 0x000002367479ceb0 Exception <a 'java/lang/NoSuchMethodError'{0x00000000ebd9a600}: 'int java.lang.invoke.DirectMethodHandle$Holder.invokeSpecial(java.lang.Object, java.lang.Object, java.lang.Object)'> (0x00000000ebd9a600) 
thrown [s\src\hotspot\share\interpreter\linkResolver.cpp, line 759]
Event: 6.283 Thread 0x000002367479ceb0 Exception <a 'java/lang/NoSuchMethodError'{0x00000000ebdabe68}: 'int java.lang.invoke.DirectMethodHandle$Holder.invokeStatic(java.lang.Object, java.lang.Object, int)'> (0x00000000ebdabe68) 
thrown [s\src\hotspot\share\interpreter\linkResolver.cpp, line 759]
Event: 6.284 Thread 0x000002367479ceb0 Exception <a 'java/lang/NoSuchMethodError'{0x00000000ebdb0290}: 'int java.lang.invoke.DirectMethodHandle$Holder.invokeSpecial(java.lang.Object, java.lang.Object, java.lang.Object, int)'> (0x00000000ebdb0290) 
thrown [s\src\hotspot\share\interpreter\linkResolver.cpp, line 759]
Event: 6.292 Thread 0x000002367479ceb0 Exception <a 'java/lang/NoSuchMethodError'{0x00000000ebdcbd30}: 'java.lang.Object java.lang.invoke.DirectMethodHandle$Holder.invokeStatic(java.lang.Object, java.lang.Object, java.lang.Object, java.lang.Object, int)'> (0x00000000ebdcbd30) 
thrown [s\src\hotspot\share\interpreter\linkResolver.cpp, line 759]
Event: 6.297 Thread 0x000002367479ceb0 Exception <a 'java/lang/NoSuchMethodError'{0x00000000ebdd7f80}: 'java.lang.Object java.lang.invoke.DelegatingMethodHandle$Holder.reinvoke_L(java.lang.Object, java.lang.Object, java.lang.Object, java.lang.Object, int, int)'> (0x00000000ebdd7f80) 
thrown [s\src\hotspot\share\interpreter\linkResolver.cpp, line 759]
Event: 6.304 Thread 0x000002367479ceb0 Exception <a 'java/lang/NoSuchMethodError'{0x00000000ebdefd40}: 'java.lang.Object java.lang.invoke.Invokers$Holder.invokeExact_MT(java.lang.Object, java.lang.Object, java.lang.Object, java.lang.Object)'> (0x00000000ebdefd40) 
thrown [s\src\hotspot\share\interpreter\linkResolver.cpp, line 759]
Event: 6.624 Thread 0x000002367479ceb0 Exception <a 'java/lang/NoSuchMethodError'{0x00000000ec23ac60}: 'java.lang.Object java.lang.invoke.DirectMethodHandle$Holder.newInvokeSpecial(java.lang.Object, java.lang.Object, java.lang.Object, java.lang.Object, java.lang.Object)'> (0x00000000ec23ac60) 
thrown [s\src\hotspot\share\interpreter\linkResolver.cpp, line 759]
Event: 6.928 Thread 0x000002367479ceb0 Exception <a 'java/lang/NoSuchMethodError'{0x00000000eacbd900}: 'java.lang.Object java.lang.invoke.DirectMethodHandle$Holder.invokeSpecial(java.lang.Object, java.lang.Object, java.lang.Object, long, java.lang.Object)'> (0x00000000eacbd900) 
thrown [s\src\hotspot\share\interpreter\linkResolver.cpp, line 759]
Event: 6.930 Thread 0x000002367479ceb0 Exception <a 'java/lang/NoSuchMethodError'{0x00000000eacc5ab8}: 'java.lang.Object java.lang.invoke.DirectMethodHandle$Holder.newInvokeSpecial(java.lang.Object, java.lang.Object, java.lang.Object, long)'> (0x00000000eacc5ab8) 
thrown [s\src\hotspot\share\interpreter\linkResolver.cpp, line 759]
Event: 6.930 Thread 0x000002367479ceb0 Exception <a 'java/lang/NoSuchMethodError'{0x00000000eacca058}: 'java.lang.Object java.lang.invoke.DirectMethodHandle$Holder.invokeSpecial(java.lang.Object, java.lang.Object, java.lang.Object, java.lang.Object, long)'> (0x00000000eacca058) 
thrown [s\src\hotspot\share\interpreter\linkResolver.cpp, line 759]
Event: 6.951 Thread 0x000002367479ceb0 Exception <a 'java/lang/NoSuchMethodError'{0x00000000ead1c2b0}: 'int java.lang.invoke.DirectMethodHandle$Holder.invokeStaticInit(java.lang.Object, java.lang.Object, java.lang.Object)'> (0x00000000ead1c2b0) 
thrown [s\src\hotspot\share\interpreter\linkResolver.cpp, line 759]
Event: 7.002 Thread 0x000002367479ceb0 Exception <a 'java/lang/IncompatibleClassChangeError'{0x00000000eada3068}: Found class java.lang.Object, but interface was expected> (0x00000000eada3068) 
thrown [s\src\hotspot\share\interpreter\linkResolver.cpp, line 826]
Event: 7.012 Thread 0x000002367479ceb0 Exception <a 'java/lang/NoSuchMethodError'{0x00000000eadb50e8}: 'java.lang.Object java.lang.invoke.DirectMethodHandle$Holder.invokeSpecial(java.lang.Object, java.lang.Object, java.lang.Object, int, java.lang.Object, java.lang.Object)'> (0x00000000eadb50e8) 
thrown [s\src\hotspot\share\interpreter\linkResolver.cpp, line 759]
Event: 7.014 Thread 0x000002367479ceb0 Exception <a 'java/lang/NoSuchMethodError'{0x00000000eadbd870}: 'java.lang.Object java.lang.invoke.DirectMethodHandle$Holder.newInvokeSpecial(java.lang.Object, java.lang.Object, java.lang.Object, int, java.lang.Object)'> (0x00000000eadbd870) 
thrown [s\src\hotspot\share\interpreter\linkResolver.cpp, line 759]
Event: 7.015 Thread 0x000002367479ceb0 Exception <a 'java/lang/NoSuchMethodError'{0x00000000eadc1cc8}: 'java.lang.Object java.lang.invoke.DirectMethodHandle$Holder.invokeSpecial(java.lang.Object, java.lang.Object, java.lang.Object, java.lang.Object, int, java.lang.Object)'> (0x00000000eadc1cc8) 
thrown [s\src\hotspot\share\interpreter\linkResolver.cpp, line 759]
Event: 7.017 Thread 0x0000023674807150 Exception <a 'java/lang/NoSuchMethodError'{0x00000000ead2bc58}: 'java.lang.Object java.lang.invoke.DirectMethodHandle$Holder.invokeSpecial(java.lang.Object, java.lang.Object, int, java.lang.Object, java.lang.Object)'> (0x00000000ead2bc58) 
thrown [s\src\hotspot\share\interpreter\linkResolver.cpp, line 759]
Event: 7.019 Thread 0x0000023674807150 Exception <a 'java/lang/NoSuchMethodError'{0x00000000ead33328}: 'java.lang.Object java.lang.invoke.DirectMethodHandle$Holder.newInvokeSpecial(java.lang.Object, java.lang.Object, int, java.lang.Object)'> (0x00000000ead33328) 
thrown [s\src\hotspot\share\interpreter\linkResolver.cpp, line 759]
Event: 7.020 Thread 0x0000023674807150 Exception <a 'java/lang/NoSuchMethodError'{0x00000000ead36e38}: 'java.lang.Object java.lang.invoke.DirectMethodHandle$Holder.invokeSpecial(java.lang.Object, java.lang.Object, java.lang.Object, int, java.lang.Object)'> (0x00000000ead36e38) 
thrown [s\src\hotspot\share\interpreter\linkResolver.cpp, line 759]
Event: 7.159 Thread 0x0000023674807150 Exception <a 'java/io/FileNotFoundException'{0x00000000eabbe060}> (0x00000000eabbe060) 
thrown [s\src\hotspot\share\prims\jni.cpp, line 516]

VM Operations (20 events):
Event: 5.058 Executing VM operation: Cleanup
Event: 5.059 Executing VM operation: Cleanup done
Event: 5.100 Executing VM operation: HandshakeAllThreads
Event: 5.100 Executing VM operation: HandshakeAllThreads done
Event: 5.291 Executing VM operation: ParallelGCFailedAllocation
Event: 5.301 Executing VM operation: ParallelGCFailedAllocation done
Event: 5.845 Executing VM operation: HandshakeAllThreads
Event: 5.845 Executing VM operation: HandshakeAllThreads done
Event: 6.010 Executing VM operation: HandshakeAllThreads
Event: 6.010 Executing VM operation: HandshakeAllThreads done
Event: 6.017 Executing VM operation: HandshakeAllThreads
Event: 6.017 Executing VM operation: HandshakeAllThreads done
Event: 6.274 Executing VM operation: HandshakeAllThreads
Event: 6.274 Executing VM operation: HandshakeAllThreads done
Event: 6.793 Executing VM operation: ParallelGCFailedAllocation
Event: 6.807 Executing VM operation: ParallelGCFailedAllocation done
Event: 7.064 Executing VM operation: HandshakeAllThreads
Event: 7.064 Executing VM operation: HandshakeAllThreads done
Event: 7.072 Executing VM operation: CollectForMetadataAllocation
Event: 7.145 Executing VM operation: CollectForMetadataAllocation done

Events (20 events):
Event: 7.365 loading class java/io/StringReader
Event: 7.366 loading class java/io/StringReader done
Event: 7.374 loading class java/util/zip/GZIPInputStream
Event: 7.374 loading class java/util/zip/GZIPInputStream done
Event: 7.376 loading class java/util/zip/GZIPOutputStream
Event: 7.377 loading class java/util/zip/DeflaterOutputStream
Event: 7.377 loading class java/util/zip/DeflaterOutputStream done
Event: 7.377 loading class java/util/zip/GZIPOutputStream done
Event: 7.383 loading class java/net/SocketTimeoutException
Event: 7.383 loading class java/io/InterruptedIOException
Event: 7.384 loading class java/io/InterruptedIOException done
Event: 7.384 loading class java/net/SocketTimeoutException done
Event: 7.384 loading class java/net/SocketException
Event: 7.384 loading class java/net/SocketException done
Event: 7.384 loading class java/net/UnknownHostException
Event: 7.384 loading class java/net/UnknownHostException done
Event: 7.384 loading class java/net/ProtocolException
Event: 7.384 loading class java/net/ProtocolException done
Event: 7.436 loading class java/io/FileWriter
Event: 7.436 loading class java/io/FileWriter done


Dynamic libraries:
0x00007ff7b83e0000 - 0x00007ff7b83ee000 	c:\Users\rohan\.vscode\extensions\redhat.java-1.16.0-win32-x64\jre\17.0.6-win32-x86_64\bin\java.exe
0x00007ffc71cb0000 - 0x00007ffc71ea8000 	C:\WINDOWS\SYSTEM32\ntdll.dll
0x00007ffc71b10000 - 0x00007ffc71bcd000 	C:\WINDOWS\System32\KERNEL32.DLL
0x00007ffc6f8a0000 - 0x00007ffc6fb96000 	C:\WINDOWS\System32\KERNELBASE.dll
0x00007ffc6f7a0000 - 0x00007ffc6f8a0000 	C:\WINDOWS\System32\ucrtbase.dll
0x00007ffc61010000 - 0x00007ffc61027000 	c:\Users\rohan\.vscode\extensions\redhat.java-1.16.0-win32-x64\jre\17.0.6-win32-x86_64\bin\jli.dll
0x00007ffc717d0000 - 0x00007ffc7196e000 	C:\WINDOWS\System32\USER32.dll
0x00007ffc6f6c0000 - 0x00007ffc6f6e2000 	C:\WINDOWS\System32\win32u.dll
0x00007ffc71130000 - 0x00007ffc7115c000 	C:\WINDOWS\System32\GDI32.dll
0x00007ffc6f4e0000 - 0x00007ffc6f5fa000 	C:\WINDOWS\System32\gdi32full.dll
0x00007ffc64670000 - 0x00007ffc6490a000 	C:\WINDOWS\WinSxS\amd64_microsoft.windows.common-controls_6595b64144ccf1df_6.0.19041.3636_none_60b6a03d71f818d5\COMCTL32.dll
0x00007ffc60860000 - 0x00007ffc60879000 	c:\Users\rohan\.vscode\extensions\redhat.java-1.16.0-win32-x64\jre\17.0.6-win32-x86_64\bin\VCRUNTIME140.dll
0x00007ffc6fc60000 - 0x00007ffc6fcfd000 	C:\WINDOWS\System32\msvcp_win.dll
0x00007ffc71bd0000 - 0x00007ffc71c6e000 	C:\WINDOWS\System32\msvcrt.dll
0x00007ffc705e0000 - 0x00007ffc70610000 	C:\WINDOWS\System32\IMM32.DLL
0x00007ffc69f80000 - 0x00007ffc69f8c000 	c:\Users\rohan\.vscode\extensions\redhat.java-1.16.0-win32-x64\jre\17.0.6-win32-x86_64\bin\vcruntime140_1.dll
0x00007ffc391a0000 - 0x00007ffc39231000 	c:\Users\rohan\.vscode\extensions\redhat.java-1.16.0-win32-x64\jre\17.0.6-win32-x86_64\bin\msvcp140.dll
0x00007ffc27a80000 - 0x00007ffc286c7000 	c:\Users\rohan\.vscode\extensions\redhat.java-1.16.0-win32-x64\jre\17.0.6-win32-x86_64\bin\server\jvm.dll
0x00007ffc71970000 - 0x00007ffc71a23000 	C:\WINDOWS\System32\ADVAPI32.dll
0x00007ffc712a0000 - 0x00007ffc7133f000 	C:\WINDOWS\System32\sechost.dll
0x00007ffc70450000 - 0x00007ffc70576000 	C:\WINDOWS\System32\RPCRT4.dll
0x00007ffc6f690000 - 0x00007ffc6f6b7000 	C:\WINDOWS\System32\bcrypt.dll
0x00007ffc68260000 - 0x00007ffc68269000 	C:\WINDOWS\SYSTEM32\WSOCK32.dll
0x00007ffc65d50000 - 0x00007ffc65d77000 	C:\WINDOWS\SYSTEM32\WINMM.dll
0x00007ffc707a0000 - 0x00007ffc7080b000 	C:\WINDOWS\System32\WS2_32.dll
0x00007ffc644b0000 - 0x00007ffc644ba000 	C:\WINDOWS\SYSTEM32\VERSION.dll
0x00007ffc6d230000 - 0x00007ffc6d242000 	C:\WINDOWS\SYSTEM32\kernel.appcore.dll
0x00007ffc65ee0000 - 0x00007ffc65eea000 	c:\Users\rohan\.vscode\extensions\redhat.java-1.16.0-win32-x64\jre\17.0.6-win32-x86_64\bin\jimage.dll
0x00007ffc59670000 - 0x00007ffc59854000 	C:\WINDOWS\SYSTEM32\DBGHELP.DLL
0x00007ffc59630000 - 0x00007ffc59664000 	C:\WINDOWS\SYSTEM32\dbgcore.DLL
0x00007ffc6f600000 - 0x00007ffc6f682000 	C:\WINDOWS\System32\bcryptPrimitives.dll
0x00007ffc65d80000 - 0x00007ffc65d8e000 	c:\Users\rohan\.vscode\extensions\redhat.java-1.16.0-win32-x64\jre\17.0.6-win32-x86_64\bin\instrument.dll
0x00007ffc598f0000 - 0x00007ffc59915000 	c:\Users\rohan\.vscode\extensions\redhat.java-1.16.0-win32-x64\jre\17.0.6-win32-x86_64\bin\java.dll
0x00007ffc5fbd0000 - 0x00007ffc5fbe8000 	c:\Users\rohan\.vscode\extensions\redhat.java-1.16.0-win32-x64\jre\17.0.6-win32-x86_64\bin\zip.dll
0x00007ffc6fd00000 - 0x00007ffc70445000 	C:\WINDOWS\System32\SHELL32.dll
0x00007ffc6d430000 - 0x00007ffc6dbcb000 	C:\WINDOWS\SYSTEM32\windows.storage.dll
0x00007ffc70810000 - 0x00007ffc70b64000 	C:\WINDOWS\System32\combase.dll
0x00007ffc6ece0000 - 0x00007ffc6ed0d000 	C:\WINDOWS\SYSTEM32\Wldp.dll
0x00007ffc711f0000 - 0x00007ffc7129d000 	C:\WINDOWS\System32\SHCORE.dll
0x00007ffc70b70000 - 0x00007ffc70bc5000 	C:\WINDOWS\System32\shlwapi.dll
0x00007ffc6f2b0000 - 0x00007ffc6f2d5000 	C:\WINDOWS\SYSTEM32\profapi.dll
0x00007ffc589e0000 - 0x00007ffc589f9000 	C:\Users\rohan\.vscode\extensions\redhat.java-1.16.0-win32-x64\jre\17.0.6-win32-x86_64\bin\net.dll
0x00007ffc67650000 - 0x00007ffc6775a000 	C:\WINDOWS\SYSTEM32\WINHTTP.dll
0x00007ffc6ea40000 - 0x00007ffc6eaaa000 	C:\WINDOWS\system32\mswsock.dll
0x00007ffc566a0000 - 0x00007ffc566b5000 	C:\Users\rohan\.vscode\extensions\redhat.java-1.16.0-win32-x64\jre\17.0.6-win32-x86_64\bin\nio.dll
0x00007ffc64bc0000 - 0x00007ffc64bd0000 	c:\Users\rohan\.vscode\extensions\redhat.java-1.16.0-win32-x64\jre\17.0.6-win32-x86_64\bin\verify.dll
0x00007ffc537c0000 - 0x00007ffc537fe000 	C:\Users\rohan\AppData\Roaming\Code\User\globalStorage\redhat.java\1.16.0\config_ss_win\org.eclipse.equinox.launcher\org.eclipse.equinox.launcher.win32.win32.x86_64_1.2.700.v20221108-1024\eclipse_11801.dll
0x00007ffc71340000 - 0x00007ffc7146b000 	C:\WINDOWS\System32\ole32.dll

dbghelp: loaded successfully - version: 4.0.5 - missing functions: none
symbol engine: initialized successfully - sym options: 0x614 - pdb path: .;c:\Users\rohan\.vscode\extensions\redhat.java-1.16.0-win32-x64\jre\17.0.6-win32-x86_64\bin;C:\WINDOWS\SYSTEM32;C:\WINDOWS\WinSxS\amd64_microsoft.windows.common-controls_6595b64144ccf1df_6.0.19041.3636_none_60b6a03d71f818d5;c:\Users\rohan\.vscode\extensions\redhat.java-1.16.0-win32-x64\jre\17.0.6-win32-x86_64\bin\server;C:\Users\rohan\AppData\Roaming\Code\User\globalStorage\redhat.java\1.16.0\config_ss_win\org.eclipse.equinox.launcher\org.eclipse.equinox.launcher.win32.win32.x86_64_1.2.700.v20221108-1024

VM Arguments:
jvm_args: --add-modules=ALL-SYSTEM --add-opens=java.base/java.util=ALL-UNNAMED --add-opens=java.base/java.lang=ALL-UNNAMED --add-opens=java.base/sun.nio.fs=ALL-UNNAMED -Declipse.application=org.eclipse.jdt.ls.core.id1 -Dosgi.bundles.defaultStartLevel=4 -Declipse.product=org.eclipse.jdt.ls.core.product -Djava.import.generatesMetadataFilesAtProjectRoot=false -Dfile.encoding=utf8 -XX:+UseParallelGC -XX:GCTimeRatio=4 -XX:AdaptiveSizePolicyWeight=90 -Dsun.zip.disableMemoryMapping=true -Xmx1G -Xms100m -Xlog:disable -javaagent:c:\Users\rohan\.vscode\extensions\redhat.java-1.16.0-win32-x64\lombok\lombok-1.18.24.jar 
java_command: c:\Users\rohan\.vscode\extensions\redhat.java-1.16.0-win32-x64\server\plugins\org.eclipse.equinox.launcher_1.6.400.v20210924-0641.jar -configuration c:\Users\rohan\AppData\Roaming\Code\User\globalStorage\redhat.java\1.16.0\config_ss_win -data c:\Users\rohan\AppData\Roaming\Code\User\workspaceStorage\90ccfc06a5fe7a8e58f607b98ccdc0f5\redhat.java\ss_ws
java_class_path (initial): c:\Users\rohan\.vscode\extensions\redhat.java-1.16.0-win32-x64\server\plugins\org.eclipse.equinox.launcher_1.6.400.v20210924-0641.jar
Launcher Type: SUN_STANDARD

[Global flags]
    uintx AdaptiveSizePolicyWeight                 = 90                                        {product} {command line}
     intx CICompilerCount                          = 3                                         {product} {ergonomic}
    uintx GCTimeRatio                              = 4                                         {product} {command line}
   size_t InitialHeapSize                          = 104857600                                 {product} {command line}
   size_t MaxHeapSize                              = 1073741824                                {product} {command line}
   size_t MaxNewSize                               = 357564416                                 {product} {ergonomic}
   size_t MinHeapDeltaBytes                        = 524288                                    {product} {ergonomic}
   size_t MinHeapSize                              = 104857600                                 {product} {command line}
   size_t NewSize                                  = 34603008                                  {product} {ergonomic}
    uintx NonNMethodCodeHeapSize                   = 5832780                                {pd product} {ergonomic}
    uintx NonProfiledCodeHeapSize                  = 122912730                              {pd product} {ergonomic}
   size_t OldSize                                  = 70254592                                  {product} {ergonomic}
    uintx ProfiledCodeHeapSize                     = 122912730                              {pd product} {ergonomic}
    uintx ReservedCodeCacheSize                    = 251658240                              {pd product} {ergonomic}
     bool SegmentedCodeCache                       = true                                      {product} {ergonomic}
   size_t SoftMaxHeapSize                          = 1073741824                             {manageable} {ergonomic}
     bool UseCompressedClassPointers               = true                           {product lp64_product} {ergonomic}
     bool UseCompressedOops                        = true                           {product lp64_product} {ergonomic}
     bool UseLargePagesIndividualAllocation        = false                                  {pd product} {ergonomic}
     bool UseParallelGC                            = true                                      {product} {command line}

Logging:
Log output configuration:
 #0: stdout all=off uptime,level,tags
 #1: stderr all=off uptime,level,tags

Environment Variables:
JAVA_HOME=C:\Users\rohan\AppData\Local\Programs\Eclipse Adoptium\jdk-17.0.10.7-hotspot\
PATH=C:\oraclexe\app\oracle\product\10.2.0\server\bin;C:\Program Files\Common Files\Oracle\Java\javapath;C:\New folder\Scripts\;C:\New folder\;C:\WINDOWS\system32;C:\WINDOWS;C:\WINDOWS\System32\Wbem;C:\WINDOWS\System32\WindowsPowerShell\v1.0\;C:\WINDOWS\System32\OpenSSH\;C:\Users\HARSHADA\Desktop\New folder\code blocks\CodeBlocks\MinGW\bin;C:\MinGW\bin;C:\MinGW\bin;C:\Program Files\Java\jdk-21\bin;C:\Program Files\nodejs\;C:\Program Files\Git\cmd;C:\Users\rohan\AppData\Local\Programs\Eclipse Adoptium\jdk-17.0.10.7-hotspot\bin;C:\Users\rohan\AppData\Local\Microsoft\WindowsApps;C:\MinGW\bin;C:\Users\rohan\AppData\Roaming\npm
USERNAME=rohan
OS=Windows_NT
PROCESSOR_IDENTIFIER=Intel64 Family 6 Model 69 Stepping 1, GenuineIntel
TMP=C:\TEMP
TEMP=C:\TEMP



---------------  S Y S T E M  ---------------

OS:
 Windows 10 , 64 bit Build 19041 (10.0.19041.3636)
OS uptime: 7 days 23:39 hours

CPU: total 4 (initial active 4) (2 cores per cpu, 2 threads per core) family 6 model 69 stepping 1 microcode 0x25, cx8, cmov, fxsr, ht, mmx, sse, sse2, sse3, ssse3, sse4.1, sse4.2, popcnt, lzcnt, tsc, tscinvbit, avx, avx2, aes, erms, clmul, bmi1, bmi2, fma, vzeroupper, clflush

Memory: 4k page, system-wide physical 4000M (299M free)
TotalPageFile size 7591M (AvailPageFile size 3M)
current process WorkingSet (physical memory assigned to process): 110M, peak: 110M
current process commit charge ("private bytes"): 205M, peak: 205M

vm_info: OpenJDK 64-Bit Server VM (17.0.6+10) for windows-amd64 JRE (17.0.6+10), built on Jan 18 2023 10:08:59 by "temurin" with MS VC++ 16.7 (VS2019)

END.
