#
# There is insufficient memory for the Java Runtime Environment to continue.
# Native memory allocation (malloc) failed to allocate 65552 bytes for Chunk::new
# Possible reasons:
#   The system is out of physical RAM or swap space
#   The process is running with CompressedOops enabled, and the Java Heap may be blocking the growth of the native heap
# Possible solutions:
#   Reduce memory load on the system
#   Increase physical memory or swap space
#   Check if swap backing store is full
#   Decrease Java heap size (-Xmx/-Xms)
#   Decrease number of Java threads
#   Decrease Java thread stack sizes (-Xss)
#   Set larger code cache with -XX:ReservedCodeCacheSize=
#   JVM is running with Unscaled Compressed Oops mode in which the Java heap is
#     placed in the first 4GB address space. The Java Heap base address is the
#     maximum limit for the native heap growth. Please use -XX:HeapBaseMinAddress
#     to set the Java Heap base and to place the Java Heap above 4GB virtual address.
# This output file may be truncated or incomplete.
#
#  Out of Memory Error (arena.cpp:189), pid=11728, tid=14296
#
# JRE version: OpenJDK Runtime Environment Temurin-17.0.6+10 (17.0.6+10) (build 17.0.6+10)
# Java VM: OpenJDK 64-Bit Server VM Temurin-17.0.6+10 (17.0.6+10, mixed mode, tiered, compressed oops, compressed class ptrs, parallel gc, windows-amd64)
# No core dump will be written. Minidumps are not enabled by default on client versions of Windows
#

---------------  S U M M A R Y ------------

Command Line: --add-modules=ALL-SYSTEM --add-opens=java.base/java.util=ALL-UNNAMED --add-opens=java.base/java.lang=ALL-UNNAMED --add-opens=java.base/sun.nio.fs=ALL-UNNAMED -Declipse.application=org.eclipse.jdt.ls.core.id1 -Dosgi.bundles.defaultStartLevel=4 -Declipse.product=org.eclipse.jdt.ls.core.product -Djava.import.generatesMetadataFilesAtProjectRoot=false -Dfile.encoding=utf8 -XX:+UseParallelGC -XX:GCTimeRatio=4 -XX:AdaptiveSizePolicyWeight=90 -Dsun.zip.disableMemoryMapping=true -Xmx1G -Xms100m -Xlog:disable -javaagent:c:\Users\rohan\.vscode\extensions\redhat.java-1.16.0-win32-x64\lombok\lombok-1.18.24.jar c:\Users\rohan\.vscode\extensions\redhat.java-1.16.0-win32-x64\server\plugins\org.eclipse.equinox.launcher_1.6.400.v20210924-0641.jar -configuration c:\Users\rohan\AppData\Roaming\Code\User\globalStorage\redhat.java\1.16.0\config_ss_win -data c:\Users\rohan\AppData\Roaming\Code\User\workspaceStorage\90ccfc06a5fe7a8e58f607b98ccdc0f5\redhat.java\ss_ws

Host: Intel(R) Core(TM) i3-4005U CPU @ 1.70GHz, 4 cores, 3G,  Windows 10 , 64 bit Build 19041 (10.0.19041.3636)
Time: Sun Apr 14 01:11:37 2024 India Standard Time elapsed time: 6.451903 seconds (0d 0h 0m 6s)

---------------  T H R E A D  ---------------

Current thread (0x000002887fc3c610):  JavaThread "C2 CompilerThread0" daemon [_thread_in_native, id=14296, stack(0x000000e39be00000,0x000000e39bf00000)]


Current CompileTask:
C2:   6452 2299       4       org.objectweb.asm.ClassReader::readMethod (1066 bytes)

Stack: [0x000000e39be00000,0x000000e39bf00000]
Native frames: (J=compiled Java code, j=interpreted, Vv=VM code, C=native code)
V  [jvm.dll+0x67741a]
V  [jvm.dll+0x834434]
V  [jvm.dll+0x835bde]
V  [jvm.dll+0x836243]
V  [jvm.dll+0x2457b5]
V  [jvm.dll+0xabafc]
V  [jvm.dll+0xac0cc]
V  [jvm.dll+0xabc0b]
V  [jvm.dll+0x6548cc]
V  [jvm.dll+0x57da9f]
V  [jvm.dll+0x220812]
V  [jvm.dll+0x219caf]
V  [jvm.dll+0x21790b]
V  [jvm.dll+0x1a3d0d]
V  [jvm.dll+0x22742a]
V  [jvm.dll+0x225565]
V  [jvm.dll+0x7ea2cb]
V  [jvm.dll+0x7e483a]
V  [jvm.dll+0x6762c5]
C  [ucrtbase.dll+0x21bb2]
C  [KERNEL32.DLL+0x17344]
C  [ntdll.dll+0x526b1]


---------------  P R O C E S S  ---------------

Threads class SMR info:
_java_thread_list=0x0000028811f0e1d0, length=20, elements={
0x0000028878e77c10, 0x0000028878f3db00, 0x000002887fc0f640, 0x000002887fc35160,
0x000002887fc35ee0, 0x000002887fc39450, 0x000002887fc3ba20, 0x000002887fc3c610,
0x000002887fc6e0f0, 0x0000028810602e20, 0x00000288106d13a0, 0x00000288108fd750,
0x000002881106d050, 0x0000028811db7f60, 0x0000028811db7010, 0x0000028811cab480,
0x0000028811ca43e0, 0x0000028811d95030, 0x0000028811e88740, 0x0000028811f91460
}

Java Threads: ( => current thread )
  0x0000028878e77c10 JavaThread "main" [_thread_blocked, id=4284, stack(0x000000e39b500000,0x000000e39b600000)]
  0x0000028878f3db00 JavaThread "Reference Handler" daemon [_thread_blocked, id=9468, stack(0x000000e39b800000,0x000000e39b900000)]
  0x000002887fc0f640 JavaThread "Finalizer" daemon [_thread_blocked, id=10008, stack(0x000000e39b900000,0x000000e39ba00000)]
  0x000002887fc35160 JavaThread "Signal Dispatcher" daemon [_thread_blocked, id=10736, stack(0x000000e39ba00000,0x000000e39bb00000)]
  0x000002887fc35ee0 JavaThread "Attach Listener" daemon [_thread_blocked, id=9516, stack(0x000000e39bb00000,0x000000e39bc00000)]
  0x000002887fc39450 JavaThread "Service Thread" daemon [_thread_blocked, id=4736, stack(0x000000e39bc00000,0x000000e39bd00000)]
  0x000002887fc3ba20 JavaThread "Monitor Deflation Thread" daemon [_thread_blocked, id=4872, stack(0x000000e39bd00000,0x000000e39be00000)]
=>0x000002887fc3c610 JavaThread "C2 CompilerThread0" daemon [_thread_in_native, id=14296, stack(0x000000e39be00000,0x000000e39bf00000)]
  0x000002887fc6e0f0 JavaThread "C1 CompilerThread0" daemon [_thread_blocked, id=7644, stack(0x000000e39bf00000,0x000000e39c000000)]
  0x0000028810602e20 JavaThread "Sweeper thread" daemon [_thread_blocked, id=4704, stack(0x000000e39c000000,0x000000e39c100000)]
  0x00000288106d13a0 JavaThread "Common-Cleaner" daemon [_thread_blocked, id=14116, stack(0x000000e39c100000,0x000000e39c200000)]
  0x00000288108fd750 JavaThread "Notification Thread" daemon [_thread_blocked, id=13772, stack(0x000000e39c200000,0x000000e39c300000)]
  0x000002881106d050 JavaThread "Active Thread: Equinox Container: dd7f62c9-e6f1-4e0a-a293-b3964246b80f" [_thread_blocked, id=8832, stack(0x000000e39c800000,0x000000e39c900000)]
  0x0000028811db7f60 JavaThread "Framework Event Dispatcher: Equinox Container: dd7f62c9-e6f1-4e0a-a293-b3964246b80f" daemon [_thread_blocked, id=6360, stack(0x000000e39c900000,0x000000e39ca00000)]
  0x0000028811db7010 JavaThread "Start Level: Equinox Container: dd7f62c9-e6f1-4e0a-a293-b3964246b80f" daemon [_thread_in_vm, id=9248, stack(0x000000e39ca00000,0x000000e39cb00000)]
  0x0000028811cab480 JavaThread "SCR Component Actor" daemon [_thread_blocked, id=13676, stack(0x000000e39cb00000,0x000000e39cc00000)]
  0x0000028811ca43e0 JavaThread "SCR Component Registry" daemon [_thread_blocked, id=2148, stack(0x000000e39c400000,0x000000e39c500000)]
  0x0000028811d95030 JavaThread "Worker-JM" [_thread_blocked, id=14244, stack(0x000000e39cc00000,0x000000e39cd00000)]
  0x0000028811e88740 JavaThread "Worker-0" [_thread_blocked, id=6816, stack(0x000000e39cd00000,0x000000e39ce00000)]
  0x0000028811f91460 JavaThread "Worker-1" [_thread_blocked, id=3316, stack(0x000000e39ce00000,0x000000e39cf00000)]

Other Threads:
  0x000002887fbfbf90 VMThread "VM Thread" [stack: 0x000000e39b700000,0x000000e39b800000] [id=7768]
  0x00000288108fdc20 WatcherThread [stack: 0x000000e39c300000,0x000000e39c400000] [id=11632]
  0x0000028878e90ea0 GCTaskThread "GC Thread#0" [stack: 0x000000e39b600000,0x000000e39b700000] [id=12348]
  0x0000028811c00080 GCTaskThread "GC Thread#1" [stack: 0x000000e39c500000,0x000000e39c600000] [id=2828]
  0x0000028811c00740 GCTaskThread "GC Thread#2" [stack: 0x000000e39c600000,0x000000e39c700000] [id=5888]
  0x0000028811c009f0 GCTaskThread "GC Thread#3" [stack: 0x000000e39c700000,0x000000e39c800000] [id=11164]

Threads with active compile tasks:
C2 CompilerThread0     6546 2299       4       org.objectweb.asm.ClassReader::readMethod (1066 bytes)

VM state: not at safepoint (normal execution)

VM Mutex/Monitor currently owned by a thread: None

Heap address: 0x00000000c0000000, size: 1024 MB, Compressed Oops mode: 32-bit

CDS archive(s) not mapped
Compressed class space mapped at: 0x0000000100000000-0x0000000140000000, reserved size: 1073741824
Narrow klass base: 0x0000000000000000, Narrow klass shift: 3, Narrow klass range: 0x140000000

GC Precious Log:
 CPUs: 4 total, 4 available
 Memory: 4000M
 Large Page Support: Disabled
 NUMA Support: Disabled
 Compressed Oops: Enabled (32-bit)
 Alignments: Space 512K, Generation 512K, Heap 2M
 Heap Min Capacity: 100M
 Heap Initial Capacity: 100M
 Heap Max Capacity: 1G
 Pre-touch: Disabled
 Parallel Workers: 4

Heap:
 PSYoungGen      total 25600K, used 11481K [0x00000000eab00000, 0x00000000ec880000, 0x0000000100000000)
  eden space 25088K, 44% used [0x00000000eab00000,0x00000000eb5d39d0,0x00000000ec380000)
  from space 512K, 77% used [0x00000000ec400000,0x00000000ec462b90,0x00000000ec480000)
  to   space 2048K, 0% used [0x00000000ec680000,0x00000000ec680000,0x00000000ec880000)
 ParOldGen       total 68608K, used 7246K [0x00000000c0000000, 0x00000000c4300000, 0x00000000eab00000)
  object space 68608K, 10% used [0x00000000c0000000,0x00000000c0713918,0x00000000c4300000)
 Metaspace       used 26397K, committed 26816K, reserved 1073152K
  class space    used 2540K, committed 2752K, reserved 1048576K

Card table byte_map: [0x000002887d500000,0x000002887d710000] _byte_map_base: 0x000002887cf00000

Marking Bits: (ParMarkBitMap*) 0x00007ffc28603e70
 Begin Bits: [0x000002887d870000, 0x000002887e870000)
 End Bits:   [0x000002887e870000, 0x000002887f870000)

Polling page: 0x0000028878d20000

Metaspace:

Usage:
  Non-class:     23.30 MB used.
      Class:      2.48 MB used.
       Both:     25.78 MB used.

Virtual space:
  Non-class space:       24.00 MB reserved,      23.50 MB ( 98%) committed,  3 nodes.
      Class space:        1.00 GB reserved,       2.69 MB ( <1%) committed,  1 nodes.
             Both:        1.02 GB reserved,      26.19 MB (  2%) committed. 

Chunk freelists:
   Non-Class:  80.00 KB
       Class:  1.37 MB
        Both:  1.45 MB

MaxMetaspaceSize: unlimited
CompressedClassSpaceSize: 1.00 GB
Initial GC threshold: 21.00 MB
Current GC threshold: 35.00 MB
CDS: off
MetaspaceReclaimPolicy: balanced
 - commit_granule_bytes: 65536.
 - commit_granule_words: 8192.
 - virtual_space_node_default_size: 1048576.
 - enlarge_chunks_in_place: 1.
 - new_chunks_are_fully_committed: 0.
 - uncommit_free_chunks: 1.
 - use_allocation_guard: 0.
 - handle_deallocations: 1.


Internal statistics:

num_allocs_failed_limit: 3.
num_arena_births: 198.
num_arena_deaths: 14.
num_vsnodes_births: 4.
num_vsnodes_deaths: 0.
num_space_committed: 419.
num_space_uncommitted: 0.
num_chunks_returned_to_freelist: 17.
num_chunks_taken_from_freelist: 878.
num_chunk_merges: 7.
num_chunk_splits: 606.
num_chunks_enlarged: 436.
num_purges: 2.
num_inconsistent_stats: 0.

CodeHeap 'non-profiled nmethods': size=120000Kb used=873Kb max_used=873Kb free=119126Kb
 bounds [0x0000028807ad0000, 0x0000028807d40000, 0x000002880f000000]
CodeHeap 'profiled nmethods': size=120000Kb used=4559Kb max_used=4559Kb free=115440Kb
 bounds [0x0000028800000000, 0x0000028800480000, 0x0000028807530000]
CodeHeap 'non-nmethods': size=5760Kb used=1230Kb max_used=1243Kb free=4529Kb
 bounds [0x0000028807530000, 0x00000288077a0000, 0x0000028807ad0000]
 total_blobs=2845 nmethods=2307 adapters=452
 compilation: enabled
              stopped_count=0, restarted_count=0
 full_count=0

Compilation events (20 events):
Event: 6.313 Thread 0x000002887fc6e0f0 nmethod 2297 0x0000028800466310 code [0x00000288004664c0, 0x0000028800466688]
Event: 6.313 Thread 0x000002887fc3c610 2298       4       org.objectweb.asm.MethodWriter::visitLabel (328 bytes)
Event: 6.325 Thread 0x000002887fc3c610 nmethod 2298 0x0000028807ba9e90 code [0x0000028807baa020, 0x0000028807baa3b8]
Event: 6.325 Thread 0x000002887fc3c610 2299       4       org.objectweb.asm.ClassReader::readMethod (1066 bytes)
Event: 6.342 Thread 0x000002887fc6e0f0 2300       3       org.objectweb.asm.SymbolTable::put (150 bytes)
Event: 6.344 Thread 0x000002887fc6e0f0 nmethod 2300 0x0000028800466790 code [0x0000028800466960, 0x0000028800467078]
Event: 6.350 Thread 0x000002887fc6e0f0 2302 %     3       org.objectweb.asm.ClassReader::<init> @ 110 (371 bytes)
Event: 6.358 Thread 0x000002887fc6e0f0 nmethod 2302% 0x0000028800467390 code [0x0000028800467680, 0x00000288004689d8]
Event: 6.359 Thread 0x000002887fc6e0f0 2303       3       org.objectweb.asm.SymbolTable::hash (14 bytes)
Event: 6.359 Thread 0x000002887fc6e0f0 nmethod 2303 0x0000028800468f90 code [0x0000028800469120, 0x0000028800469218]
Event: 6.371 Thread 0x000002887fc6e0f0 2304 %     3       org.objectweb.asm.SymbolTable::<init> @ 98 (536 bytes)
Event: 6.380 Thread 0x000002887fc6e0f0 nmethod 2304% 0x0000028800469290 code [0x0000028800469840, 0x000002880046c448]
Event: 6.381 Thread 0x000002887fc6e0f0 2305       3       java.util.Arrays$ArrayItr::next (36 bytes)
Event: 6.382 Thread 0x000002887fc6e0f0 nmethod 2305 0x000002880046d610 code [0x000002880046d7c0, 0x000002880046da08]
Event: 6.431 Thread 0x000002887fc6e0f0 2307       3       org.objectweb.asm.ClassReader::<init> (371 bytes)
Event: 6.433 Thread 0x000002887fc6e0f0 nmethod 2307 0x000002880046db10 code [0x000002880046dde0, 0x000002880046ef98]
Event: 6.433 Thread 0x000002887fc6e0f0 2308       3       org.objectweb.asm.SymbolTable::<init> (536 bytes)
Event: 6.440 Thread 0x000002887fc6e0f0 nmethod 2308 0x000002880046f510 code [0x000002880046faa0, 0x0000028800472408]
Event: 6.440 Thread 0x000002887fc6e0f0 2309       3       org.objectweb.asm.MethodVisitor::visitInsn (16 bytes)
Event: 6.441 Thread 0x000002887fc6e0f0 nmethod 2309 0x0000028800473510 code [0x00000288004736c0, 0x00000288004738c8]

GC Heap History (12 events):
Event: 2.399 GC heap before
{Heap before GC invocations=1 (full 0):
 PSYoungGen      total 29696K, used 25600K [0x00000000eab00000, 0x00000000ecc00000, 0x0000000100000000)
  eden space 25600K, 100% used [0x00000000eab00000,0x00000000ec400000,0x00000000ec400000)
  from space 4096K, 0% used [0x00000000ec800000,0x00000000ec800000,0x00000000ecc00000)
  to   space 4096K, 0% used [0x00000000ec400000,0x00000000ec400000,0x00000000ec800000)
 ParOldGen       total 68608K, used 0K [0x00000000c0000000, 0x00000000c4300000, 0x00000000eab00000)
  object space 68608K, 0% used [0x00000000c0000000,0x00000000c0000000,0x00000000c4300000)
 Metaspace       used 11125K, committed 11328K, reserved 1064960K
  class space    used 1108K, committed 1216K, reserved 1048576K
}
Event: 2.414 GC heap after
{Heap after GC invocations=1 (full 0):
 PSYoungGen      total 29696K, used 3281K [0x00000000eab00000, 0x00000000ecc00000, 0x0000000100000000)
  eden space 25600K, 0% used [0x00000000eab00000,0x00000000eab00000,0x00000000ec400000)
  from space 4096K, 80% used [0x00000000ec400000,0x00000000ec734680,0x00000000ec800000)
  to   space 4096K, 0% used [0x00000000ec800000,0x00000000ec800000,0x00000000ecc00000)
 ParOldGen       total 68608K, used 8K [0x00000000c0000000, 0x00000000c4300000, 0x00000000eab00000)
  object space 68608K, 0% used [0x00000000c0000000,0x00000000c0002000,0x00000000c4300000)
 Metaspace       used 11125K, committed 11328K, reserved 1064960K
  class space    used 1108K, committed 1216K, reserved 1048576K
}
Event: 3.974 GC heap before
{Heap before GC invocations=2 (full 0):
 PSYoungGen      total 29696K, used 28881K [0x00000000eab00000, 0x00000000ecc00000, 0x0000000100000000)
  eden space 25600K, 100% used [0x00000000eab00000,0x00000000ec400000,0x00000000ec400000)
  from space 4096K, 80% used [0x00000000ec400000,0x00000000ec734680,0x00000000ec800000)
  to   space 4096K, 0% used [0x00000000ec800000,0x00000000ec800000,0x00000000ecc00000)
 ParOldGen       total 68608K, used 8K [0x00000000c0000000, 0x00000000c4300000, 0x00000000eab00000)
  object space 68608K, 0% used [0x00000000c0000000,0x00000000c0002000,0x00000000c4300000)
 Metaspace       used 15413K, committed 15744K, reserved 1064960K
  class space    used 1569K, committed 1728K, reserved 1048576K
}
Event: 3.985 GC heap after
{Heap after GC invocations=2 (full 0):
 PSYoungGen      total 29696K, used 4093K [0x00000000eab00000, 0x00000000ecc00000, 0x0000000100000000)
  eden space 25600K, 0% used [0x00000000eab00000,0x00000000eab00000,0x00000000ec400000)
  from space 4096K, 99% used [0x00000000ec800000,0x00000000ecbff718,0x00000000ecc00000)
  to   space 4096K, 0% used [0x00000000ec400000,0x00000000ec400000,0x00000000ec800000)
 ParOldGen       total 68608K, used 804K [0x00000000c0000000, 0x00000000c4300000, 0x00000000eab00000)
  object space 68608K, 1% used [0x00000000c0000000,0x00000000c00c9370,0x00000000c4300000)
 Metaspace       used 15413K, committed 15744K, reserved 1064960K
  class space    used 1569K, committed 1728K, reserved 1048576K
}
Event: 5.192 GC heap before
{Heap before GC invocations=3 (full 0):
 PSYoungGen      total 29696K, used 29693K [0x00000000eab00000, 0x00000000ecc00000, 0x0000000100000000)
  eden space 25600K, 100% used [0x00000000eab00000,0x00000000ec400000,0x00000000ec400000)
  from space 4096K, 99% used [0x00000000ec800000,0x00000000ecbff718,0x00000000ecc00000)
  to   space 4096K, 0% used [0x00000000ec400000,0x00000000ec400000,0x00000000ec800000)
 ParOldGen       total 68608K, used 804K [0x00000000c0000000, 0x00000000c4300000, 0x00000000eab00000)
  object space 68608K, 1% used [0x00000000c0000000,0x00000000c00c9370,0x00000000c4300000)
 Metaspace       used 20443K, committed 20928K, reserved 1073152K
  class space    used 2072K, committed 2304K, reserved 1048576K
}
Event: 5.203 GC heap after
{Heap after GC invocations=3 (full 0):
 PSYoungGen      total 29696K, used 4065K [0x00000000eab00000, 0x00000000ecc00000, 0x0000000100000000)
  eden space 25600K, 0% used [0x00000000eab00000,0x00000000eab00000,0x00000000ec400000)
  from space 4096K, 99% used [0x00000000ec400000,0x00000000ec7f8450,0x00000000ec800000)
  to   space 4096K, 0% used [0x00000000ec800000,0x00000000ec800000,0x00000000ecc00000)
 ParOldGen       total 68608K, used 3154K [0x00000000c0000000, 0x00000000c4300000, 0x00000000eab00000)
  object space 68608K, 4% used [0x00000000c0000000,0x00000000c0314800,0x00000000c4300000)
 Metaspace       used 20443K, committed 20928K, reserved 1073152K
  class space    used 2072K, committed 2304K, reserved 1048576K
}
Event: 5.435 GC heap before
{Heap before GC invocations=4 (full 0):
 PSYoungGen      total 29696K, used 8000K [0x00000000eab00000, 0x00000000ecc00000, 0x0000000100000000)
  eden space 25600K, 15% used [0x00000000eab00000,0x00000000eaed7c60,0x00000000ec400000)
  from space 4096K, 99% used [0x00000000ec400000,0x00000000ec7f8450,0x00000000ec800000)
  to   space 4096K, 0% used [0x00000000ec800000,0x00000000ec800000,0x00000000ecc00000)
 ParOldGen       total 68608K, used 3154K [0x00000000c0000000, 0x00000000c4300000, 0x00000000eab00000)
  object space 68608K, 4% used [0x00000000c0000000,0x00000000c0314800,0x00000000c4300000)
 Metaspace       used 21052K, committed 21504K, reserved 1073152K
  class space    used 2140K, committed 2368K, reserved 1048576K
}
Event: 5.442 GC heap after
{Heap after GC invocations=4 (full 0):
 PSYoungGen      total 29696K, used 4076K [0x00000000eab00000, 0x00000000ecc00000, 0x0000000100000000)
  eden space 25600K, 0% used [0x00000000eab00000,0x00000000eab00000,0x00000000ec400000)
  from space 4096K, 99% used [0x00000000ec800000,0x00000000ecbfb240,0x00000000ecc00000)
  to   space 4096K, 0% used [0x00000000ec400000,0x00000000ec400000,0x00000000ec800000)
 ParOldGen       total 68608K, used 3314K [0x00000000c0000000, 0x00000000c4300000, 0x00000000eab00000)
  object space 68608K, 4% used [0x00000000c0000000,0x00000000c033c800,0x00000000c4300000)
 Metaspace       used 21052K, committed 21504K, reserved 1073152K
  class space    used 2140K, committed 2368K, reserved 1048576K
}
Event: 5.442 GC heap before
{Heap before GC invocations=5 (full 1):
 PSYoungGen      total 29696K, used 4076K [0x00000000eab00000, 0x00000000ecc00000, 0x0000000100000000)
  eden space 25600K, 0% used [0x00000000eab00000,0x00000000eab00000,0x00000000ec400000)
  from space 4096K, 99% used [0x00000000ec800000,0x00000000ecbfb240,0x00000000ecc00000)
  to   space 4096K, 0% used [0x00000000ec400000,0x00000000ec400000,0x00000000ec800000)
 ParOldGen       total 68608K, used 3314K [0x00000000c0000000, 0x00000000c4300000, 0x00000000eab00000)
  object space 68608K, 4% used [0x00000000c0000000,0x00000000c033c800,0x00000000c4300000)
 Metaspace       used 21052K, committed 21504K, reserved 1073152K
  class space    used 2140K, committed 2368K, reserved 1048576K
}
Event: 5.493 GC heap after
{Heap after GC invocations=5 (full 1):
 PSYoungGen      total 29696K, used 0K [0x00000000eab00000, 0x00000000ecc00000, 0x0000000100000000)
  eden space 25600K, 0% used [0x00000000eab00000,0x00000000eab00000,0x00000000ec400000)
  from space 4096K, 0% used [0x00000000ec800000,0x00000000ec800000,0x00000000ecc00000)
  to   space 4096K, 0% used [0x00000000ec400000,0x00000000ec400000,0x00000000ec800000)
 ParOldGen       total 68608K, used 7238K [0x00000000c0000000, 0x00000000c4300000, 0x00000000eab00000)
  object space 68608K, 10% used [0x00000000c0000000,0x00000000c0711918,0x00000000c4300000)
 Metaspace       used 21039K, committed 21504K, reserved 1073152K
  class space    used 2136K, committed 2368K, reserved 1048576K
}
Event: 6.161 GC heap before
{Heap before GC invocations=6 (full 1):
 PSYoungGen      total 29696K, used 25600K [0x00000000eab00000, 0x00000000ecc00000, 0x0000000100000000)
  eden space 25600K, 100% used [0x00000000eab00000,0x00000000ec400000,0x00000000ec400000)
  from space 4096K, 0% used [0x00000000ec800000,0x00000000ec800000,0x00000000ecc00000)
  to   space 4096K, 0% used [0x00000000ec400000,0x00000000ec400000,0x00000000ec800000)
 ParOldGen       total 68608K, used 7238K [0x00000000c0000000, 0x00000000c4300000, 0x00000000eab00000)
  object space 68608K, 10% used [0x00000000c0000000,0x00000000c0711918,0x00000000c4300000)
 Metaspace       used 24634K, committed 25024K, reserved 1073152K
  class space    used 2408K, committed 2560K, reserved 1048576K
}
Event: 6.163 GC heap after
{Heap after GC invocations=6 (full 1):
 PSYoungGen      total 25600K, used 394K [0x00000000eab00000, 0x00000000ec880000, 0x0000000100000000)
  eden space 25088K, 0% used [0x00000000eab00000,0x00000000eab00000,0x00000000ec380000)
  from space 512K, 77% used [0x00000000ec400000,0x00000000ec462b90,0x00000000ec480000)
  to   space 2048K, 0% used [0x00000000ec680000,0x00000000ec680000,0x00000000ec880000)
 ParOldGen       total 68608K, used 7246K [0x00000000c0000000, 0x00000000c4300000, 0x00000000eab00000)
  object space 68608K, 10% used [0x00000000c0000000,0x00000000c0713918,0x00000000c4300000)
 Metaspace       used 24634K, committed 25024K, reserved 1073152K
  class space    used 2408K, committed 2560K, reserved 1048576K
}

Dll operation events (9 events):
Event: 0.021 Loaded shared library c:\Users\rohan\.vscode\extensions\redhat.java-1.16.0-win32-x64\jre\17.0.6-win32-x86_64\bin\java.dll
Event: 0.366 Loaded shared library c:\Users\rohan\.vscode\extensions\redhat.java-1.16.0-win32-x64\jre\17.0.6-win32-x86_64\bin\zip.dll
Event: 0.373 Loaded shared library C:\Users\rohan\.vscode\extensions\redhat.java-1.16.0-win32-x64\jre\17.0.6-win32-x86_64\bin\instrument.dll
Event: 0.406 Loaded shared library C:\Users\rohan\.vscode\extensions\redhat.java-1.16.0-win32-x64\jre\17.0.6-win32-x86_64\bin\net.dll
Event: 0.412 Loaded shared library C:\Users\rohan\.vscode\extensions\redhat.java-1.16.0-win32-x64\jre\17.0.6-win32-x86_64\bin\nio.dll
Event: 0.436 Loaded shared library C:\Users\rohan\.vscode\extensions\redhat.java-1.16.0-win32-x64\jre\17.0.6-win32-x86_64\bin\zip.dll
Event: 0.472 Loaded shared library C:\Users\rohan\.vscode\extensions\redhat.java-1.16.0-win32-x64\jre\17.0.6-win32-x86_64\bin\jimage.dll
Event: 0.604 Loaded shared library c:\Users\rohan\.vscode\extensions\redhat.java-1.16.0-win32-x64\jre\17.0.6-win32-x86_64\bin\verify.dll
Event: 3.596 Loaded shared library C:\Users\rohan\AppData\Roaming\Code\User\globalStorage\redhat.java\1.16.0\config_ss_win\org.eclipse.equinox.launcher\org.eclipse.equinox.launcher.win32.win32.x86_64_1.2.700.v20221108-1024\eclipse_11801.dll

Deoptimization events (20 events):
Event: 4.568 Thread 0x0000028811db7010 Uncommon trap: trap_request=0xffffff45 fr.pc=0x0000028807b0785c relative=0x000000000000033c
Event: 4.568 Thread 0x0000028811db7010 Uncommon trap: reason=unstable_if action=reinterpret pc=0x0000028807b0785c method=java.lang.AbstractStringBuilder.isLatin1()Z @ 10 c2
Event: 4.568 Thread 0x0000028811db7010 DEOPT PACKING pc=0x0000028807b0785c sp=0x000000e39caf4060
Event: 4.568 Thread 0x0000028811db7010 DEOPT UNPACKING pc=0x00000288075866a3 sp=0x000000e39caf3fe0 mode 2
Event: 4.568 Thread 0x0000028811db7010 Uncommon trap: trap_request=0xffffff45 fr.pc=0x0000028807b561dc relative=0x000000000000005c
Event: 4.568 Thread 0x0000028811db7010 Uncommon trap: reason=unstable_if action=reinterpret pc=0x0000028807b561dc method=java.lang.AbstractStringBuilder.isLatin1()Z @ 10 c2
Event: 4.568 Thread 0x0000028811db7010 DEOPT PACKING pc=0x0000028807b561dc sp=0x000000e39caf4040
Event: 4.568 Thread 0x0000028811db7010 DEOPT UNPACKING pc=0x00000288075866a3 sp=0x000000e39caf3fd0 mode 2
Event: 4.581 Thread 0x0000028811db7010 Uncommon trap: trap_request=0xffffff45 fr.pc=0x0000028807af34c8 relative=0x0000000000000048
Event: 4.581 Thread 0x0000028811db7010 Uncommon trap: reason=unstable_if action=reinterpret pc=0x0000028807af34c8 method=java.lang.CharacterData.of(I)Ljava/lang/CharacterData; @ 4 c2
Event: 4.581 Thread 0x0000028811db7010 DEOPT PACKING pc=0x0000028807af34c8 sp=0x000000e39caf3810
Event: 4.581 Thread 0x0000028811db7010 DEOPT UNPACKING pc=0x00000288075866a3 sp=0x000000e39caf37a8 mode 2
Event: 4.804 Thread 0x0000028811db7010 Uncommon trap: trap_request=0xffffff45 fr.pc=0x0000028807b00138 relative=0x0000000000000b98
Event: 4.804 Thread 0x0000028811db7010 Uncommon trap: reason=unstable_if action=reinterpret pc=0x0000028807b00138 method=lombok.patcher.PatchScript.classMatches(Ljava/lang/String;Ljava/util/Collection;)Z @ 25 c2
Event: 4.804 Thread 0x0000028811db7010 DEOPT PACKING pc=0x0000028807b00138 sp=0x000000e39caf2370
Event: 4.804 Thread 0x0000028811db7010 DEOPT UNPACKING pc=0x00000288075866a3 sp=0x000000e39caf2330 mode 2
Event: 5.262 Thread 0x0000028811db7010 Uncommon trap: trap_request=0xffffff45 fr.pc=0x0000028807b56dc0 relative=0x0000000000000040
Event: 5.262 Thread 0x0000028811db7010 Uncommon trap: reason=unstable_if action=reinterpret pc=0x0000028807b56dc0 method=sun.nio.fs.WindowsPathParser.isSlash(C)Z @ 9 c2
Event: 5.262 Thread 0x0000028811db7010 DEOPT PACKING pc=0x0000028807b56dc0 sp=0x000000e39caf47d0
Event: 5.262 Thread 0x0000028811db7010 DEOPT UNPACKING pc=0x00000288075866a3 sp=0x000000e39caf4758 mode 2

Classes unloaded (7 events):
Event: 5.451 Thread 0x000002887fbfbf90 Unloading class 0x000000010021a400 'java/lang/invoke/LambdaForm$MH+0x000000010021a400'
Event: 5.451 Thread 0x000002887fbfbf90 Unloading class 0x000000010021a000 'java/lang/invoke/LambdaForm$MH+0x000000010021a000'
Event: 5.451 Thread 0x000002887fbfbf90 Unloading class 0x0000000100219c00 'java/lang/invoke/LambdaForm$MH+0x0000000100219c00'
Event: 5.451 Thread 0x000002887fbfbf90 Unloading class 0x0000000100219400 'java/lang/invoke/LambdaForm$MH+0x0000000100219400'
Event: 5.451 Thread 0x000002887fbfbf90 Unloading class 0x0000000100219000 'java/lang/invoke/LambdaForm$BMH+0x0000000100219000'
Event: 5.451 Thread 0x000002887fbfbf90 Unloading class 0x0000000100218c00 'java/lang/invoke/LambdaForm$DMH+0x0000000100218c00'
Event: 5.451 Thread 0x000002887fbfbf90 Unloading class 0x0000000100216000 'java/lang/invoke/LambdaForm$DMH+0x0000000100216000'

Classes redefined (0 events):
No events

Internal exceptions (20 events):
Event: 4.841 Thread 0x0000028811db7010 Exception <a 'java/lang/NoSuchMethodError'{0x00000000ebe866e0}: 'void java.lang.invoke.DelegatingMethodHandle$Holder.delegate(java.lang.Object, java.lang.Object, int, java.lang.Object)'> (0x00000000ebe866e0) 
thrown [s\src\hotspot\share\interpreter\linkResolver.cpp, line 759]
Event: 4.842 Thread 0x0000028811db7010 Exception <a 'java/lang/NoSuchMethodError'{0x00000000ebe8ad70}: 'int java.lang.invoke.DirectMethodHandle$Holder.invokeSpecial(java.lang.Object, java.lang.Object, java.lang.Object)'> (0x00000000ebe8ad70) 
thrown [s\src\hotspot\share\interpreter\linkResolver.cpp, line 759]
Event: 4.845 Thread 0x0000028811db7010 Exception <a 'java/lang/NoSuchMethodError'{0x00000000ebe9c380}: 'int java.lang.invoke.DirectMethodHandle$Holder.invokeStatic(java.lang.Object, java.lang.Object, int)'> (0x00000000ebe9c380) 
thrown [s\src\hotspot\share\interpreter\linkResolver.cpp, line 759]
Event: 4.846 Thread 0x0000028811db7010 Exception <a 'java/lang/NoSuchMethodError'{0x00000000ebea0d30}: 'int java.lang.invoke.DirectMethodHandle$Holder.invokeSpecial(java.lang.Object, java.lang.Object, java.lang.Object, int)'> (0x00000000ebea0d30) 
thrown [s\src\hotspot\share\interpreter\linkResolver.cpp, line 759]
Event: 4.850 Thread 0x0000028811db7010 Exception <a 'java/lang/NoSuchMethodError'{0x00000000ebebcaf0}: 'java.lang.Object java.lang.invoke.DirectMethodHandle$Holder.invokeStatic(java.lang.Object, java.lang.Object, java.lang.Object, java.lang.Object, int)'> (0x00000000ebebcaf0) 
thrown [s\src\hotspot\share\interpreter\linkResolver.cpp, line 759]
Event: 4.853 Thread 0x0000028811db7010 Exception <a 'java/lang/NoSuchMethodError'{0x00000000ebec8ae8}: 'java.lang.Object java.lang.invoke.DelegatingMethodHandle$Holder.reinvoke_L(java.lang.Object, java.lang.Object, java.lang.Object, java.lang.Object, int, int)'> (0x00000000ebec8ae8) 
thrown [s\src\hotspot\share\interpreter\linkResolver.cpp, line 759]
Event: 4.858 Thread 0x0000028811db7010 Exception <a 'java/lang/NoSuchMethodError'{0x00000000ebee0da8}: 'java.lang.Object java.lang.invoke.Invokers$Holder.invokeExact_MT(java.lang.Object, java.lang.Object, java.lang.Object, java.lang.Object)'> (0x00000000ebee0da8) 
thrown [s\src\hotspot\share\interpreter\linkResolver.cpp, line 759]
Event: 5.146 Thread 0x0000028811db7010 Exception <a 'java/lang/NoSuchMethodError'{0x00000000ec32be30}: 'java.lang.Object java.lang.invoke.DirectMethodHandle$Holder.newInvokeSpecial(java.lang.Object, java.lang.Object, java.lang.Object, java.lang.Object, java.lang.Object)'> (0x00000000ec32be30) 
thrown [s\src\hotspot\share\interpreter\linkResolver.cpp, line 759]
Event: 5.382 Thread 0x0000028811db7010 Exception <a 'java/lang/NoSuchMethodError'{0x00000000eadb0bf0}: 'java.lang.Object java.lang.invoke.DirectMethodHandle$Holder.invokeSpecial(java.lang.Object, java.lang.Object, java.lang.Object, long, java.lang.Object)'> (0x00000000eadb0bf0) 
thrown [s\src\hotspot\share\interpreter\linkResolver.cpp, line 759]
Event: 5.383 Thread 0x0000028811db7010 Exception <a 'java/lang/NoSuchMethodError'{0x00000000eadb8da8}: 'java.lang.Object java.lang.invoke.DirectMethodHandle$Holder.newInvokeSpecial(java.lang.Object, java.lang.Object, java.lang.Object, long)'> (0x00000000eadb8da8) 
thrown [s\src\hotspot\share\interpreter\linkResolver.cpp, line 759]
Event: 5.384 Thread 0x0000028811db7010 Exception <a 'java/lang/NoSuchMethodError'{0x00000000eadbd348}: 'java.lang.Object java.lang.invoke.DirectMethodHandle$Holder.invokeSpecial(java.lang.Object, java.lang.Object, java.lang.Object, java.lang.Object, long)'> (0x00000000eadbd348) 
thrown [s\src\hotspot\share\interpreter\linkResolver.cpp, line 759]
Event: 5.403 Thread 0x0000028811db7010 Exception <a 'java/lang/NoSuchMethodError'{0x00000000eae0f5e0}: 'int java.lang.invoke.DirectMethodHandle$Holder.invokeStaticInit(java.lang.Object, java.lang.Object, java.lang.Object)'> (0x00000000eae0f5e0) 
thrown [s\src\hotspot\share\interpreter\linkResolver.cpp, line 759]
Event: 5.416 Thread 0x0000028811db7010 Exception <a 'java/lang/IncompatibleClassChangeError'{0x00000000eae963a8}: Found class java.lang.Object, but interface was expected> (0x00000000eae963a8) 
thrown [s\src\hotspot\share\interpreter\linkResolver.cpp, line 826]
Event: 5.426 Thread 0x0000028811db7010 Exception <a 'java/lang/NoSuchMethodError'{0x00000000eaea86d0}: 'java.lang.Object java.lang.invoke.DirectMethodHandle$Holder.invokeSpecial(java.lang.Object, java.lang.Object, java.lang.Object, int, java.lang.Object, java.lang.Object)'> (0x00000000eaea86d0) 
thrown [s\src\hotspot\share\interpreter\linkResolver.cpp, line 759]
Event: 5.428 Thread 0x0000028811db7010 Exception <a 'java/lang/NoSuchMethodError'{0x00000000eaeb0e58}: 'java.lang.Object java.lang.invoke.DirectMethodHandle$Holder.newInvokeSpecial(java.lang.Object, java.lang.Object, java.lang.Object, int, java.lang.Object)'> (0x00000000eaeb0e58) 
thrown [s\src\hotspot\share\interpreter\linkResolver.cpp, line 759]
Event: 5.429 Thread 0x0000028811db7010 Exception <a 'java/lang/NoSuchMethodError'{0x00000000eaeb52b0}: 'java.lang.Object java.lang.invoke.DirectMethodHandle$Holder.invokeSpecial(java.lang.Object, java.lang.Object, java.lang.Object, java.lang.Object, int, java.lang.Object)'> (0x00000000eaeb52b0) 
thrown [s\src\hotspot\share\interpreter\linkResolver.cpp, line 759]
Event: 5.430 Thread 0x0000028811e88740 Exception <a 'java/lang/NoSuchMethodError'{0x00000000eae1c9d8}: 'java.lang.Object java.lang.invoke.DirectMethodHandle$Holder.invokeSpecial(java.lang.Object, java.lang.Object, int, java.lang.Object, java.lang.Object)'> (0x00000000eae1c9d8) 
thrown [s\src\hotspot\share\interpreter\linkResolver.cpp, line 759]
Event: 5.432 Thread 0x0000028811e88740 Exception <a 'java/lang/NoSuchMethodError'{0x00000000eae240a8}: 'java.lang.Object java.lang.invoke.DirectMethodHandle$Holder.newInvokeSpecial(java.lang.Object, java.lang.Object, int, java.lang.Object)'> (0x00000000eae240a8) 
thrown [s\src\hotspot\share\interpreter\linkResolver.cpp, line 759]
Event: 5.432 Thread 0x0000028811e88740 Exception <a 'java/lang/NoSuchMethodError'{0x00000000eae27bb8}: 'java.lang.Object java.lang.invoke.DirectMethodHandle$Holder.invokeSpecial(java.lang.Object, java.lang.Object, java.lang.Object, int, java.lang.Object)'> (0x00000000eae27bb8) 
thrown [s\src\hotspot\share\interpreter\linkResolver.cpp, line 759]
Event: 5.547 Thread 0x0000028811e88740 Exception <a 'java/io/FileNotFoundException'{0x00000000eab15570}> (0x00000000eab15570) 
thrown [s\src\hotspot\share\prims\jni.cpp, line 516]

VM Operations (20 events):
Event: 3.796 Executing VM operation: Cleanup
Event: 3.796 Executing VM operation: Cleanup done
Event: 3.974 Executing VM operation: ParallelGCFailedAllocation
Event: 3.985 Executing VM operation: ParallelGCFailedAllocation done
Event: 4.463 Executing VM operation: HandshakeAllThreads
Event: 4.463 Executing VM operation: HandshakeAllThreads done
Event: 4.583 Executing VM operation: HandshakeAllThreads
Event: 4.583 Executing VM operation: HandshakeAllThreads done
Event: 4.592 Executing VM operation: HandshakeAllThreads
Event: 4.592 Executing VM operation: HandshakeAllThreads done
Event: 4.838 Executing VM operation: HandshakeAllThreads
Event: 4.838 Executing VM operation: HandshakeAllThreads done
Event: 5.192 Executing VM operation: ParallelGCFailedAllocation
Event: 5.203 Executing VM operation: ParallelGCFailedAllocation done
Event: 5.434 Executing VM operation: CollectForMetadataAllocation
Event: 5.494 Executing VM operation: CollectForMetadataAllocation done
Event: 5.524 Executing VM operation: HandshakeAllThreads
Event: 5.524 Executing VM operation: HandshakeAllThreads done
Event: 6.161 Executing VM operation: ParallelGCFailedAllocation
Event: 6.163 Executing VM operation: ParallelGCFailedAllocation done

Events (20 events):
Event: 5.578 loading class java/util/zip/DeflaterOutputStream done
Event: 5.578 loading class java/util/zip/GZIPOutputStream done
Event: 5.585 loading class java/util/zip/GZIPInputStream
Event: 5.585 loading class java/util/zip/GZIPInputStream done
Event: 5.615 loading class java/io/StringReader
Event: 5.615 loading class java/io/StringReader done
Event: 5.629 loading class java/net/SocketTimeoutException
Event: 5.630 loading class java/io/InterruptedIOException
Event: 5.630 loading class java/io/InterruptedIOException done
Event: 5.630 loading class java/net/SocketTimeoutException done
Event: 5.630 loading class java/net/SocketException
Event: 5.630 loading class java/net/SocketException done
Event: 5.630 loading class java/net/UnknownHostException
Event: 5.630 loading class java/net/UnknownHostException done
Event: 5.630 loading class java/net/ProtocolException
Event: 5.631 loading class java/net/ProtocolException done
Event: 5.681 loading class java/io/FileWriter
Event: 5.681 loading class java/io/FileWriter done
Event: 5.832 loading class java/lang/NegativeArraySizeException
Event: 5.833 loading class java/lang/NegativeArraySizeException done


Dynamic libraries:
0x00007ff72bf50000 - 0x00007ff72bf5e000 	c:\Users\rohan\.vscode\extensions\redhat.java-1.16.0-win32-x64\jre\17.0.6-win32-x86_64\bin\java.exe
0x00007ffc71cb0000 - 0x00007ffc71ea8000 	C:\WINDOWS\SYSTEM32\ntdll.dll
0x00007ffc71b10000 - 0x00007ffc71bcd000 	C:\WINDOWS\System32\KERNEL32.DLL
0x00007ffc6f8a0000 - 0x00007ffc6fb96000 	C:\WINDOWS\System32\KERNELBASE.dll
0x00007ffc6f7a0000 - 0x00007ffc6f8a0000 	C:\WINDOWS\System32\ucrtbase.dll
0x00007ffc611f0000 - 0x00007ffc61207000 	c:\Users\rohan\.vscode\extensions\redhat.java-1.16.0-win32-x64\jre\17.0.6-win32-x86_64\bin\jli.dll
0x00007ffc61010000 - 0x00007ffc61029000 	c:\Users\rohan\.vscode\extensions\redhat.java-1.16.0-win32-x64\jre\17.0.6-win32-x86_64\bin\VCRUNTIME140.dll
0x00007ffc717d0000 - 0x00007ffc7196e000 	C:\WINDOWS\System32\USER32.dll
0x00007ffc6f6c0000 - 0x00007ffc6f6e2000 	C:\WINDOWS\System32\win32u.dll
0x00007ffc64670000 - 0x00007ffc6490a000 	C:\WINDOWS\WinSxS\amd64_microsoft.windows.common-controls_6595b64144ccf1df_6.0.19041.3636_none_60b6a03d71f818d5\COMCTL32.dll
0x00007ffc71130000 - 0x00007ffc7115c000 	C:\WINDOWS\System32\GDI32.dll
0x00007ffc71bd0000 - 0x00007ffc71c6e000 	C:\WINDOWS\System32\msvcrt.dll
0x00007ffc6f4e0000 - 0x00007ffc6f5fa000 	C:\WINDOWS\System32\gdi32full.dll
0x00007ffc6fc60000 - 0x00007ffc6fcfd000 	C:\WINDOWS\System32\msvcp_win.dll
0x00007ffc705e0000 - 0x00007ffc70610000 	C:\WINDOWS\System32\IMM32.DLL
0x00007ffc6a240000 - 0x00007ffc6a24c000 	c:\Users\rohan\.vscode\extensions\redhat.java-1.16.0-win32-x64\jre\17.0.6-win32-x86_64\bin\vcruntime140_1.dll
0x00007ffc46c50000 - 0x00007ffc46ce1000 	c:\Users\rohan\.vscode\extensions\redhat.java-1.16.0-win32-x64\jre\17.0.6-win32-x86_64\bin\msvcp140.dll
0x00007ffc27a80000 - 0x00007ffc286c7000 	c:\Users\rohan\.vscode\extensions\redhat.java-1.16.0-win32-x64\jre\17.0.6-win32-x86_64\bin\server\jvm.dll
0x00007ffc71970000 - 0x00007ffc71a23000 	C:\WINDOWS\System32\ADVAPI32.dll
0x00007ffc712a0000 - 0x00007ffc7133f000 	C:\WINDOWS\System32\sechost.dll
0x00007ffc70450000 - 0x00007ffc70576000 	C:\WINDOWS\System32\RPCRT4.dll
0x00007ffc6f690000 - 0x00007ffc6f6b7000 	C:\WINDOWS\System32\bcrypt.dll
0x00007ffc65d50000 - 0x00007ffc65d77000 	C:\WINDOWS\SYSTEM32\WINMM.dll
0x00007ffc644b0000 - 0x00007ffc644ba000 	C:\WINDOWS\SYSTEM32\VERSION.dll
0x00007ffc69f80000 - 0x00007ffc69f89000 	C:\WINDOWS\SYSTEM32\WSOCK32.dll
0x00007ffc707a0000 - 0x00007ffc7080b000 	C:\WINDOWS\System32\WS2_32.dll
0x00007ffc6d230000 - 0x00007ffc6d242000 	C:\WINDOWS\SYSTEM32\kernel.appcore.dll
0x00007ffc68260000 - 0x00007ffc6826a000 	c:\Users\rohan\.vscode\extensions\redhat.java-1.16.0-win32-x64\jre\17.0.6-win32-x86_64\bin\jimage.dll
0x00007ffc59670000 - 0x00007ffc59854000 	C:\WINDOWS\SYSTEM32\DBGHELP.DLL
0x00007ffc59630000 - 0x00007ffc59664000 	C:\WINDOWS\SYSTEM32\dbgcore.DLL
0x00007ffc6f600000 - 0x00007ffc6f682000 	C:\WINDOWS\System32\bcryptPrimitives.dll
0x00007ffc65ee0000 - 0x00007ffc65eee000 	c:\Users\rohan\.vscode\extensions\redhat.java-1.16.0-win32-x64\jre\17.0.6-win32-x86_64\bin\instrument.dll
0x00007ffc5a080000 - 0x00007ffc5a0a5000 	c:\Users\rohan\.vscode\extensions\redhat.java-1.16.0-win32-x64\jre\17.0.6-win32-x86_64\bin\java.dll
0x00007ffc60860000 - 0x00007ffc60878000 	c:\Users\rohan\.vscode\extensions\redhat.java-1.16.0-win32-x64\jre\17.0.6-win32-x86_64\bin\zip.dll
0x00007ffc6fd00000 - 0x00007ffc70445000 	C:\WINDOWS\System32\SHELL32.dll
0x00007ffc6d430000 - 0x00007ffc6dbcb000 	C:\WINDOWS\SYSTEM32\windows.storage.dll
0x00007ffc70810000 - 0x00007ffc70b64000 	C:\WINDOWS\System32\combase.dll
0x00007ffc6ece0000 - 0x00007ffc6ed0d000 	C:\WINDOWS\SYSTEM32\Wldp.dll
0x00007ffc711f0000 - 0x00007ffc7129d000 	C:\WINDOWS\System32\SHCORE.dll
0x00007ffc70b70000 - 0x00007ffc70bc5000 	C:\WINDOWS\System32\shlwapi.dll
0x00007ffc6f2b0000 - 0x00007ffc6f2d5000 	C:\WINDOWS\SYSTEM32\profapi.dll
0x00007ffc5fbd0000 - 0x00007ffc5fbe9000 	C:\Users\rohan\.vscode\extensions\redhat.java-1.16.0-win32-x64\jre\17.0.6-win32-x86_64\bin\net.dll
0x00007ffc67650000 - 0x00007ffc6775a000 	C:\WINDOWS\SYSTEM32\WINHTTP.dll
0x00007ffc6ea40000 - 0x00007ffc6eaaa000 	C:\WINDOWS\system32\mswsock.dll
0x00007ffc59900000 - 0x00007ffc59915000 	C:\Users\rohan\.vscode\extensions\redhat.java-1.16.0-win32-x64\jre\17.0.6-win32-x86_64\bin\nio.dll
0x00007ffc65d80000 - 0x00007ffc65d90000 	c:\Users\rohan\.vscode\extensions\redhat.java-1.16.0-win32-x64\jre\17.0.6-win32-x86_64\bin\verify.dll
0x00007ffc537c0000 - 0x00007ffc537fe000 	C:\Users\rohan\AppData\Roaming\Code\User\globalStorage\redhat.java\1.16.0\config_ss_win\org.eclipse.equinox.launcher\org.eclipse.equinox.launcher.win32.win32.x86_64_1.2.700.v20221108-1024\eclipse_11801.dll
0x00007ffc71340000 - 0x00007ffc7146b000 	C:\WINDOWS\System32\ole32.dll

dbghelp: loaded successfully - version: 4.0.5 - missing functions: none
symbol engine: initialized successfully - sym options: 0x614 - pdb path: .;c:\Users\rohan\.vscode\extensions\redhat.java-1.16.0-win32-x64\jre\17.0.6-win32-x86_64\bin;C:\WINDOWS\SYSTEM32;C:\WINDOWS\WinSxS\amd64_microsoft.windows.common-controls_6595b64144ccf1df_6.0.19041.3636_none_60b6a03d71f818d5;c:\Users\rohan\.vscode\extensions\redhat.java-1.16.0-win32-x64\jre\17.0.6-win32-x86_64\bin\server;C:\Users\rohan\AppData\Roaming\Code\User\globalStorage\redhat.java\1.16.0\config_ss_win\org.eclipse.equinox.launcher\org.eclipse.equinox.launcher.win32.win32.x86_64_1.2.700.v20221108-1024

VM Arguments:
jvm_args: --add-modules=ALL-SYSTEM --add-opens=java.base/java.util=ALL-UNNAMED --add-opens=java.base/java.lang=ALL-UNNAMED --add-opens=java.base/sun.nio.fs=ALL-UNNAMED -Declipse.application=org.eclipse.jdt.ls.core.id1 -Dosgi.bundles.defaultStartLevel=4 -Declipse.product=org.eclipse.jdt.ls.core.product -Djava.import.generatesMetadataFilesAtProjectRoot=false -Dfile.encoding=utf8 -XX:+UseParallelGC -XX:GCTimeRatio=4 -XX:AdaptiveSizePolicyWeight=90 -Dsun.zip.disableMemoryMapping=true -Xmx1G -Xms100m -Xlog:disable -javaagent:c:\Users\rohan\.vscode\extensions\redhat.java-1.16.0-win32-x64\lombok\lombok-1.18.24.jar 
java_command: c:\Users\rohan\.vscode\extensions\redhat.java-1.16.0-win32-x64\server\plugins\org.eclipse.equinox.launcher_1.6.400.v20210924-0641.jar -configuration c:\Users\rohan\AppData\Roaming\Code\User\globalStorage\redhat.java\1.16.0\config_ss_win -data c:\Users\rohan\AppData\Roaming\Code\User\workspaceStorage\90ccfc06a5fe7a8e58f607b98ccdc0f5\redhat.java\ss_ws
java_class_path (initial): c:\Users\rohan\.vscode\extensions\redhat.java-1.16.0-win32-x64\server\plugins\org.eclipse.equinox.launcher_1.6.400.v20210924-0641.jar
Launcher Type: SUN_STANDARD

[Global flags]
    uintx AdaptiveSizePolicyWeight                 = 90                                        {product} {command line}
     intx CICompilerCount                          = 3                                         {product} {ergonomic}
    uintx GCTimeRatio                              = 4                                         {product} {command line}
   size_t InitialHeapSize                          = 104857600                                 {product} {command line}
   size_t MaxHeapSize                              = 1073741824                                {product} {command line}
   size_t MaxNewSize                               = 357564416                                 {product} {ergonomic}
   size_t MinHeapDeltaBytes                        = 524288                                    {product} {ergonomic}
   size_t MinHeapSize                              = 104857600                                 {product} {command line}
   size_t NewSize                                  = 34603008                                  {product} {ergonomic}
    uintx NonNMethodCodeHeapSize                   = 5832780                                {pd product} {ergonomic}
    uintx NonProfiledCodeHeapSize                  = 122912730                              {pd product} {ergonomic}
   size_t OldSize                                  = 70254592                                  {product} {ergonomic}
    uintx ProfiledCodeHeapSize                     = 122912730                              {pd product} {ergonomic}
    uintx ReservedCodeCacheSize                    = 251658240                              {pd product} {ergonomic}
     bool SegmentedCodeCache                       = true                                      {product} {ergonomic}
   size_t SoftMaxHeapSize                          = 1073741824                             {manageable} {ergonomic}
     bool UseCompressedClassPointers               = true                           {product lp64_product} {ergonomic}
     bool UseCompressedOops                        = true                           {product lp64_product} {ergonomic}
     bool UseLargePagesIndividualAllocation        = false                                  {pd product} {ergonomic}
     bool UseParallelGC                            = true                                      {product} {command line}

Logging:
Log output configuration:
 #0: stdout all=off uptime,level,tags
 #1: stderr all=off uptime,level,tags

Environment Variables:
JAVA_HOME=C:\Users\rohan\AppData\Local\Programs\Eclipse Adoptium\jdk-17.0.10.7-hotspot\
PATH=C:\oraclexe\app\oracle\product\10.2.0\server\bin;C:\Program Files\Common Files\Oracle\Java\javapath;C:\New folder\Scripts\;C:\New folder\;C:\WINDOWS\system32;C:\WINDOWS;C:\WINDOWS\System32\Wbem;C:\WINDOWS\System32\WindowsPowerShell\v1.0\;C:\WINDOWS\System32\OpenSSH\;C:\Users\HARSHADA\Desktop\New folder\code blocks\CodeBlocks\MinGW\bin;C:\MinGW\bin;C:\MinGW\bin;C:\Program Files\Java\jdk-21\bin;C:\Program Files\nodejs\;C:\Program Files\Git\cmd;C:\Users\rohan\AppData\Local\Programs\Eclipse Adoptium\jdk-17.0.10.7-hotspot\bin;C:\Users\rohan\AppData\Local\Microsoft\WindowsApps;C:\MinGW\bin;C:\Users\rohan\AppData\Roaming\npm
USERNAME=rohan
OS=Windows_NT
PROCESSOR_IDENTIFIER=Intel64 Family 6 Model 69 Stepping 1, GenuineIntel
TMP=C:\TEMP
TEMP=C:\TEMP



---------------  S Y S T E M  ---------------

OS:
 Windows 10 , 64 bit Build 19041 (10.0.19041.3636)
OS uptime: 7 days 23:36 hours

CPU: total 4 (initial active 4) (2 cores per cpu, 2 threads per core) family 6 model 69 stepping 1 microcode 0x25, cx8, cmov, fxsr, ht, mmx, sse, sse2, sse3, ssse3, sse4.1, sse4.2, popcnt, lzcnt, tsc, tscinvbit, avx, avx2, aes, erms, clmul, bmi1, bmi2, fma, vzeroupper, clflush

Memory: 4k page, system-wide physical 4000M (338M free)
TotalPageFile size 7591M (AvailPageFile size 5M)
current process WorkingSet (physical memory assigned to process): 115M, peak: 115M
current process commit charge ("private bytes"): 210M, peak: 210M

vm_info: OpenJDK 64-Bit Server VM (17.0.6+10) for windows-amd64 JRE (17.0.6+10), built on Jan 18 2023 10:08:59 by "temurin" with MS VC++ 16.7 (VS2019)

END.
