#
# There is insufficient memory for the Java Runtime Environment to continue.
# Native memory allocation (mmap) failed to map 67108864 bytes for G1 virtual space
# Possible reasons:
#   The system is out of physical RAM or swap space
#   The process is running with CompressedOops enabled, and the Java Heap may be blocking the growth of the native heap
# Possible solutions:
#   Reduce memory load on the system
#   Increase physical memory or swap space
#   Check if swap backing store is full
#   Decrease Java heap size (-Xmx/-Xms)
#   Decrease number of Java threads
#   Decrease Java thread stack sizes (-Xss)
#   Set larger code cache with -XX:ReservedCodeCacheSize=
#   JVM is running with Unscaled Compressed Oops mode in which the Java heap is
#     placed in the first 4GB address space. The Java Heap base address is the
#     maximum limit for the native heap growth. Please use -XX:HeapBaseMinAddress
#     to set the Java Heap base and to place the Java Heap above 4GB virtual address.
# This output file may be truncated or incomplete.
#
#  Out of Memory Error (os_windows.cpp:3613), pid=11748, tid=6520
#
# JRE version:  (17.0.10+7) (build )
# Java VM: OpenJDK 64-Bit Server VM (17.0.10+7, mixed mode, sharing, tiered, compressed oops, compressed class ptrs, g1 gc, windows-amd64)
# No core dump will be written. Minidumps are not enabled by default on client versions of Windows
#

---------------  S U M M A R Y ------------

Command Line: -agentlib:jdwp=transport=dt_socket,server=n,suspend=y,address=localhost:63172 -XX:+ShowCodeDetailsInExceptionMessages exp9

Host: Intel(R) Core(TM) i3-4005U CPU @ 1.70GHz, 4 cores, 3G,  Windows 10 , 64 bit Build 19041 (10.0.19041.3636)
Time: Fri Apr 26 20:15:04 2024 India Standard Time elapsed time: 0.047906 seconds (0d 0h 0m 0s)

---------------  T H R E A D  ---------------

Current thread (0x000002ad96503f50):  JavaThread "Unknown thread" [_thread_in_vm, id=6520, stack(0x000000b511000000,0x000000b511100000)]

Stack: [0x000000b511000000,0x000000b511100000]
Native frames: (J=compiled Java code, j=interpreted, Vv=VM code, C=native code)
V  [jvm.dll+0x67d2c9]
V  [jvm.dll+0x834afa]
V  [jvm.dll+0x8365be]
V  [jvm.dll+0x836c23]
V  [jvm.dll+0x2477ff]
V  [jvm.dll+0x67a109]
V  [jvm.dll+0x66eb7a]
V  [jvm.dll+0x30764b]
V  [jvm.dll+0x30eaf6]
V  [jvm.dll+0x35e83e]
V  [jvm.dll+0x35ea6f]
V  [jvm.dll+0x2de248]
V  [jvm.dll+0x2df1b4]
V  [jvm.dll+0x806361]
V  [jvm.dll+0x36c6f1]
V  [jvm.dll+0x7e4e06]
V  [jvm.dll+0x3eff3f]
V  [jvm.dll+0x3f1b71]
C  [jli.dll+0x528f]
C  [ucrtbase.dll+0x21bb2]
C  [KERNEL32.DLL+0x17344]
C  [ntdll.dll+0x526b1]


---------------  P R O C E S S  ---------------

Threads class SMR info:
_java_thread_list=0x00007fffabfeee98, length=0, elements={
}

Java Threads: ( => current thread )

Other Threads:
  0x000002ad9870cec0 GCTaskThread "GC Thread#0" [stack: 0x000000b511100000,0x000000b511200000] [id=3648]
  0x000002ad98715b50 ConcurrentGCThread "G1 Main Marker" [stack: 0x000000b511200000,0x000000b511300000] [id=6568]
  0x000002ad98716d10 ConcurrentGCThread "G1 Conc#0" [stack: 0x000000b511300000,0x000000b511400000] [id=13024]

[error occurred during error reporting (printing all threads), id 0xc0000005, EXCEPTION_ACCESS_VIOLATION (0xc0000005) at pc=0x00007fffab7aec87]

VM state: not at safepoint (not fully initialized)

VM Mutex/Monitor currently owned by a thread:  ([mutex/lock_event])
[0x000002ad965eb580] Heap_lock - owner thread: 0x000002ad96503f50

Heap address: 0x00000000c1600000, size: 1002 MB, Compressed Oops mode: 32-bit

CDS archive(s) mapped at: [0x0000000000000000-0x0000000000000000-0x0000000000000000), size 0, SharedBaseAddress: 0x0000000800000000, ArchiveRelocationMode: 1.
Narrow klass base: 0x0000000000000000, Narrow klass shift: 0, Narrow klass range: 0x0

GC Precious Log:
<Empty>

Heap:
 garbage-first heap   total 0K, used 0K [0x00000000c1600000, 0x0000000100000000)
  region size 1024K, 0 young (0K), 0 survivors (0K)

[error occurred during error reporting (printing heap information), id 0xc0000005, EXCEPTION_ACCESS_VIOLATION (0xc0000005) at pc=0x00007fffabb96fb9]

GC Heap History (0 events):
No events

Dll operation events (1 events):
Event: 0.027 Loaded shared library C:\Users\rohan\AppData\Local\Programs\Eclipse Adoptium\jdk-17.0.10.7-hotspot\bin\java.dll

Deoptimization events (0 events):
No events

Classes unloaded (0 events):
No events

Classes redefined (0 events):
No events

Internal exceptions (0 events):
No events

VM Operations (0 events):
No events

Events (0 events):
No events


Dynamic libraries:
0x00007ff7b47f0000 - 0x00007ff7b47fe000 	C:\Users\rohan\AppData\Local\Programs\Eclipse Adoptium\jdk-17.0.10.7-hotspot\bin\java.exe
0x00007ff817a50000 - 0x00007ff817c48000 	C:\WINDOWS\SYSTEM32\ntdll.dll
0x00007ff817350000 - 0x00007ff81740d000 	C:\WINDOWS\System32\KERNEL32.DLL
0x00007ff815340000 - 0x00007ff815636000 	C:\WINDOWS\System32\KERNELBASE.dll
0x00007ff815100000 - 0x00007ff815200000 	C:\WINDOWS\System32\ucrtbase.dll
0x00007ff802370000 - 0x00007ff802387000 	C:\Users\rohan\AppData\Local\Programs\Eclipse Adoptium\jdk-17.0.10.7-hotspot\bin\jli.dll
0x00007ffffc600000 - 0x00007ffffc61b000 	C:\Users\rohan\AppData\Local\Programs\Eclipse Adoptium\jdk-17.0.10.7-hotspot\bin\VCRUNTIME140.dll
0x00007ff815d10000 - 0x00007ff815eaf000 	C:\WINDOWS\System32\USER32.dll
0x00007ff815200000 - 0x00007ff815222000 	C:\WINDOWS\System32\win32u.dll
0x00007ff80b2e0000 - 0x00007ff80b57a000 	C:\WINDOWS\WinSxS\amd64_microsoft.windows.common-controls_6595b64144ccf1df_6.0.19041.3636_none_60b6a03d71f818d5\COMCTL32.dll
0x00007ff817470000 - 0x00007ff81749b000 	C:\WINDOWS\System32\GDI32.dll
0x00007ff815aa0000 - 0x00007ff815b3e000 	C:\WINDOWS\System32\msvcrt.dll
0x00007ff8158b0000 - 0x00007ff8159c7000 	C:\WINDOWS\System32\gdi32full.dll
0x00007ff815230000 - 0x00007ff8152cd000 	C:\WINDOWS\System32\msvcp_win.dll
0x00007ff816c40000 - 0x00007ff816c72000 	C:\WINDOWS\System32\IMM32.DLL
0x00007ff8088b0000 - 0x00007ff8088bc000 	C:\Users\rohan\AppData\Local\Programs\Eclipse Adoptium\jdk-17.0.10.7-hotspot\bin\vcruntime140_1.dll
0x00007fffed440000 - 0x00007fffed4cd000 	C:\Users\rohan\AppData\Local\Programs\Eclipse Adoptium\jdk-17.0.10.7-hotspot\bin\msvcp140.dll
0x00007fffab4c0000 - 0x00007fffac122000 	C:\Users\rohan\AppData\Local\Programs\Eclipse Adoptium\jdk-17.0.10.7-hotspot\bin\server\jvm.dll
0x00007ff815ba0000 - 0x00007ff815c50000 	C:\WINDOWS\System32\ADVAPI32.dll
0x00007ff816e70000 - 0x00007ff816f10000 	C:\WINDOWS\System32\sechost.dll
0x00007ff8178e0000 - 0x00007ff817a03000 	C:\WINDOWS\System32\RPCRT4.dll
0x00007ff815830000 - 0x00007ff815857000 	C:\WINDOWS\System32\bcrypt.dll
0x00007ff80e030000 - 0x00007ff80e039000 	C:\WINDOWS\SYSTEM32\WSOCK32.dll
0x00007ff814f60000 - 0x00007ff814fab000 	C:\WINDOWS\SYSTEM32\POWRPROF.dll
0x00007ff816e00000 - 0x00007ff816e6b000 	C:\WINDOWS\System32\WS2_32.dll
0x00007ff80b020000 - 0x00007ff80b02a000 	C:\WINDOWS\SYSTEM32\VERSION.dll
0x00007ff80be80000 - 0x00007ff80bea7000 	C:\WINDOWS\SYSTEM32\WINMM.dll
0x00007ff814f40000 - 0x00007ff814f52000 	C:\WINDOWS\SYSTEM32\UMPDC.dll
0x00007ff812eb0000 - 0x00007ff812ec2000 	C:\WINDOWS\SYSTEM32\kernel.appcore.dll
0x00007ff8061e0000 - 0x00007ff8061ea000 	C:\Users\rohan\AppData\Local\Programs\Eclipse Adoptium\jdk-17.0.10.7-hotspot\bin\jimage.dll
0x00007ff80f070000 - 0x00007ff80f254000 	C:\WINDOWS\SYSTEM32\DBGHELP.DLL
0x00007ff80ec90000 - 0x00007ff80ecc4000 	C:\WINDOWS\SYSTEM32\dbgcore.DLL
0x00007ff8157a0000 - 0x00007ff815822000 	C:\WINDOWS\System32\bcryptPrimitives.dll
0x00007ffffc5c0000 - 0x00007ffffc5fb000 	C:\Users\rohan\AppData\Local\Programs\Eclipse Adoptium\jdk-17.0.10.7-hotspot\bin\jdwp.dll
0x00007fffee6f0000 - 0x00007fffee715000 	C:\Users\rohan\AppData\Local\Programs\Eclipse Adoptium\jdk-17.0.10.7-hotspot\bin\java.dll

dbghelp: loaded successfully - version: 4.0.5 - missing functions: none
symbol engine: initialized successfully - sym options: 0x614 - pdb path: .;C:\Users\rohan\AppData\Local\Programs\Eclipse Adoptium\jdk-17.0.10.7-hotspot\bin;C:\WINDOWS\SYSTEM32;C:\WINDOWS\WinSxS\amd64_microsoft.windows.common-controls_6595b64144ccf1df_6.0.19041.3636_none_60b6a03d71f818d5;C:\Users\rohan\AppData\Local\Programs\Eclipse Adoptium\jdk-17.0.10.7-hotspot\bin\server

VM Arguments:
jvm_args: -agentlib:jdwp=transport=dt_socket,server=n,suspend=y,address=localhost:63172 -XX:+ShowCodeDetailsInExceptionMessages 
java_command: exp9
java_class_path (initial): C:\Users\rohan\AppData\Roaming\Code\User\workspaceStorage\90ccfc06a5fe7a8e58f607b98ccdc0f5\redhat.java\jdt_ws\Java_7c0ee82b\bin
Launcher Type: SUN_STANDARD

[Global flags]
     intx CICompilerCount                          = 3                                         {product} {ergonomic}
     uint ConcGCThreads                            = 1                                         {product} {ergonomic}
     uint G1ConcRefinementThreads                  = 4                                         {product} {ergonomic}
   size_t G1HeapRegionSize                         = 1048576                                   {product} {ergonomic}
    uintx GCDrainStackTargetSize                   = 64                                        {product} {ergonomic}
   size_t InitialHeapSize                          = 67108864                                  {product} {ergonomic}
   size_t MarkStackSize                            = 4194304                                   {product} {ergonomic}
   size_t MaxHeapSize                              = 1050673152                                {product} {ergonomic}
   size_t MinHeapDeltaBytes                        = 1048576                                   {product} {ergonomic}
   size_t MinHeapSize                              = 8388608                                   {product} {ergonomic}
    uintx NonNMethodCodeHeapSize                   = 5832780                                {pd product} {ergonomic}
    uintx NonProfiledCodeHeapSize                  = 122912730                              {pd product} {ergonomic}
    uintx ProfiledCodeHeapSize                     = 122912730                              {pd product} {ergonomic}
    uintx ReservedCodeCacheSize                    = 251658240                              {pd product} {ergonomic}
     bool SegmentedCodeCache                       = true                                      {product} {ergonomic}
     bool ShowCodeDetailsInExceptionMessages       = true                                   {manageable} {command line}
   size_t SoftMaxHeapSize                          = 1050673152                             {manageable} {ergonomic}
     bool UseCompressedClassPointers               = true                           {product lp64_product} {ergonomic}
     bool UseCompressedOops                        = true                           {product lp64_product} {ergonomic}
     bool UseG1GC                                  = true                                      {product} {ergonomic}
     bool UseLargePagesIndividualAllocation        = false                                  {pd product} {ergonomic}

Logging:
Log output configuration:
 #0: stdout all=warning uptime,level,tags
 #1: stderr all=off uptime,level,tags

Environment Variables:
JAVA_HOME=C:\Users\rohan\AppData\Local\Programs\Eclipse Adoptium\jdk-17.0.10.7-hotspot\
PATH=C:\oraclexe\app\oracle\product\10.2.0\server\bin;C:\Program Files\Common Files\Oracle\Java\javapath;C:\New folder\Scripts\;C:\New folder\;C:\WINDOWS\system32;C:\WINDOWS;C:\WINDOWS\System32\Wbem;C:\WINDOWS\System32\WindowsPowerShell\v1.0\;C:\WINDOWS\System32\OpenSSH\;C:\Users\HARSHADA\Desktop\New folder\code blocks\CodeBlocks\MinGW\bin;C:\MinGW\bin;C:\MinGW\bin;C:\Program Files\Java\jdk-21\bin;C:\Program Files\nodejs\;C:\Program Files\Git\cmd;C:\Users\rohan\AppData\Local\Programs\Eclipse Adoptium\jdk-17.0.10.7-hotspot\bin;C:\Users\rohan\AppData\Local\Microsoft\WindowsApps;C:\Users\rohan\AppData\Roaming\npm
USERNAME=rohan
LANG=en_US.UTF-8
OS=Windows_NT
PROCESSOR_IDENTIFIER=Intel64 Family 6 Model 69 Stepping 1, GenuineIntel
TMP=C:\TEMP
TEMP=C:\TEMP



Periodic native trim disabled


---------------  S Y S T E M  ---------------

OS:
 Windows 10 , 64 bit Build 19041 (10.0.19041.3636)
OS uptime: 6 days 18:51 hours

CPU: total 4 (initial active 4) (2 cores per cpu, 2 threads per core) family 6 model 69 stepping 1 microcode 0x25, cx8, cmov, fxsr, ht, mmx, sse, sse2, sse3, ssse3, sse4.1, sse4.2, popcnt, lzcnt, tsc, tscinvbit, avx, avx2, aes, erms, clmul, bmi1, bmi2, fma, vzeroupper, clflush
Processor Information for all 4 processors :
  Max Mhz: 1700, Current Mhz: 1700, Mhz Limit: 1700

Memory: 4k page, system-wide physical 4000M (497M free)
TotalPageFile size 7077M (AvailPageFile size 56M)
current process WorkingSet (physical memory assigned to process): 10M, peak: 10M
current process commit charge ("private bytes"): 51M, peak: 115M

vm_info: OpenJDK 64-Bit Server VM (17.0.10+7) for windows-amd64 JRE (17.0.10+7), built on Jan 16 2024 23:25:11 by "admin" with MS VC++ 16.10 / 16.11 (VS2019)

END.
