#
# There is insufficient memory for the Java Runtime Environment to continue.
# Native memory allocation (mmap) failed to map 65536 bytes for Failed to commit metaspace.
# Possible reasons:
#   The system is out of physical RAM or swap space
#   The process is running with CompressedOops enabled, and the Java Heap may be blocking the growth of the native heap
# Possible solutions:
#   Reduce memory load on the system
#   Increase physical memory or swap space
#   Check if swap backing store is full
#   Decrease Java heap size (-Xmx/-Xms)
#   Decrease number of Java threads
#   Decrease Java thread stack sizes (-Xss)
#   Set larger code cache with -XX:ReservedCodeCacheSize=
#   JVM is running with Unscaled Compressed Oops mode in which the Java heap is
#     placed in the first 4GB address space. The Java Heap base address is the
#     maximum limit for the native heap growth. Please use -XX:HeapBaseMinAddress
#     to set the Java Heap base and to place the Java Heap above 4GB virtual address.
# This output file may be truncated or incomplete.
#
#  Out of Memory Error (virtualSpaceNode.cpp:110), pid=8232, tid=6140
#
# JRE version: OpenJDK Runtime Environment Temurin-17.0.6+10 (17.0.6+10) (build 17.0.6+10)
# Java VM: OpenJDK 64-Bit Server VM Temurin-17.0.6+10 (17.0.6+10, mixed mode, tiered, compressed oops, compressed class ptrs, parallel gc, windows-amd64)
# No core dump will be written. Minidumps are not enabled by default on client versions of Windows
#

---------------  S U M M A R Y ------------

Command Line: --add-modules=ALL-SYSTEM --add-opens=java.base/java.util=ALL-UNNAMED --add-opens=java.base/java.lang=ALL-UNNAMED --add-opens=java.base/sun.nio.fs=ALL-UNNAMED -Declipse.application=org.eclipse.jdt.ls.core.id1 -Dosgi.bundles.defaultStartLevel=4 -Declipse.product=org.eclipse.jdt.ls.core.product -Djava.import.generatesMetadataFilesAtProjectRoot=false -Dfile.encoding=utf8 -XX:+UseParallelGC -XX:GCTimeRatio=4 -XX:AdaptiveSizePolicyWeight=90 -Dsun.zip.disableMemoryMapping=true -Xmx1G -Xms100m -Xlog:disable -javaagent:c:\Users\rohan\.vscode\extensions\redhat.java-1.16.0-win32-x64\lombok\lombok-1.18.24.jar c:\Users\rohan\.vscode\extensions\redhat.java-1.16.0-win32-x64\server\plugins\org.eclipse.equinox.launcher_1.6.400.v20210924-0641.jar -configuration c:\Users\rohan\AppData\Roaming\Code\User\globalStorage\redhat.java\1.16.0\config_ss_win -data c:\Users\rohan\AppData\Roaming\Code\User\workspaceStorage\90ccfc06a5fe7a8e58f607b98ccdc0f5\redhat.java\ss_ws

Host: Intel(R) Core(TM) i3-4005U CPU @ 1.70GHz, 4 cores, 3G,  Windows 10 , 64 bit Build 19041 (10.0.19041.3636)
Time: Sun Apr 14 01:11:06 2024 India Standard Time elapsed time: 20.676624 seconds (0d 0h 0m 20s)

---------------  T H R E A D  ---------------

Current thread (0x000002af723c9c40):  JavaThread "Start Level: Equinox Container: 75cce1c6-88c7-4890-8b51-f3f304217ee8" daemon [_thread_in_vm, id=6140, stack(0x000000e40fb00000,0x000000e40fc00000)]

Stack: [0x000000e40fb00000,0x000000e40fc00000]
Native frames: (J=compiled Java code, j=interpreted, Vv=VM code, C=native code)
V  [jvm.dll+0x67741a]
V  [jvm.dll+0x834434]
V  [jvm.dll+0x835bde]
V  [jvm.dll+0x836243]
V  [jvm.dll+0x2457b5]
V  [jvm.dll+0x8304cb]
V  [jvm.dll+0x61bca6]
V  [jvm.dll+0x61bd0a]
V  [jvm.dll+0x61e52a]
V  [jvm.dll+0x61c646]
V  [jvm.dll+0x62d3f9]
V  [jvm.dll+0x626754]
V  [jvm.dll+0x37f521]
C  0x000002af663dcabe

Java frames: (J=compiled Java code, j=interpreted, Vv=VM code)
j  java.util.logging.LogManager$LoggerContext.getLoggerNames()Ljava/util/Enumeration;+0 java.logging@17.0.6
j  java.util.logging.LogManager.resetLoggerContext(Ljava/util/logging/LogManager$LoggerContext;)V+1 java.logging@17.0.6
j  java.util.logging.LogManager.reset()V+93 java.logging@17.0.6
j  java.util.logging.LogManager.readConfiguration(Ljava/io/InputStream;)V+33 java.logging@17.0.6
j  java.util.logging.LogManager.readConfiguration()V+100 java.logging@17.0.6
j  java.util.logging.LogManager.readPrimordialConfiguration()V+20 java.logging@17.0.6
j  java.util.logging.LogManager$2.run()Ljava/lang/Object;+87 java.logging@17.0.6
J 1747 c1 java.security.AccessController.doPrivileged(Ljava/security/PrivilegedAction;)Ljava/lang/Object; java.base@17.0.6 (9 bytes) @ 0x000002af5f1d303c [0x000002af5f1d2ee0+0x000000000000015c]
j  java.util.logging.LogManager.ensureLogManagerInitialized()V+101 java.logging@17.0.6
j  java.util.logging.LogManager.getLogManager()Ljava/util/logging/LogManager;+9 java.logging@17.0.6
j  java.util.logging.Logger.demandLogger(Ljava/lang/String;Ljava/lang/String;Ljava/lang/Class;)Ljava/util/logging/Logger;+0 java.logging@17.0.6
j  java.util.logging.Logger.getLogger(Ljava/lang/String;Ljava/lang/Class;)Ljava/util/logging/Logger;+3 java.logging@17.0.6
j  java.util.logging.Logger.getLogger(Ljava/lang/String;)Ljava/util/logging/Logger;+4 java.logging@17.0.6
j  com.sun.jna.Native.<clinit>()V+5
v  ~StubRoutines::call_stub
j  org.eclipse.core.net.ProxyProvider.<clinit>()V+18
v  ~StubRoutines::call_stub
j  java.lang.Class.forName0(Ljava/lang/String;ZLjava/lang/ClassLoader;Ljava/lang/Class;)Ljava/lang/Class;+0 java.base@17.0.6
j  java.lang.Class.forName(Ljava/lang/String;)Ljava/lang/Class;+11 java.base@17.0.6
j  org.eclipse.core.internal.net.ProxyManager.<init>()V+63
j  org.eclipse.core.internal.net.ProxyManager.getProxyManager()Lorg/eclipse/core/net/proxy/IProxyService;+10
j  org.eclipse.core.internal.net.Activator.start(Lorg/osgi/framework/BundleContext;)V+98
j  org.eclipse.osgi.internal.framework.BundleContextImpl$2.run()Ljava/lang/Void;+23
j  org.eclipse.osgi.internal.framework.BundleContextImpl$2.run()Ljava/lang/Object;+1
J 1206 c1 java.security.AccessController.executePrivileged(Ljava/security/PrivilegedExceptionAction;Ljava/security/AccessControlContext;Ljava/lang/Class;)Ljava/lang/Object; java.base@17.0.6 (65 bytes) @ 0x000002af5f0ba7b4 [0x000002af5f0ba660+0x0000000000000154]
j  java.security.AccessController.doPrivileged(Ljava/security/PrivilegedExceptionAction;)Ljava/lang/Object;+9 java.base@17.0.6
j  org.eclipse.osgi.internal.framework.BundleContextImpl.startActivator(Lorg/osgi/framework/BundleActivator;)V+9
j  org.eclipse.osgi.internal.framework.BundleContextImpl.start()V+134
j  org.eclipse.osgi.internal.framework.EquinoxBundle.startWorker0()V+35
j  org.eclipse.osgi.internal.framework.EquinoxBundle$EquinoxModule.startWorker()V+4
j  org.eclipse.osgi.container.Module.doStart([Lorg/eclipse/osgi/container/Module$StartOptions;)Lorg/eclipse/osgi/container/ModuleContainerAdaptor$ModuleEvent;+190
J 2031 c1 org.eclipse.osgi.container.Module.start([Lorg/eclipse/osgi/container/Module$StartOptions;)V (655 bytes) @ 0x000002af5f283bd4 [0x000002af5f281860+0x0000000000002374]
J 2167 c1 org.eclipse.osgi.framework.util.SecureAction.start(Lorg/eclipse/osgi/container/Module;[Lorg/eclipse/osgi/container/Module$StartOptions;)V (61 bytes) @ 0x000002af5f2d2acc [0x000002af5f2d2640+0x000000000000048c]
J 1661 c1 org.eclipse.osgi.internal.hooks.EclipseLazyStarter.postFindLocalClass(Ljava/lang/String;Ljava/lang/Class;Lorg/eclipse/osgi/internal/loader/classpath/ClasspathManager;)V (394 bytes) @ 0x000002af5f1a5c5c [0x000002af5f1a4ce0+0x0000000000000f7c]
J 1736 c1 org.eclipse.osgi.internal.loader.classpath.ClasspathManager.findLocalClass(Ljava/lang/String;)Ljava/lang/Class; (210 bytes) @ 0x000002af5f1cc554 [0x000002af5f1cb5a0+0x0000000000000fb4]
J 1760 c1 org.eclipse.osgi.internal.loader.BundleLoader.findLocalClass(Ljava/lang/String;)Ljava/lang/Class; (152 bytes) @ 0x000002af5f1d83ec [0x000002af5f1d7ba0+0x000000000000084c]
J 1888 c1 org.eclipse.osgi.internal.loader.sources.SingleSourcePackage.loadClass(Ljava/lang/String;)Ljava/lang/Class; (9 bytes) @ 0x000002af5f2242bc [0x000002af5f2241c0+0x00000000000000fc]
J 1592 c1 org.eclipse.osgi.internal.loader.BundleLoader.findClass0(Ljava/lang/String;ZZ)Ljava/lang/Class; (466 bytes) @ 0x000002af5f17d09c [0x000002af5f17aaa0+0x00000000000025fc]
J 1591 c1 org.eclipse.osgi.internal.loader.BundleLoader.findClass(Ljava/lang/String;)Ljava/lang/Class; (8 bytes) @ 0x000002af5f17a19c [0x000002af5f17a120+0x000000000000007c]
J 1593 c1 org.eclipse.osgi.internal.loader.ModuleClassLoader.loadClass(Ljava/lang/String;Z)Ljava/lang/Class; (36 bytes) @ 0x000002af5f1801bc [0x000002af5f17ffa0+0x000000000000021c]
J 789 c1 java.lang.ClassLoader.loadClass(Ljava/lang/String;)Ljava/lang/Class; java.base@17.0.6 (7 bytes) @ 0x000002af5efe2c3c [0x000002af5efe2b40+0x00000000000000fc]
v  ~StubRoutines::call_stub
j  org.eclipse.jdt.ls.core.internal.JavaLanguageServerPlugin.configureProxy()V+492
j  org.eclipse.jdt.ls.core.internal.JavaLanguageServerPlugin.start(Lorg/osgi/framework/BundleContext;)V+181
j  org.eclipse.osgi.internal.framework.BundleContextImpl$2.run()Ljava/lang/Void;+23
j  org.eclipse.osgi.internal.framework.BundleContextImpl$2.run()Ljava/lang/Object;+1
J 1206 c1 java.security.AccessController.executePrivileged(Ljava/security/PrivilegedExceptionAction;Ljava/security/AccessControlContext;Ljava/lang/Class;)Ljava/lang/Object; java.base@17.0.6 (65 bytes) @ 0x000002af5f0ba7b4 [0x000002af5f0ba660+0x0000000000000154]
j  java.security.AccessController.doPrivileged(Ljava/security/PrivilegedExceptionAction;)Ljava/lang/Object;+9 java.base@17.0.6
j  org.eclipse.osgi.internal.framework.BundleContextImpl.startActivator(Lorg/osgi/framework/BundleActivator;)V+9
j  org.eclipse.osgi.internal.framework.BundleContextImpl.start()V+134
j  org.eclipse.osgi.internal.framework.EquinoxBundle.startWorker0()V+35
j  org.eclipse.osgi.internal.framework.EquinoxBundle$EquinoxModule.startWorker()V+4
j  org.eclipse.osgi.container.Module.doStart([Lorg/eclipse/osgi/container/Module$StartOptions;)Lorg/eclipse/osgi/container/ModuleContainerAdaptor$ModuleEvent;+190
j  org.eclipse.osgi.container.Module.start([Lorg/eclipse/osgi/container/Module$StartOptions;)V+460
j  org.eclipse.osgi.container.ModuleContainer$ContainerStartLevel$2.run()V+71
j  org.eclipse.osgi.internal.framework.EquinoxContainerAdaptor$1$1.execute(Ljava/lang/Runnable;)V+1
j  org.eclipse.osgi.container.ModuleContainer$ContainerStartLevel.incStartLevel(ILjava/util/List;Z)V+192
j  org.eclipse.osgi.container.ModuleContainer$ContainerStartLevel.incStartLevel(ILjava/util/List;Ljava/util/List;Ljava/util/List;Ljava/util/List;)V+19
j  org.eclipse.osgi.container.ModuleContainer$ContainerStartLevel.doContainerStartLevel(Lorg/eclipse/osgi/container/Module;I[Lorg/osgi/framework/FrameworkListener;)V+349
j  org.eclipse.osgi.container.ModuleContainer$ContainerStartLevel.dispatchEvent(Lorg/eclipse/osgi/container/Module;[Lorg/osgi/framework/FrameworkListener;ILjava/lang/Integer;)V+32
j  org.eclipse.osgi.container.ModuleContainer$ContainerStartLevel.dispatchEvent(Ljava/lang/Object;Ljava/lang/Object;ILjava/lang/Object;)V+15
j  org.eclipse.osgi.framework.eventmgr.EventManager.dispatchEvent(Ljava/util/Set;Lorg/eclipse/osgi/framework/eventmgr/EventDispatcher;ILjava/lang/Object;)V+48
j  org.eclipse.osgi.framework.eventmgr.EventManager$EventThread.run()V+26
v  ~StubRoutines::call_stub

---------------  P R O C E S S  ---------------

Threads class SMR info:
_java_thread_list=0x000002af74a31f70, length=20, elements={
0x000002af5c2168e0, 0x000002af7003a740, 0x000002af7003cc50, 0x000002af70064020,
0x000002af70064da0, 0x000002af70067a30, 0x000002af70069460, 0x000002af7006a050,
0x000002af719d46a0, 0x000002af719e9b30, 0x000002af71a92430, 0x000002af71ca0fa0,
0x000002af72331030, 0x000002af723c94a0, 0x000002af723c9c40, 0x000002af722dfec0,
0x000002af72584900, 0x000002af7245e210, 0x000002af7245d870, 0x000002af7245dd40
}

Java Threads: ( => current thread )
  0x000002af5c2168e0 JavaThread "main" [_thread_blocked, id=11400, stack(0x000000e40e700000,0x000000e40e800000)]
  0x000002af7003a740 JavaThread "Reference Handler" daemon [_thread_blocked, id=6860, stack(0x000000e40ea00000,0x000000e40eb00000)]
  0x000002af7003cc50 JavaThread "Finalizer" daemon [_thread_blocked, id=10716, stack(0x000000e40eb00000,0x000000e40ec00000)]
  0x000002af70064020 JavaThread "Signal Dispatcher" daemon [_thread_blocked, id=9096, stack(0x000000e40ec00000,0x000000e40ed00000)]
  0x000002af70064da0 JavaThread "Attach Listener" daemon [_thread_blocked, id=14216, stack(0x000000e40ed00000,0x000000e40ee00000)]
  0x000002af70067a30 JavaThread "Service Thread" daemon [_thread_blocked, id=8044, stack(0x000000e40ee00000,0x000000e40ef00000)]
  0x000002af70069460 JavaThread "Monitor Deflation Thread" daemon [_thread_blocked, id=12400, stack(0x000000e40ef00000,0x000000e40f000000)]
  0x000002af7006a050 JavaThread "C2 CompilerThread0" daemon [_thread_blocked, id=11796, stack(0x000000e40f000000,0x000000e40f100000)]
  0x000002af719d46a0 JavaThread "C1 CompilerThread0" daemon [_thread_blocked, id=4748, stack(0x000000e40f100000,0x000000e40f200000)]
  0x000002af719e9b30 JavaThread "Sweeper thread" daemon [_thread_blocked, id=12292, stack(0x000000e40f200000,0x000000e40f300000)]
  0x000002af71a92430 JavaThread "Common-Cleaner" daemon [_thread_blocked, id=11320, stack(0x000000e40f300000,0x000000e40f400000)]
  0x000002af71ca0fa0 JavaThread "Notification Thread" daemon [_thread_blocked, id=11500, stack(0x000000e40f400000,0x000000e40f500000)]
  0x000002af72331030 JavaThread "Active Thread: Equinox Container: 75cce1c6-88c7-4890-8b51-f3f304217ee8" [_thread_blocked, id=6132, stack(0x000000e40f900000,0x000000e40fa00000)]
  0x000002af723c94a0 JavaThread "Framework Event Dispatcher: Equinox Container: 75cce1c6-88c7-4890-8b51-f3f304217ee8" daemon [_thread_blocked, id=12136, stack(0x000000e40fa00000,0x000000e40fb00000)]
=>0x000002af723c9c40 JavaThread "Start Level: Equinox Container: 75cce1c6-88c7-4890-8b51-f3f304217ee8" daemon [_thread_in_vm, id=6140, stack(0x000000e40fb00000,0x000000e40fc00000)]
  0x000002af722dfec0 JavaThread "SCR Component Actor" daemon [_thread_blocked, id=12964, stack(0x000000e40fc00000,0x000000e40fd00000)]
  0x000002af72584900 JavaThread "SCR Component Registry" daemon [_thread_blocked, id=14136, stack(0x000000e40fd00000,0x000000e40fe00000)]
  0x000002af7245e210 JavaThread "Worker-JM" [_thread_blocked, id=10004, stack(0x000000e40fe00000,0x000000e40ff00000)]
  0x000002af7245d870 JavaThread "Worker-0" [_thread_blocked, id=14184, stack(0x000000e40ff00000,0x000000e410000000)]
  0x000002af7245dd40 JavaThread "Worker-1" [_thread_blocked, id=9636, stack(0x000000e410000000,0x000000e410100000)]

Other Threads:
  0x000002af70024720 VMThread "VM Thread" [stack: 0x000000e40e900000,0x000000e40ea00000] [id=8696]
  0x000002af71cad4c0 WatcherThread [stack: 0x000000e40f500000,0x000000e40f600000] [id=11536]
  0x000002af5c22cce0 GCTaskThread "GC Thread#0" [stack: 0x000000e40e800000,0x000000e40e900000] [id=8960]
  0x000002af72162f60 GCTaskThread "GC Thread#1" [stack: 0x000000e40f600000,0x000000e40f700000] [id=12440]
  0x000002af721f2c20 GCTaskThread "GC Thread#2" [stack: 0x000000e40f700000,0x000000e40f800000] [id=12660]
  0x000002af72229010 GCTaskThread "GC Thread#3" [stack: 0x000000e40f800000,0x000000e40f900000] [id=13884]

Threads with active compile tasks:

VM state: not at safepoint (normal execution)

VM Mutex/Monitor currently owned by a thread:  ([mutex/lock_event])
[0x000002af5c211450] Metaspace_lock - owner thread: 0x000002af723c9c40

Heap address: 0x00000000c0000000, size: 1024 MB, Compressed Oops mode: 32-bit

CDS archive(s) not mapped
Compressed class space mapped at: 0x0000000100000000-0x0000000140000000, reserved size: 1073741824
Narrow klass base: 0x0000000000000000, Narrow klass shift: 3, Narrow klass range: 0x140000000

GC Precious Log:
 CPUs: 4 total, 4 available
 Memory: 4000M
 Large Page Support: Disabled
 NUMA Support: Disabled
 Compressed Oops: Enabled (32-bit)
 Alignments: Space 512K, Generation 512K, Heap 2M
 Heap Min Capacity: 100M
 Heap Initial Capacity: 100M
 Heap Max Capacity: 1G
 Pre-touch: Disabled
 Parallel Workers: 4

Heap:
 PSYoungGen      total 26112K, used 11584K [0x00000000eab00000, 0x00000000ec780000, 0x0000000100000000)
  eden space 24576K, 41% used [0x00000000eab00000,0x00000000eb50b5a0,0x00000000ec300000)
  from space 1536K, 84% used [0x00000000ec600000,0x00000000ec744b08,0x00000000ec780000)
  to   space 1536K, 0% used [0x00000000ec480000,0x00000000ec480000,0x00000000ec600000)
 ParOldGen       total 68608K, used 6934K [0x00000000c0000000, 0x00000000c4300000, 0x00000000eab00000)
  object space 68608K, 10% used [0x00000000c0000000,0x00000000c06c5af0,0x00000000c4300000)
 Metaspace       used 29535K, committed 30080K, reserved 1081344K
  class space    used 2888K, committed 3136K, reserved 1048576K

Card table byte_map: [0x000002af5bbd0000,0x000002af5bde0000] _byte_map_base: 0x000002af5b5d0000

Marking Bits: (ParMarkBitMap*) 0x00007ffc2a093e70
 Begin Bits: [0x000002af6dea0000, 0x000002af6eea0000)
 End Bits:   [0x000002af6eea0000, 0x000002af6fea0000)

Polling page: 0x000002af5a040000

Metaspace:

Usage:
  Non-class:     26.02 MB used.
      Class:      2.82 MB used.
       Both:     28.84 MB used.

Virtual space:
  Non-class space:       32.00 MB reserved,      26.31 MB ( 82%) committed,  4 nodes.
      Class space:        1.00 GB reserved,       3.06 MB ( <1%) committed,  1 nodes.
             Both:        1.03 GB reserved,      29.38 MB (  3%) committed. 

Chunk freelists:
   Non-Class:  1.52 MB
       Class:  944.00 KB
        Both:  2.44 MB

MaxMetaspaceSize: unlimited
CompressedClassSpaceSize: 1.00 GB
Initial GC threshold: 21.00 MB
Current GC threshold: 35.00 MB
CDS: off
MetaspaceReclaimPolicy: balanced
 - commit_granule_bytes: 65536.
 - commit_granule_words: 8192.
 - virtual_space_node_default_size: 1048576.
 - enlarge_chunks_in_place: 1.
 - new_chunks_are_fully_committed: 0.
 - uncommit_free_chunks: 1.
 - use_allocation_guard: 0.
 - handle_deallocations: 1.


Internal statistics:

num_allocs_failed_limit: 3.
num_arena_births: 248.
num_arena_deaths: 14.
num_vsnodes_births: 5.
num_vsnodes_deaths: 0.
num_space_committed: 470.
num_space_uncommitted: 0.
num_chunks_returned_to_freelist: 17.
num_chunks_taken_from_freelist: 1032.
num_chunk_merges: 4.
num_chunk_splits: 685.
num_chunks_enlarged: 491.
num_purges: 2.
num_inconsistent_stats: 0.

CodeHeap 'non-profiled nmethods': size=120000Kb used=1058Kb max_used=1058Kb free=118941Kb
 bounds [0x000002af66970000, 0x000002af66be0000, 0x000002af6dea0000]
CodeHeap 'profiled nmethods': size=120000Kb used=5181Kb max_used=5181Kb free=114818Kb
 bounds [0x000002af5eea0000, 0x000002af5f3b0000, 0x000002af663d0000]
CodeHeap 'non-nmethods': size=5760Kb used=1245Kb max_used=1278Kb free=4514Kb
 bounds [0x000002af663d0000, 0x000002af66640000, 0x000002af66970000]
 total_blobs=3136 nmethods=2575 adapters=475
 compilation: enabled
              stopped_count=0, restarted_count=0
 full_count=0

Compilation events (20 events):
Event: 20.573 Thread 0x000002af719d46a0 2568       3       jdk.internal.org.objectweb.asm.Frame::getInputStackSize (6 bytes)
Event: 20.573 Thread 0x000002af719d46a0 nmethod 2568 0x000002af5f3abe10 code [0x000002af5f3abfa0, 0x000002af5f3ac0b8]
Event: 20.574 Thread 0x000002af7006a050 nmethod 2524 0x000002af66a74710 code [0x000002af66a748c0, 0x000002af66a74f98]
Event: 20.574 Thread 0x000002af7006a050 2521       4       java.util.TreeMap::addEntry (59 bytes)
Event: 20.585 Thread 0x000002af719d46a0 2569       3       java.util.ArrayDeque::circularClear (43 bytes)
Event: 20.586 Thread 0x000002af719d46a0 nmethod 2569 0x000002af5f3ac190 code [0x000002af5f3ac360, 0x000002af5f3ac758]
Event: 20.586 Thread 0x000002af719d46a0 2571       3       org.eclipse.osgi.internal.loader.BundleLoaderSources::getPackageSource (64 bytes)
Event: 20.587 Thread 0x000002af719d46a0 nmethod 2571 0x000002af5f3ac910 code [0x000002af5f3acb20, 0x000002af5f3ad308]
Event: 20.587 Thread 0x000002af719d46a0 2570       3       org.eclipse.osgi.container.ModuleRevision::getModuleCapabilities (9 bytes)
Event: 20.588 Thread 0x000002af719d46a0 nmethod 2570 0x000002af5f3ad590 code [0x000002af5f3ad760, 0x000002af5f3adb68]
Event: 20.607 Thread 0x000002af7006a050 nmethod 2521 0x000002af66a75610 code [0x000002af66a757c0, 0x000002af66a75dd8]
Event: 20.607 Thread 0x000002af7006a050 2572       4       java.lang.String::<init> (828 bytes)
Event: 20.635 Thread 0x000002af719d46a0 2573   !   3       java.lang.invoke.MethodHandle::setVarargs (25 bytes)
Event: 20.636 Thread 0x000002af719d46a0 nmethod 2573 0x000002af5f3add10 code [0x000002af5f3adf20, 0x000002af5f3ae5d8]
Event: 20.636 Thread 0x000002af719d46a0 2574       3       jdk.internal.org.objectweb.asm.MethodVisitor::visitVarInsn (17 bytes)
Event: 20.636 Thread 0x000002af719d46a0 nmethod 2574 0x000002af5f3ae810 code [0x000002af5f3ae9c0, 0x000002af5f3aebc8]
Event: 20.636 Thread 0x000002af719d46a0 2575       3       java.lang.invoke.InnerClassLambdaMetafactory::getLoadOpcode (26 bytes)
Event: 20.637 Thread 0x000002af719d46a0 nmethod 2575 0x000002af5f3aec90 code [0x000002af5f3aee40, 0x000002af5f3af058]
Event: 20.637 Thread 0x000002af719d46a0 2576       3       java.lang.invoke.InnerClassLambdaMetafactory::getParameterSize (27 bytes)
Event: 20.637 Thread 0x000002af719d46a0 nmethod 2576 0x000002af5f3af110 code [0x000002af5f3af2c0, 0x000002af5f3af4d8]

GC Heap History (14 events):
Event: 5.628 GC heap before
{Heap before GC invocations=1 (full 0):
 PSYoungGen      total 29696K, used 25600K [0x00000000eab00000, 0x00000000ecc00000, 0x0000000100000000)
  eden space 25600K, 100% used [0x00000000eab00000,0x00000000ec400000,0x00000000ec400000)
  from space 4096K, 0% used [0x00000000ec800000,0x00000000ec800000,0x00000000ecc00000)
  to   space 4096K, 0% used [0x00000000ec400000,0x00000000ec400000,0x00000000ec800000)
 ParOldGen       total 68608K, used 0K [0x00000000c0000000, 0x00000000c4300000, 0x00000000eab00000)
  object space 68608K, 0% used [0x00000000c0000000,0x00000000c0000000,0x00000000c4300000)
 Metaspace       used 11159K, committed 11328K, reserved 1064960K
  class space    used 1108K, committed 1216K, reserved 1048576K
}
Event: 5.681 GC heap after
{Heap after GC invocations=1 (full 0):
 PSYoungGen      total 29696K, used 3240K [0x00000000eab00000, 0x00000000ecc00000, 0x0000000100000000)
  eden space 25600K, 0% used [0x00000000eab00000,0x00000000eab00000,0x00000000ec400000)
  from space 4096K, 79% used [0x00000000ec400000,0x00000000ec72a208,0x00000000ec800000)
  to   space 4096K, 0% used [0x00000000ec800000,0x00000000ec800000,0x00000000ecc00000)
 ParOldGen       total 68608K, used 0K [0x00000000c0000000, 0x00000000c4300000, 0x00000000eab00000)
  object space 68608K, 0% used [0x00000000c0000000,0x00000000c0000000,0x00000000c4300000)
 Metaspace       used 11159K, committed 11328K, reserved 1064960K
  class space    used 1108K, committed 1216K, reserved 1048576K
}
Event: 14.962 GC heap before
{Heap before GC invocations=2 (full 0):
 PSYoungGen      total 29696K, used 28840K [0x00000000eab00000, 0x00000000ecc00000, 0x0000000100000000)
  eden space 25600K, 100% used [0x00000000eab00000,0x00000000ec400000,0x00000000ec400000)
  from space 4096K, 79% used [0x00000000ec400000,0x00000000ec72a208,0x00000000ec800000)
  to   space 4096K, 0% used [0x00000000ec800000,0x00000000ec800000,0x00000000ecc00000)
 ParOldGen       total 68608K, used 0K [0x00000000c0000000, 0x00000000c4300000, 0x00000000eab00000)
  object space 68608K, 0% used [0x00000000c0000000,0x00000000c0000000,0x00000000c4300000)
 Metaspace       used 15405K, committed 15744K, reserved 1064960K
  class space    used 1567K, committed 1728K, reserved 1048576K
}
Event: 14.971 GC heap after
{Heap after GC invocations=2 (full 0):
 PSYoungGen      total 29696K, used 4093K [0x00000000eab00000, 0x00000000ecc00000, 0x0000000100000000)
  eden space 25600K, 0% used [0x00000000eab00000,0x00000000eab00000,0x00000000ec400000)
  from space 4096K, 99% used [0x00000000ec800000,0x00000000ecbff718,0x00000000ecc00000)
  to   space 4096K, 0% used [0x00000000ec400000,0x00000000ec400000,0x00000000ec800000)
 ParOldGen       total 68608K, used 790K [0x00000000c0000000, 0x00000000c4300000, 0x00000000eab00000)
  object space 68608K, 1% used [0x00000000c0000000,0x00000000c00c5b60,0x00000000c4300000)
 Metaspace       used 15405K, committed 15744K, reserved 1064960K
  class space    used 1567K, committed 1728K, reserved 1048576K
}
Event: 16.279 GC heap before
{Heap before GC invocations=3 (full 0):
 PSYoungGen      total 29696K, used 29693K [0x00000000eab00000, 0x00000000ecc00000, 0x0000000100000000)
  eden space 25600K, 100% used [0x00000000eab00000,0x00000000ec400000,0x00000000ec400000)
  from space 4096K, 99% used [0x00000000ec800000,0x00000000ecbff718,0x00000000ecc00000)
  to   space 4096K, 0% used [0x00000000ec400000,0x00000000ec400000,0x00000000ec800000)
 ParOldGen       total 68608K, used 790K [0x00000000c0000000, 0x00000000c4300000, 0x00000000eab00000)
  object space 68608K, 1% used [0x00000000c0000000,0x00000000c00c5b60,0x00000000c4300000)
 Metaspace       used 20518K, committed 20928K, reserved 1073152K
  class space    used 2082K, committed 2304K, reserved 1048576K
}
Event: 16.290 GC heap after
{Heap after GC invocations=3 (full 0):
 PSYoungGen      total 29696K, used 4094K [0x00000000eab00000, 0x00000000ecc00000, 0x0000000100000000)
  eden space 25600K, 0% used [0x00000000eab00000,0x00000000eab00000,0x00000000ec400000)
  from space 4096K, 99% used [0x00000000ec400000,0x00000000ec7ff9a0,0x00000000ec800000)
  to   space 4096K, 0% used [0x00000000ec800000,0x00000000ec800000,0x00000000ecc00000)
 ParOldGen       total 68608K, used 2816K [0x00000000c0000000, 0x00000000c4300000, 0x00000000eab00000)
  object space 68608K, 4% used [0x00000000c0000000,0x00000000c02c0258,0x00000000c4300000)
 Metaspace       used 20518K, committed 20928K, reserved 1073152K
  class space    used 2082K, committed 2304K, reserved 1048576K
}
Event: 16.483 GC heap before
{Heap before GC invocations=4 (full 0):
 PSYoungGen      total 29696K, used 7830K [0x00000000eab00000, 0x00000000ecc00000, 0x0000000100000000)
  eden space 25600K, 14% used [0x00000000eab00000,0x00000000eaea6200,0x00000000ec400000)
  from space 4096K, 99% used [0x00000000ec400000,0x00000000ec7ff9a0,0x00000000ec800000)
  to   space 4096K, 0% used [0x00000000ec800000,0x00000000ec800000,0x00000000ecc00000)
 ParOldGen       total 68608K, used 2816K [0x00000000c0000000, 0x00000000c4300000, 0x00000000eab00000)
  object space 68608K, 4% used [0x00000000c0000000,0x00000000c02c0258,0x00000000c4300000)
 Metaspace       used 21081K, committed 21504K, reserved 1073152K
  class space    used 2148K, committed 2368K, reserved 1048576K
}
Event: 16.492 GC heap after
{Heap after GC invocations=4 (full 0):
 PSYoungGen      total 29696K, used 4085K [0x00000000eab00000, 0x00000000ecc00000, 0x0000000100000000)
  eden space 25600K, 0% used [0x00000000eab00000,0x00000000eab00000,0x00000000ec400000)
  from space 4096K, 99% used [0x00000000ec800000,0x00000000ecbfd528,0x00000000ecc00000)
  to   space 4096K, 0% used [0x00000000ec400000,0x00000000ec400000,0x00000000ec800000)
 ParOldGen       total 68608K, used 3016K [0x00000000c0000000, 0x00000000c4300000, 0x00000000eab00000)
  object space 68608K, 4% used [0x00000000c0000000,0x00000000c02f2258,0x00000000c4300000)
 Metaspace       used 21081K, committed 21504K, reserved 1073152K
  class space    used 2148K, committed 2368K, reserved 1048576K
}
Event: 16.492 GC heap before
{Heap before GC invocations=5 (full 1):
 PSYoungGen      total 29696K, used 4085K [0x00000000eab00000, 0x00000000ecc00000, 0x0000000100000000)
  eden space 25600K, 0% used [0x00000000eab00000,0x00000000eab00000,0x00000000ec400000)
  from space 4096K, 99% used [0x00000000ec800000,0x00000000ecbfd528,0x00000000ecc00000)
  to   space 4096K, 0% used [0x00000000ec400000,0x00000000ec400000,0x00000000ec800000)
 ParOldGen       total 68608K, used 3016K [0x00000000c0000000, 0x00000000c4300000, 0x00000000eab00000)
  object space 68608K, 4% used [0x00000000c0000000,0x00000000c02f2258,0x00000000c4300000)
 Metaspace       used 21081K, committed 21504K, reserved 1073152K
  class space    used 2148K, committed 2368K, reserved 1048576K
}
Event: 16.550 GC heap after
{Heap after GC invocations=5 (full 1):
 PSYoungGen      total 29696K, used 0K [0x00000000eab00000, 0x00000000ecc00000, 0x0000000100000000)
  eden space 25600K, 0% used [0x00000000eab00000,0x00000000eab00000,0x00000000ec400000)
  from space 4096K, 0% used [0x00000000ec800000,0x00000000ec800000,0x00000000ecc00000)
  to   space 4096K, 0% used [0x00000000ec400000,0x00000000ec400000,0x00000000ec800000)
 ParOldGen       total 68608K, used 6918K [0x00000000c0000000, 0x00000000c4300000, 0x00000000eab00000)
  object space 68608K, 10% used [0x00000000c0000000,0x00000000c06c1af0,0x00000000c4300000)
 Metaspace       used 21068K, committed 21504K, reserved 1073152K
  class space    used 2145K, committed 2368K, reserved 1048576K
}
Event: 17.047 GC heap before
{Heap before GC invocations=6 (full 1):
 PSYoungGen      total 29696K, used 25600K [0x00000000eab00000, 0x00000000ecc00000, 0x0000000100000000)
  eden space 25600K, 100% used [0x00000000eab00000,0x00000000ec400000,0x00000000ec400000)
  from space 4096K, 0% used [0x00000000ec800000,0x00000000ec800000,0x00000000ecc00000)
  to   space 4096K, 0% used [0x00000000ec400000,0x00000000ec400000,0x00000000ec800000)
 ParOldGen       total 68608K, used 6918K [0x00000000c0000000, 0x00000000c4300000, 0x00000000eab00000)
  object space 68608K, 10% used [0x00000000c0000000,0x00000000c06c1af0,0x00000000c4300000)
 Metaspace       used 24608K, committed 25024K, reserved 1073152K
  class space    used 2405K, committed 2624K, reserved 1048576K
}
Event: 17.049 GC heap after
{Heap after GC invocations=6 (full 1):
 PSYoungGen      total 26112K, used 585K [0x00000000eab00000, 0x00000000ec880000, 0x0000000100000000)
  eden space 25088K, 0% used [0x00000000eab00000,0x00000000eab00000,0x00000000ec380000)
  from space 1024K, 57% used [0x00000000ec400000,0x00000000ec492590,0x00000000ec500000)
  to   space 2560K, 0% used [0x00000000ec600000,0x00000000ec600000,0x00000000ec880000)
 ParOldGen       total 68608K, used 6926K [0x00000000c0000000, 0x00000000c4300000, 0x00000000eab00000)
  object space 68608K, 10% used [0x00000000c0000000,0x00000000c06c3af0,0x00000000c4300000)
 Metaspace       used 24608K, committed 25024K, reserved 1073152K
  class space    used 2405K, committed 2624K, reserved 1048576K
}
Event: 18.681 GC heap before
{Heap before GC invocations=7 (full 1):
 PSYoungGen      total 26112K, used 25673K [0x00000000eab00000, 0x00000000ec880000, 0x0000000100000000)
  eden space 25088K, 100% used [0x00000000eab00000,0x00000000ec380000,0x00000000ec380000)
  from space 1024K, 57% used [0x00000000ec400000,0x00000000ec492590,0x00000000ec500000)
  to   space 2560K, 0% used [0x00000000ec600000,0x00000000ec600000,0x00000000ec880000)
 ParOldGen       total 68608K, used 6926K [0x00000000c0000000, 0x00000000c4300000, 0x00000000eab00000)
  object space 68608K, 10% used [0x00000000c0000000,0x00000000c06c3af0,0x00000000c4300000)
 Metaspace       used 27499K, committed 28032K, reserved 1081344K
  class space    used 2645K, committed 2880K, reserved 1048576K
}
Event: 18.683 GC heap after
{Heap after GC invocations=7 (full 1):
 PSYoungGen      total 26112K, used 1298K [0x00000000eab00000, 0x00000000ec780000, 0x0000000100000000)
  eden space 24576K, 0% used [0x00000000eab00000,0x00000000eab00000,0x00000000ec300000)
  from space 1536K, 84% used [0x00000000ec600000,0x00000000ec744b08,0x00000000ec780000)
  to   space 1536K, 0% used [0x00000000ec480000,0x00000000ec480000,0x00000000ec600000)
 ParOldGen       total 68608K, used 6934K [0x00000000c0000000, 0x00000000c4300000, 0x00000000eab00000)
  object space 68608K, 10% used [0x00000000c0000000,0x00000000c06c5af0,0x00000000c4300000)
 Metaspace       used 27499K, committed 28032K, reserved 1081344K
  class space    used 2645K, committed 2880K, reserved 1048576K
}

Dll operation events (9 events):
Event: 0.095 Loaded shared library c:\Users\rohan\.vscode\extensions\redhat.java-1.16.0-win32-x64\jre\17.0.6-win32-x86_64\bin\java.dll
Event: 0.975 Loaded shared library c:\Users\rohan\.vscode\extensions\redhat.java-1.16.0-win32-x64\jre\17.0.6-win32-x86_64\bin\zip.dll
Event: 0.987 Loaded shared library C:\Users\rohan\.vscode\extensions\redhat.java-1.16.0-win32-x64\jre\17.0.6-win32-x86_64\bin\instrument.dll
Event: 1.037 Loaded shared library C:\Users\rohan\.vscode\extensions\redhat.java-1.16.0-win32-x64\jre\17.0.6-win32-x86_64\bin\net.dll
Event: 1.055 Loaded shared library C:\Users\rohan\.vscode\extensions\redhat.java-1.16.0-win32-x64\jre\17.0.6-win32-x86_64\bin\nio.dll
Event: 1.078 Loaded shared library C:\Users\rohan\.vscode\extensions\redhat.java-1.16.0-win32-x64\jre\17.0.6-win32-x86_64\bin\zip.dll
Event: 1.150 Loaded shared library C:\Users\rohan\.vscode\extensions\redhat.java-1.16.0-win32-x64\jre\17.0.6-win32-x86_64\bin\jimage.dll
Event: 1.594 Loaded shared library c:\Users\rohan\.vscode\extensions\redhat.java-1.16.0-win32-x64\jre\17.0.6-win32-x86_64\bin\verify.dll
Event: 14.716 Loaded shared library C:\Users\rohan\AppData\Roaming\Code\User\globalStorage\redhat.java\1.16.0\config_ss_win\org.eclipse.equinox.launcher\org.eclipse.equinox.launcher.win32.win32.x86_64_1.2.700.v20221108-1024\eclipse_11801.dll

Deoptimization events (20 events):
Event: 18.147 Thread 0x000002af723c9c40 Uncommon trap: trap_request=0xffffff76 fr.pc=0x000002af66a280b8 relative=0x0000000000000db8
Event: 18.147 Thread 0x000002af723c9c40 Uncommon trap: reason=predicate action=maybe_recompile pc=0x000002af66a280b8 method=java.util.Properties$LineReader.readLine()I @ 53 c2
Event: 18.147 Thread 0x000002af723c9c40 DEOPT PACKING pc=0x000002af66a280b8 sp=0x000000e40fbf8d50
Event: 18.147 Thread 0x000002af723c9c40 DEOPT UNPACKING pc=0x000002af664266a3 sp=0x000000e40fbf8d08 mode 2
Event: 18.678 Thread 0x000002af723c9c40 Uncommon trap: trap_request=0xffffffc6 fr.pc=0x000002af669e6294 relative=0x00000000000008d4
Event: 18.678 Thread 0x000002af723c9c40 Uncommon trap: reason=bimorphic_or_optimized_type_check action=maybe_recompile pc=0x000002af669e6294 method=java.util.HashMap.putVal(ILjava/lang/Object;Ljava/lang/Object;ZZ)Ljava/lang/Object; @ 56 c2
Event: 18.678 Thread 0x000002af723c9c40 DEOPT PACKING pc=0x000002af669e6294 sp=0x000000e40fbfdc10
Event: 18.678 Thread 0x000002af723c9c40 DEOPT UNPACKING pc=0x000002af664266a3 sp=0x000000e40fbfdb68 mode 2
Event: 18.678 Thread 0x000002af723c9c40 Uncommon trap: trap_request=0xffffffc6 fr.pc=0x000002af669e6294 relative=0x00000000000008d4
Event: 18.678 Thread 0x000002af723c9c40 Uncommon trap: reason=bimorphic_or_optimized_type_check action=maybe_recompile pc=0x000002af669e6294 method=java.util.HashMap.putVal(ILjava/lang/Object;Ljava/lang/Object;ZZ)Ljava/lang/Object; @ 56 c2
Event: 18.678 Thread 0x000002af723c9c40 DEOPT PACKING pc=0x000002af669e6294 sp=0x000000e40fbfdc10
Event: 18.679 Thread 0x000002af723c9c40 DEOPT UNPACKING pc=0x000002af664266a3 sp=0x000000e40fbfdb68 mode 2
Event: 18.679 Thread 0x000002af723c9c40 Uncommon trap: trap_request=0xffffffc6 fr.pc=0x000002af669e6294 relative=0x00000000000008d4
Event: 18.679 Thread 0x000002af723c9c40 Uncommon trap: reason=bimorphic_or_optimized_type_check action=maybe_recompile pc=0x000002af669e6294 method=java.util.HashMap.putVal(ILjava/lang/Object;Ljava/lang/Object;ZZ)Ljava/lang/Object; @ 56 c2
Event: 18.679 Thread 0x000002af723c9c40 DEOPT PACKING pc=0x000002af669e6294 sp=0x000000e40fbfdc10
Event: 18.679 Thread 0x000002af723c9c40 DEOPT UNPACKING pc=0x000002af664266a3 sp=0x000000e40fbfdb68 mode 2
Event: 18.679 Thread 0x000002af723c9c40 Uncommon trap: trap_request=0xffffffc6 fr.pc=0x000002af669e6294 relative=0x00000000000008d4
Event: 18.679 Thread 0x000002af723c9c40 Uncommon trap: reason=bimorphic_or_optimized_type_check action=maybe_recompile pc=0x000002af669e6294 method=java.util.HashMap.putVal(ILjava/lang/Object;Ljava/lang/Object;ZZ)Ljava/lang/Object; @ 56 c2
Event: 18.680 Thread 0x000002af723c9c40 DEOPT PACKING pc=0x000002af669e6294 sp=0x000000e40fbfdc10
Event: 18.680 Thread 0x000002af723c9c40 DEOPT UNPACKING pc=0x000002af664266a3 sp=0x000000e40fbfdb68 mode 2

Classes unloaded (7 events):
Event: 16.502 Thread 0x000002af70024720 Unloading class 0x0000000100214400 'java/lang/invoke/LambdaForm$MH+0x0000000100214400'
Event: 16.502 Thread 0x000002af70024720 Unloading class 0x0000000100214000 'java/lang/invoke/LambdaForm$MH+0x0000000100214000'
Event: 16.502 Thread 0x000002af70024720 Unloading class 0x0000000100213c00 'java/lang/invoke/LambdaForm$MH+0x0000000100213c00'
Event: 16.502 Thread 0x000002af70024720 Unloading class 0x0000000100213800 'java/lang/invoke/LambdaForm$MH+0x0000000100213800'
Event: 16.502 Thread 0x000002af70024720 Unloading class 0x0000000100213000 'java/lang/invoke/LambdaForm$BMH+0x0000000100213000'
Event: 16.502 Thread 0x000002af70024720 Unloading class 0x0000000100212c00 'java/lang/invoke/LambdaForm$DMH+0x0000000100212c00'
Event: 16.502 Thread 0x000002af70024720 Unloading class 0x0000000100210000 'java/lang/invoke/LambdaForm$DMH+0x0000000100210000'

Classes redefined (0 events):
No events

Internal exceptions (20 events):
Event: 16.421 Thread 0x000002af723c9c40 Exception <a 'java/lang/NoSuchMethodError'{0x00000000eacc5b48}: 'java.lang.Object java.lang.invoke.DirectMethodHandle$Holder.newInvokeSpecial(java.lang.Object, java.lang.Object, java.lang.Object, long)'> (0x00000000eacc5b48) 
thrown [s\src\hotspot\share\interpreter\linkResolver.cpp, line 759]
Event: 16.421 Thread 0x000002af723c9c40 Exception <a 'java/lang/NoSuchMethodError'{0x00000000eacca0e8}: 'java.lang.Object java.lang.invoke.DirectMethodHandle$Holder.invokeSpecial(java.lang.Object, java.lang.Object, java.lang.Object, java.lang.Object, long)'> (0x00000000eacca0e8) 
thrown [s\src\hotspot\share\interpreter\linkResolver.cpp, line 759]
Event: 16.436 Thread 0x000002af723c9c40 Exception <a 'java/lang/NoSuchMethodError'{0x00000000ead3c378}: 'int java.lang.invoke.DirectMethodHandle$Holder.invokeStaticInit(java.lang.Object, java.lang.Object, java.lang.Object)'> (0x00000000ead3c378) 
thrown [s\src\hotspot\share\interpreter\linkResolver.cpp, line 759]
Event: 16.447 Thread 0x000002af723c9c40 Exception <a 'java/lang/IncompatibleClassChangeError'{0x00000000eada3138}: Found class java.lang.Object, but interface was expected> (0x00000000eada3138) 
thrown [s\src\hotspot\share\interpreter\linkResolver.cpp, line 826]
Event: 16.456 Thread 0x000002af723c9c40 Exception <a 'java/lang/NoSuchMethodError'{0x00000000eadb51b0}: 'java.lang.Object java.lang.invoke.DirectMethodHandle$Holder.invokeSpecial(java.lang.Object, java.lang.Object, java.lang.Object, int, java.lang.Object, java.lang.Object)'> (0x00000000eadb51b0) 
thrown [s\src\hotspot\share\interpreter\linkResolver.cpp, line 759]
Event: 16.458 Thread 0x000002af723c9c40 Exception <a 'java/lang/NoSuchMethodError'{0x00000000eadbd938}: 'java.lang.Object java.lang.invoke.DirectMethodHandle$Holder.newInvokeSpecial(java.lang.Object, java.lang.Object, java.lang.Object, int, java.lang.Object)'> (0x00000000eadbd938) 
thrown [s\src\hotspot\share\interpreter\linkResolver.cpp, line 759]
Event: 16.459 Thread 0x000002af723c9c40 Exception <a 'java/lang/NoSuchMethodError'{0x00000000eadc1d90}: 'java.lang.Object java.lang.invoke.DirectMethodHandle$Holder.invokeSpecial(java.lang.Object, java.lang.Object, java.lang.Object, java.lang.Object, int, java.lang.Object)'> (0x00000000eadc1d90) 
thrown [s\src\hotspot\share\interpreter\linkResolver.cpp, line 759]
Event: 16.461 Thread 0x000002af7245d870 Exception <a 'java/lang/NoSuchMethodError'{0x00000000eacdf818}: 'java.lang.Object java.lang.invoke.DirectMethodHandle$Holder.invokeSpecial(java.lang.Object, java.lang.Object, int, java.lang.Object, java.lang.Object)'> (0x00000000eacdf818) 
thrown [s\src\hotspot\share\interpreter\linkResolver.cpp, line 759]
Event: 16.462 Thread 0x000002af7245d870 Exception <a 'java/lang/NoSuchMethodError'{0x00000000eace6ee8}: 'java.lang.Object java.lang.invoke.DirectMethodHandle$Holder.newInvokeSpecial(java.lang.Object, java.lang.Object, int, java.lang.Object)'> (0x00000000eace6ee8) 
thrown [s\src\hotspot\share\interpreter\linkResolver.cpp, line 759]
Event: 16.463 Thread 0x000002af7245d870 Exception <a 'java/lang/NoSuchMethodError'{0x00000000eacea9f8}: 'java.lang.Object java.lang.invoke.DirectMethodHandle$Holder.invokeSpecial(java.lang.Object, java.lang.Object, java.lang.Object, int, java.lang.Object)'> (0x00000000eacea9f8) 
thrown [s\src\hotspot\share\interpreter\linkResolver.cpp, line 759]
Event: 16.564 Thread 0x000002af7245d870 Exception <a 'java/io/FileNotFoundException'{0x00000000eabd92b8}> (0x00000000eabd92b8) 
thrown [s\src\hotspot\share\prims\jni.cpp, line 516]
Event: 18.143 Thread 0x000002af723c9c40 Exception <a 'java/lang/ClassNotFoundException'{0x00000000ec109ca0}: com/sun/org/apache/xerces/internal/impl/msg/spi/DOMMessagesProvider> (0x00000000ec109ca0) 
thrown [s\src\hotspot\share\classfile\systemDictionary.cpp, line 256]
Event: 18.147 Thread 0x000002af723c9c40 Implicit null exception at 0x000002af66a27400 to 0x000002af66a28070
Event: 18.149 Thread 0x000002af723c9c40 Exception <a 'java/lang/ClassNotFoundException'{0x00000000ec130898}: com/sun/org/apache/xerces/internal/impl/msg/spi/XMLSerializerMessagesProvider> (0x00000000ec130898) 
thrown [s\src\hotspot\share\classfile\systemDictionary.cpp, line 256]
Event: 18.152 Thread 0x000002af723c9c40 Exception <a 'java/lang/ClassNotFoundException'{0x00000000ec13db20}: com/sun/org/apache/xerces/internal/impl/msg/spi/XMLMessagesProvider> (0x00000000ec13db20) 
thrown [s\src\hotspot\share\classfile\systemDictionary.cpp, line 256]
Event: 18.364 Thread 0x000002af723c9c40 Exception <a 'java/lang/NoSuchMethodError'{0x00000000ec2011e0}: 'void java.lang.invoke.DirectMethodHandle$Holder.invokeVirtual(java.lang.Object, java.lang.Object)'> (0x00000000ec2011e0) 
thrown [s\src\hotspot\share\interpreter\linkResolver.cpp, line 759]
Event: 19.923 Thread 0x000002af723c9c40 Exception <a 'java/lang/NoSuchMethodError'{0x00000000eabe1680}: 'java.lang.Object java.lang.invoke.DirectMethodHandle$Holder.invokeStaticInit(java.lang.Object, int, int, int, int)'> (0x00000000eabe1680) 
thrown [s\src\hotspot\share\interpreter\linkResolver.cpp, line 759]
Event: 20.109 Thread 0x000002af723c9c40 Exception <a 'java/lang/NoSuchMethodError'{0x00000000eac73000}: 'java.lang.Object java.lang.invoke.DirectMethodHandle$Holder.invokeStaticInit(java.lang.Object, java.lang.Object, int, int, int, int)'> (0x00000000eac73000) 
thrown [s\src\hotspot\share\interpreter\linkResolver.cpp, line 759]
Event: 20.282 Thread 0x000002af723c9c40 Exception <a 'java/lang/ClassNotFoundException'{0x00000000eafd81c0}: com/sun/org/apache/xml/internal/serializer/spi/XMLEntitiesProvider> (0x00000000eafd81c0) 
thrown [s\src\hotspot\share\classfile\systemDictionary.cpp, line 256]
Event: 20.568 Thread 0x000002af723c9c40 Exception <a 'java/io/FileNotFoundException'{0x00000000eb3375f8}> (0x00000000eb3375f8) 
thrown [s\src\hotspot\share\prims\jni.cpp, line 516]

VM Operations (20 events):
Event: 15.866 Executing VM operation: HandshakeAllThreads
Event: 15.866 Executing VM operation: HandshakeAllThreads done
Event: 16.279 Executing VM operation: ParallelGCFailedAllocation
Event: 16.291 Executing VM operation: ParallelGCFailedAllocation done
Event: 16.483 Executing VM operation: CollectForMetadataAllocation
Event: 16.550 Executing VM operation: CollectForMetadataAllocation done
Event: 16.551 Executing VM operation: HandshakeAllThreads
Event: 16.551 Executing VM operation: HandshakeAllThreads done
Event: 17.047 Executing VM operation: ParallelGCFailedAllocation
Event: 17.049 Executing VM operation: ParallelGCFailedAllocation done
Event: 18.057 Executing VM operation: Cleanup
Event: 18.057 Executing VM operation: Cleanup done
Event: 18.588 Executing VM operation: HandshakeAllThreads
Event: 18.676 Executing VM operation: HandshakeAllThreads done
Event: 18.681 Executing VM operation: ParallelGCFailedAllocation
Event: 18.683 Executing VM operation: ParallelGCFailedAllocation done
Event: 19.693 Executing VM operation: Cleanup
Event: 19.693 Executing VM operation: Cleanup done
Event: 20.399 Executing VM operation: HandshakeAllThreads
Event: 20.399 Executing VM operation: HandshakeAllThreads done

Events (20 events):
Event: 20.640 loading class java/util/logging/LogManager$LogNode
Event: 20.641 loading class java/util/logging/LogManager$LogNode done
Event: 20.641 loading class java/util/logging/LogManager$Cleaner
Event: 20.641 loading class java/util/logging/LogManager$Cleaner done
Event: 20.642 loading class java/util/logging/LoggingPermission
Event: 20.642 loading class java/util/logging/LoggingPermission done
Event: 20.642 loading class java/util/logging/LogManager$LoggingProviderAccess
Event: 20.643 loading class sun/util/logging/internal/LoggingProviderImpl$LogManagerAccess
Event: 20.643 loading class sun/util/logging/internal/LoggingProviderImpl$LogManagerAccess done
Event: 20.643 loading class java/util/logging/LogManager$LoggingProviderAccess done
Event: 20.643 loading class sun/util/logging/internal/LoggingProviderImpl
Event: 20.643 loading class jdk/internal/logger/DefaultLoggerFinder
Event: 20.644 loading class java/lang/System$LoggerFinder
Event: 20.645 loading class java/lang/System$LoggerFinder done
Event: 20.645 loading class jdk/internal/logger/DefaultLoggerFinder done
Event: 20.645 loading class sun/util/logging/internal/LoggingProviderImpl done
Event: 20.645 loading class java/util/logging/LogManager$2
Event: 20.645 loading class java/util/logging/LogManager$2 done
Event: 20.645 loading class java/util/logging/LogManager$RootLogger
Event: 20.645 loading class java/util/logging/LogManager$RootLogger done


Dynamic libraries:
0x00007ff72bf50000 - 0x00007ff72bf5e000 	c:\Users\rohan\.vscode\extensions\redhat.java-1.16.0-win32-x64\jre\17.0.6-win32-x86_64\bin\java.exe
0x00007ffc71cb0000 - 0x00007ffc71ea8000 	C:\WINDOWS\SYSTEM32\ntdll.dll
0x00007ffc71b10000 - 0x00007ffc71bcd000 	C:\WINDOWS\System32\KERNEL32.DLL
0x00007ffc6f8a0000 - 0x00007ffc6fb96000 	C:\WINDOWS\System32\KERNELBASE.dll
0x00007ffc6f7a0000 - 0x00007ffc6f8a0000 	C:\WINDOWS\System32\ucrtbase.dll
0x00007ffc61670000 - 0x00007ffc61687000 	c:\Users\rohan\.vscode\extensions\redhat.java-1.16.0-win32-x64\jre\17.0.6-win32-x86_64\bin\jli.dll
0x00007ffc717d0000 - 0x00007ffc7196e000 	C:\WINDOWS\System32\USER32.dll
0x00007ffc6f6c0000 - 0x00007ffc6f6e2000 	C:\WINDOWS\System32\win32u.dll
0x00007ffc71130000 - 0x00007ffc7115c000 	C:\WINDOWS\System32\GDI32.dll
0x00007ffc6f4e0000 - 0x00007ffc6f5fa000 	C:\WINDOWS\System32\gdi32full.dll
0x00007ffc6fc60000 - 0x00007ffc6fcfd000 	C:\WINDOWS\System32\msvcp_win.dll
0x00007ffc611f0000 - 0x00007ffc61209000 	c:\Users\rohan\.vscode\extensions\redhat.java-1.16.0-win32-x64\jre\17.0.6-win32-x86_64\bin\VCRUNTIME140.dll
0x00007ffc64670000 - 0x00007ffc6490a000 	C:\WINDOWS\WinSxS\amd64_microsoft.windows.common-controls_6595b64144ccf1df_6.0.19041.3636_none_60b6a03d71f818d5\COMCTL32.dll
0x00007ffc71bd0000 - 0x00007ffc71c6e000 	C:\WINDOWS\System32\msvcrt.dll
0x00007ffc705e0000 - 0x00007ffc70610000 	C:\WINDOWS\System32\IMM32.DLL
0x00007ffc6a6d0000 - 0x00007ffc6a6dc000 	c:\Users\rohan\.vscode\extensions\redhat.java-1.16.0-win32-x64\jre\17.0.6-win32-x86_64\bin\vcruntime140_1.dll
0x00007ffc46c50000 - 0x00007ffc46ce1000 	c:\Users\rohan\.vscode\extensions\redhat.java-1.16.0-win32-x64\jre\17.0.6-win32-x86_64\bin\msvcp140.dll
0x00007ffc29510000 - 0x00007ffc2a157000 	c:\Users\rohan\.vscode\extensions\redhat.java-1.16.0-win32-x64\jre\17.0.6-win32-x86_64\bin\server\jvm.dll
0x00007ffc71970000 - 0x00007ffc71a23000 	C:\WINDOWS\System32\ADVAPI32.dll
0x00007ffc712a0000 - 0x00007ffc7133f000 	C:\WINDOWS\System32\sechost.dll
0x00007ffc70450000 - 0x00007ffc70576000 	C:\WINDOWS\System32\RPCRT4.dll
0x00007ffc6f690000 - 0x00007ffc6f6b7000 	C:\WINDOWS\System32\bcrypt.dll
0x00007ffc6a3d0000 - 0x00007ffc6a3d9000 	C:\WINDOWS\SYSTEM32\WSOCK32.dll
0x00007ffc707a0000 - 0x00007ffc7080b000 	C:\WINDOWS\System32\WS2_32.dll
0x00007ffc65d50000 - 0x00007ffc65d77000 	C:\WINDOWS\SYSTEM32\WINMM.dll
0x00007ffc644b0000 - 0x00007ffc644ba000 	C:\WINDOWS\SYSTEM32\VERSION.dll
0x00007ffc6d230000 - 0x00007ffc6d242000 	C:\WINDOWS\SYSTEM32\kernel.appcore.dll
0x00007ffc6a240000 - 0x00007ffc6a24a000 	c:\Users\rohan\.vscode\extensions\redhat.java-1.16.0-win32-x64\jre\17.0.6-win32-x86_64\bin\jimage.dll
0x00007ffc59670000 - 0x00007ffc59854000 	C:\WINDOWS\SYSTEM32\DBGHELP.DLL
0x00007ffc59630000 - 0x00007ffc59664000 	C:\WINDOWS\SYSTEM32\dbgcore.DLL
0x00007ffc6f600000 - 0x00007ffc6f682000 	C:\WINDOWS\System32\bcryptPrimitives.dll
0x00007ffc69f80000 - 0x00007ffc69f8e000 	c:\Users\rohan\.vscode\extensions\redhat.java-1.16.0-win32-x64\jre\17.0.6-win32-x86_64\bin\instrument.dll
0x00007ffc5a4f0000 - 0x00007ffc5a515000 	c:\Users\rohan\.vscode\extensions\redhat.java-1.16.0-win32-x64\jre\17.0.6-win32-x86_64\bin\java.dll
0x00007ffc60860000 - 0x00007ffc60878000 	c:\Users\rohan\.vscode\extensions\redhat.java-1.16.0-win32-x64\jre\17.0.6-win32-x86_64\bin\zip.dll
0x00007ffc6fd00000 - 0x00007ffc70445000 	C:\WINDOWS\System32\SHELL32.dll
0x00007ffc6d430000 - 0x00007ffc6dbcb000 	C:\WINDOWS\SYSTEM32\windows.storage.dll
0x00007ffc70810000 - 0x00007ffc70b64000 	C:\WINDOWS\System32\combase.dll
0x00007ffc6ece0000 - 0x00007ffc6ed0d000 	C:\WINDOWS\SYSTEM32\Wldp.dll
0x00007ffc711f0000 - 0x00007ffc7129d000 	C:\WINDOWS\System32\SHCORE.dll
0x00007ffc70b70000 - 0x00007ffc70bc5000 	C:\WINDOWS\System32\shlwapi.dll
0x00007ffc6f2b0000 - 0x00007ffc6f2d5000 	C:\WINDOWS\SYSTEM32\profapi.dll
0x00007ffc5fbd0000 - 0x00007ffc5fbe9000 	C:\Users\rohan\.vscode\extensions\redhat.java-1.16.0-win32-x64\jre\17.0.6-win32-x86_64\bin\net.dll
0x00007ffc67650000 - 0x00007ffc6775a000 	C:\WINDOWS\SYSTEM32\WINHTTP.dll
0x00007ffc6ea40000 - 0x00007ffc6eaaa000 	C:\WINDOWS\system32\mswsock.dll
0x00007ffc59900000 - 0x00007ffc59915000 	C:\Users\rohan\.vscode\extensions\redhat.java-1.16.0-win32-x64\jre\17.0.6-win32-x86_64\bin\nio.dll
0x00007ffc65ee0000 - 0x00007ffc65ef0000 	c:\Users\rohan\.vscode\extensions\redhat.java-1.16.0-win32-x64\jre\17.0.6-win32-x86_64\bin\verify.dll
0x00007ffc55930000 - 0x00007ffc5596e000 	C:\Users\rohan\AppData\Roaming\Code\User\globalStorage\redhat.java\1.16.0\config_ss_win\org.eclipse.equinox.launcher\org.eclipse.equinox.launcher.win32.win32.x86_64_1.2.700.v20221108-1024\eclipse_11801.dll
0x00007ffc71340000 - 0x00007ffc7146b000 	C:\WINDOWS\System32\ole32.dll
0x00007ffc6ec30000 - 0x00007ffc6ec48000 	C:\WINDOWS\SYSTEM32\CRYPTSP.dll
0x00007ffc6e370000 - 0x00007ffc6e3a4000 	C:\WINDOWS\system32\rsaenh.dll
0x00007ffc6f230000 - 0x00007ffc6f25e000 	C:\WINDOWS\SYSTEM32\USERENV.dll
0x00007ffc6ec50000 - 0x00007ffc6ec5c000 	C:\WINDOWS\SYSTEM32\CRYPTBASE.dll
0x00007ffc6e730000 - 0x00007ffc6e76b000 	C:\WINDOWS\SYSTEM32\IPHLPAPI.DLL
0x00007ffc714d0000 - 0x00007ffc714d8000 	C:\WINDOWS\System32\NSI.dll
0x00007ffc68cc0000 - 0x00007ffc68cd7000 	C:\WINDOWS\SYSTEM32\dhcpcsvc6.DLL
0x00007ffc68a50000 - 0x00007ffc68a6d000 	C:\WINDOWS\SYSTEM32\dhcpcsvc.DLL
0x00007ffc6e770000 - 0x00007ffc6e83a000 	C:\WINDOWS\SYSTEM32\DNSAPI.dll

dbghelp: loaded successfully - version: 4.0.5 - missing functions: none
symbol engine: initialized successfully - sym options: 0x614 - pdb path: .;c:\Users\rohan\.vscode\extensions\redhat.java-1.16.0-win32-x64\jre\17.0.6-win32-x86_64\bin;C:\WINDOWS\SYSTEM32;C:\WINDOWS\WinSxS\amd64_microsoft.windows.common-controls_6595b64144ccf1df_6.0.19041.3636_none_60b6a03d71f818d5;c:\Users\rohan\.vscode\extensions\redhat.java-1.16.0-win32-x64\jre\17.0.6-win32-x86_64\bin\server;C:\Users\rohan\AppData\Roaming\Code\User\globalStorage\redhat.java\1.16.0\config_ss_win\org.eclipse.equinox.launcher\org.eclipse.equinox.launcher.win32.win32.x86_64_1.2.700.v20221108-1024

VM Arguments:
jvm_args: --add-modules=ALL-SYSTEM --add-opens=java.base/java.util=ALL-UNNAMED --add-opens=java.base/java.lang=ALL-UNNAMED --add-opens=java.base/sun.nio.fs=ALL-UNNAMED -Declipse.application=org.eclipse.jdt.ls.core.id1 -Dosgi.bundles.defaultStartLevel=4 -Declipse.product=org.eclipse.jdt.ls.core.product -Djava.import.generatesMetadataFilesAtProjectRoot=false -Dfile.encoding=utf8 -XX:+UseParallelGC -XX:GCTimeRatio=4 -XX:AdaptiveSizePolicyWeight=90 -Dsun.zip.disableMemoryMapping=true -Xmx1G -Xms100m -Xlog:disable -javaagent:c:\Users\rohan\.vscode\extensions\redhat.java-1.16.0-win32-x64\lombok\lombok-1.18.24.jar 
java_command: c:\Users\rohan\.vscode\extensions\redhat.java-1.16.0-win32-x64\server\plugins\org.eclipse.equinox.launcher_1.6.400.v20210924-0641.jar -configuration c:\Users\rohan\AppData\Roaming\Code\User\globalStorage\redhat.java\1.16.0\config_ss_win -data c:\Users\rohan\AppData\Roaming\Code\User\workspaceStorage\90ccfc06a5fe7a8e58f607b98ccdc0f5\redhat.java\ss_ws
java_class_path (initial): c:\Users\rohan\.vscode\extensions\redhat.java-1.16.0-win32-x64\server\plugins\org.eclipse.equinox.launcher_1.6.400.v20210924-0641.jar
Launcher Type: SUN_STANDARD

[Global flags]
    uintx AdaptiveSizePolicyWeight                 = 90                                        {product} {command line}
     intx CICompilerCount                          = 3                                         {product} {ergonomic}
    uintx GCTimeRatio                              = 4                                         {product} {command line}
   size_t InitialHeapSize                          = 104857600                                 {product} {command line}
   size_t MaxHeapSize                              = 1073741824                                {product} {command line}
   size_t MaxNewSize                               = 357564416                                 {product} {ergonomic}
   size_t MinHeapDeltaBytes                        = 524288                                    {product} {ergonomic}
   size_t MinHeapSize                              = 104857600                                 {product} {command line}
   size_t NewSize                                  = 34603008                                  {product} {ergonomic}
    uintx NonNMethodCodeHeapSize                   = 5832780                                {pd product} {ergonomic}
    uintx NonProfiledCodeHeapSize                  = 122912730                              {pd product} {ergonomic}
   size_t OldSize                                  = 70254592                                  {product} {ergonomic}
    uintx ProfiledCodeHeapSize                     = 122912730                              {pd product} {ergonomic}
    uintx ReservedCodeCacheSize                    = 251658240                              {pd product} {ergonomic}
     bool SegmentedCodeCache                       = true                                      {product} {ergonomic}
   size_t SoftMaxHeapSize                          = 1073741824                             {manageable} {ergonomic}
     bool UseCompressedClassPointers               = true                           {product lp64_product} {ergonomic}
     bool UseCompressedOops                        = true                           {product lp64_product} {ergonomic}
     bool UseLargePagesIndividualAllocation        = false                                  {pd product} {ergonomic}
     bool UseParallelGC                            = true                                      {product} {command line}

Logging:
Log output configuration:
 #0: stdout all=off uptime,level,tags
 #1: stderr all=off uptime,level,tags

Environment Variables:
JAVA_HOME=C:\Users\rohan\AppData\Local\Programs\Eclipse Adoptium\jdk-17.0.10.7-hotspot\
PATH=C:\oraclexe\app\oracle\product\10.2.0\server\bin;C:\Program Files\Common Files\Oracle\Java\javapath;C:\New folder\Scripts\;C:\New folder\;C:\WINDOWS\system32;C:\WINDOWS;C:\WINDOWS\System32\Wbem;C:\WINDOWS\System32\WindowsPowerShell\v1.0\;C:\WINDOWS\System32\OpenSSH\;C:\Users\HARSHADA\Desktop\New folder\code blocks\CodeBlocks\MinGW\bin;C:\MinGW\bin;C:\MinGW\bin;C:\Program Files\Java\jdk-21\bin;C:\Program Files\nodejs\;C:\Program Files\Git\cmd;C:\Users\rohan\AppData\Local\Programs\Eclipse Adoptium\jdk-17.0.10.7-hotspot\bin;C:\Users\rohan\AppData\Local\Microsoft\WindowsApps;C:\MinGW\bin;C:\Users\rohan\AppData\Roaming\npm
USERNAME=rohan
OS=Windows_NT
PROCESSOR_IDENTIFIER=Intel64 Family 6 Model 69 Stepping 1, GenuineIntel
TMP=C:\TEMP
TEMP=C:\TEMP



---------------  S Y S T E M  ---------------

OS:
 Windows 10 , 64 bit Build 19041 (10.0.19041.3636)
OS uptime: 7 days 23:36 hours

CPU: total 4 (initial active 4) (2 cores per cpu, 2 threads per core) family 6 model 69 stepping 1 microcode 0x25, cx8, cmov, fxsr, ht, mmx, sse, sse2, sse3, ssse3, sse4.1, sse4.2, popcnt, lzcnt, tsc, tscinvbit, avx, avx2, aes, erms, clmul, bmi1, bmi2, fma, vzeroupper, clflush

Memory: 4k page, system-wide physical 4000M (288M free)
TotalPageFile size 7591M (AvailPageFile size 1M)
current process WorkingSet (physical memory assigned to process): 137M, peak: 140M
current process commit charge ("private bytes"): 231M, peak: 236M

vm_info: OpenJDK 64-Bit Server VM (17.0.6+10) for windows-amd64 JRE (17.0.6+10), built on Jan 18 2023 10:08:59 by "temurin" with MS VC++ 16.7 (VS2019)

END.
