#
# There is insufficient memory for the Java Runtime Environment to continue.
# Native memory allocation (mmap) failed to map 67108864 bytes for G1 virtual space
# Possible reasons:
#   The system is out of physical RAM or swap space
#   The process is running with CompressedOops enabled, and the Java Heap may be blocking the growth of the native heap
# Possible solutions:
#   Reduce memory load on the system
#   Increase physical memory or swap space
#   Check if swap backing store is full
#   Decrease Java heap size (-Xmx/-Xms)
#   Decrease number of Java threads
#   Decrease Java thread stack sizes (-Xss)
#   Set larger code cache with -XX:ReservedCodeCacheSize=
#   JVM is running with Unscaled Compressed Oops mode in which the Java heap is
#     placed in the first 4GB address space. The Java Heap base address is the
#     maximum limit for the native heap growth. Please use -XX:HeapBaseMinAddress
#     to set the Java Heap base and to place the Java Heap above 4GB virtual address.
# This output file may be truncated or incomplete.
#
#  Out of Memory Error (os_windows.cpp:3600), pid=8380, tid=9580
#
# JRE version:  (21.0.2+13) (build )
# Java VM: Java HotSpot(TM) 64-Bit Server VM (21.0.2+13-LTS-58, mixed mode, sharing, tiered, compressed oops, compressed class ptrs, g1 gc, windows-amd64)
# No core dump will be written. Minidumps are not enabled by default on client versions of Windows
#

---------------  S U M M A R Y ------------

Command Line: -Dfile.encoding=UTF-8 -Dstdout.encoding=UTF-8 -Dstderr.encoding=UTF-8 --module-path=C:\Users\rohan\Desktop\Java\Arithmetics\bin -XX:+ShowCodeDetailsInExceptionMessages -Djdk.module.main=Arithmetics Arithmetics/Arithmetic.mul

Host: Intel(R) Core(TM) i3-4005U CPU @ 1.70GHz, 4 cores, 3G,  Windows 10 , 64 bit Build 19041 (10.0.19041.3636)
Time: Sun May 26 18:55:39 2024 India Standard Time elapsed time: 0.047084 seconds (0d 0h 0m 0s)

---------------  T H R E A D  ---------------

Current thread (0x000002a005a6aea0):  JavaThread "Unknown thread" [_thread_in_vm, id=9580, stack(0x000000d807600000,0x000000d807700000) (1024K)]

Stack: [0x000000d807600000,0x000000d807700000]
Native frames: (J=compiled Java code, j=interpreted, Vv=VM code, C=native code)
V  [jvm.dll+0x6cade9]
V  [jvm.dll+0x8569c1]
V  [jvm.dll+0x858d2e]
V  [jvm.dll+0x859413]
V  [jvm.dll+0x280e56]
V  [jvm.dll+0x6c74d5]
V  [jvm.dll+0x6bbeca]
V  [jvm.dll+0x355bca]
V  [jvm.dll+0x35d816]
V  [jvm.dll+0x3ae67e]
V  [jvm.dll+0x3ae928]
V  [jvm.dll+0x3295dc]
V  [jvm.dll+0x32a16b]
V  [jvm.dll+0x81efa9]
V  [jvm.dll+0x3bba01]
V  [jvm.dll+0x807928]
V  [jvm.dll+0x44f50e]
V  [jvm.dll+0x450e11]
C  [jli.dll+0x52a3]
C  [ucrtbase.dll+0x21bb2]
C  [KERNEL32.DLL+0x17344]
C  [ntdll.dll+0x526b1]


---------------  P R O C E S S  ---------------

Threads class SMR info:
_java_thread_list=0x00007ffbdaecbb88, length=0, elements={
}

Java Threads: ( => current thread )
Total: 0

Other Threads:
  0x000002a005bec440 WorkerThread "GC Thread#0"                     [id=11208, stack(0x000000d807700000,0x000000d807800000) (1024K)]
  0x000002a005bf6100 ConcurrentGCThread "G1 Main Marker"            [id=2016, stack(0x000000d807800000,0x000000d807900000) (1024K)]
  0x000002a005bf7460 WorkerThread "G1 Conc#0"                       [id=11044, stack(0x000000d807900000,0x000000d807a00000) (1024K)]

[error occurred during error reporting (printing all threads), id 0xc0000005, EXCEPTION_ACCESS_VIOLATION (0xc0000005) at pc=0x00007ffbda63c6a7]
VM state: not at safepoint (not fully initialized)

VM Mutex/Monitor currently owned by a thread:  ([mutex/lock_event])
[0x00007ffbdaf3ce68] Heap_lock - owner thread: 0x000002a005a6aea0

Heap address: 0x00000000c1600000, size: 1002 MB, Compressed Oops mode: 32-bit

CDS archive(s) mapped at: [0x0000000000000000-0x0000000000000000-0x0000000000000000), size 0, SharedBaseAddress: 0x0000000800000000, ArchiveRelocationMode: 1.
Narrow klass base: 0x0000000000000000, Narrow klass shift: 0, Narrow klass range: 0x0

GC Precious Log:
 CardTable entry size: 512
 Card Set container configuration: InlinePtr #cards 5 size 8 Array Of Cards #cards 12 size 40 Howl #buckets 4 coarsen threshold 1843 Howl Bitmap #cards 512 size 80 coarsen threshold 460 Card regions per heap region 1 cards per card region 2048

Heap:
 garbage-first heap   total 0K, used 0K [0x00000000c1600000, 0x0000000100000000)
  region size 1024K, 0 young (0K), 0 survivors (0K)

[error occurred during error reporting (printing heap information), id 0xc0000005, EXCEPTION_ACCESS_VIOLATION (0xc0000005) at pc=0x00007ffbdaa239f9]
GC Heap History (0 events):
No events

Dll operation events (1 events):
Event: 0.032 Loaded shared library C:\Program Files\Java\jdk-21\bin\java.dll

Deoptimization events (0 events):
No events

Classes loaded (0 events):
No events

Classes unloaded (0 events):
No events

Classes redefined (0 events):
No events

Internal exceptions (0 events):
No events

ZGC Phase Switch (0 events):
No events

VM Operations (0 events):
No events

Events (0 events):
No events


Dynamic libraries:
0x00007ff70b460000 - 0x00007ff70b470000 	C:\Program Files\Java\jdk-21\bin\javaw.exe
0x00007ffc3bd70000 - 0x00007ffc3bf68000 	C:\WINDOWS\SYSTEM32\ntdll.dll
0x00007ffc3b440000 - 0x00007ffc3b4fd000 	C:\WINDOWS\System32\KERNEL32.DLL
0x00007ffc397b0000 - 0x00007ffc39aa6000 	C:\WINDOWS\System32\KERNELBASE.dll
0x00007ffc396b0000 - 0x00007ffc397b0000 	C:\WINDOWS\System32\ucrtbase.dll
0x00007ffc273e0000 - 0x00007ffc273f9000 	C:\Program Files\Java\jdk-21\bin\jli.dll
0x00007ffc3a750000 - 0x00007ffc3a800000 	C:\WINDOWS\System32\ADVAPI32.dll
0x00007ffc3b520000 - 0x00007ffc3b5be000 	C:\WINDOWS\System32\msvcrt.dll
0x00007ffc3b3a0000 - 0x00007ffc3b440000 	C:\WINDOWS\System32\sechost.dll
0x00007ffc3a480000 - 0x00007ffc3a5a3000 	C:\WINDOWS\System32\RPCRT4.dll
0x00007ffc394b0000 - 0x00007ffc394d7000 	C:\WINDOWS\System32\bcrypt.dll
0x00007ffc3aef0000 - 0x00007ffc3b08f000 	C:\WINDOWS\System32\USER32.dll
0x00007ffc39680000 - 0x00007ffc396a2000 	C:\WINDOWS\System32\win32u.dll
0x00007ffc39da0000 - 0x00007ffc39dcb000 	C:\WINDOWS\System32\GDI32.dll
0x00007ffc39ab0000 - 0x00007ffc39bc7000 	C:\WINDOWS\System32\gdi32full.dll
0x00007ffc39590000 - 0x00007ffc3962d000 	C:\WINDOWS\System32\msvcp_win.dll
0x00007ffc27360000 - 0x00007ffc2737b000 	C:\Program Files\Java\jdk-21\bin\VCRUNTIME140.dll
0x00007ffc2d5d0000 - 0x00007ffc2d86a000 	C:\WINDOWS\WinSxS\amd64_microsoft.windows.common-controls_6595b64144ccf1df_6.0.19041.3636_none_60b6a03d71f818d5\COMCTL32.dll
0x00007ffc2aee0000 - 0x00007ffc2aeea000 	C:\WINDOWS\SYSTEM32\VERSION.dll
0x00007ffc3a3e0000 - 0x00007ffc3a412000 	C:\WINDOWS\System32\IMM32.DLL
0x00007ffc33de0000 - 0x00007ffc33dec000 	C:\Program Files\Java\jdk-21\bin\vcruntime140_1.dll
0x00007ffc13680000 - 0x00007ffc1370e000 	C:\Program Files\Java\jdk-21\bin\msvcp140.dll
0x00007ffbda300000 - 0x00007ffbdb017000 	C:\Program Files\Java\jdk-21\bin\server\jvm.dll
0x00007ffc3a6e0000 - 0x00007ffc3a74b000 	C:\WINDOWS\System32\WS2_32.dll
0x00007ffc39280000 - 0x00007ffc392cb000 	C:\WINDOWS\SYSTEM32\POWRPROF.dll
0x00007ffc2f760000 - 0x00007ffc2f787000 	C:\WINDOWS\SYSTEM32\WINMM.dll
0x00007ffc39260000 - 0x00007ffc39272000 	C:\WINDOWS\SYSTEM32\UMPDC.dll
0x00007ffc372b0000 - 0x00007ffc372c2000 	C:\WINDOWS\SYSTEM32\kernel.appcore.dll
0x00007ffc300f0000 - 0x00007ffc300fa000 	C:\Program Files\Java\jdk-21\bin\jimage.dll
0x00007ffc231f0000 - 0x00007ffc233d4000 	C:\WINDOWS\SYSTEM32\DBGHELP.DLL
0x00007ffc231b0000 - 0x00007ffc231e4000 	C:\WINDOWS\SYSTEM32\dbgcore.DLL
0x00007ffc39420000 - 0x00007ffc394a2000 	C:\WINDOWS\System32\bcryptPrimitives.dll
0x00007ffc25d30000 - 0x00007ffc25d4f000 	C:\Program Files\Java\jdk-21\bin\java.dll

dbghelp: loaded successfully - version: 4.0.5 - missing functions: none
symbol engine: initialized successfully - sym options: 0x614 - pdb path: .;C:\Program Files\Java\jdk-21\bin;C:\WINDOWS\SYSTEM32;C:\WINDOWS\WinSxS\amd64_microsoft.windows.common-controls_6595b64144ccf1df_6.0.19041.3636_none_60b6a03d71f818d5;C:\Program Files\Java\jdk-21\bin\server

VM Arguments:
jvm_args: -Dfile.encoding=UTF-8 -Dstdout.encoding=UTF-8 -Dstderr.encoding=UTF-8 --module-path=C:\Users\rohan\Desktop\Java\Arithmetics\bin -XX:+ShowCodeDetailsInExceptionMessages -Djdk.module.main=Arithmetics 
java_command: Arithmetics/Arithmetic.mul
java_class_path (initial): <not set>
Launcher Type: SUN_STANDARD

[Global flags]
     intx CICompilerCount                          = 3                                         {product} {ergonomic}
     uint ConcGCThreads                            = 1                                         {product} {ergonomic}
     uint G1ConcRefinementThreads                  = 4                                         {product} {ergonomic}
   size_t G1HeapRegionSize                         = 1048576                                   {product} {ergonomic}
    uintx GCDrainStackTargetSize                   = 64                                        {product} {ergonomic}
   size_t InitialHeapSize                          = 67108864                                  {product} {ergonomic}
   size_t MarkStackSize                            = 4194304                                   {product} {ergonomic}
   size_t MaxHeapSize                              = 1050673152                                {product} {ergonomic}
   size_t MinHeapDeltaBytes                        = 1048576                                   {product} {ergonomic}
   size_t MinHeapSize                              = 8388608                                   {product} {ergonomic}
    uintx NonNMethodCodeHeapSize                   = 5832780                                {pd product} {ergonomic}
    uintx NonProfiledCodeHeapSize                  = 122912730                              {pd product} {ergonomic}
    uintx ProfiledCodeHeapSize                     = 122912730                              {pd product} {ergonomic}
    uintx ReservedCodeCacheSize                    = 251658240                              {pd product} {ergonomic}
     bool SegmentedCodeCache                       = true                                      {product} {ergonomic}
     bool ShowCodeDetailsInExceptionMessages       = true                                   {manageable} {command line}
   size_t SoftMaxHeapSize                          = 1050673152                             {manageable} {ergonomic}
     bool UseCompressedOops                        = true                           {product lp64_product} {ergonomic}
     bool UseG1GC                                  = true                                      {product} {ergonomic}
     bool UseLargePagesIndividualAllocation        = false                                  {pd product} {ergonomic}

Logging:
Log output configuration:
 #0: stdout all=warning uptime,level,tags foldmultilines=false
 #1: stderr all=off uptime,level,tags foldmultilines=false

Environment Variables:
JAVA_HOME=C:\Users\rohan\AppData\Local\Programs\Eclipse Adoptium\jdk-17.0.10.7-hotspot\
PATH=C:\oraclexe\app\oracle\product\10.2.0\server\bin;C:\Program Files\Common Files\Oracle\Java\javapath;C:\New folder\Scripts\;C:\New folder\;C:\WINDOWS\system32;C:\WINDOWS;C:\WINDOWS\System32\Wbem;C:\WINDOWS\System32\WindowsPowerShell\v1.0\;C:\WINDOWS\System32\OpenSSH\;C:\Users\HARSHADA\Desktop\New folder\code blocks\CodeBlocks\MinGW\bin;C:\MinGW\bin;C:\MinGW\bin;C:\Program Files\Java\jdk-21\bin;C:\Program Files\nodejs\;C:\Program Files\Git\cmd;C:\Users\rohan\AppData\Local\Programs\Eclipse Adoptium\jdk-17.0.10.7-hotspot\bin;C:\Users\rohan\AppData\Local\Microsoft\WindowsApps;C:\MinGW\bin;C:\Users\rohan\AppData\Roaming\npm
USERNAME=rohan
OS=Windows_NT
PROCESSOR_IDENTIFIER=Intel64 Family 6 Model 69 Stepping 1, GenuineIntel
TMP=C:\TEMP
TEMP=C:\TEMP




Periodic native trim disabled

---------------  S Y S T E M  ---------------

OS:
 Windows 10 , 64 bit Build 19041 (10.0.19041.3636)
OS uptime: 2 days 1:15 hours

CPU: total 4 (initial active 4) (2 cores per cpu, 2 threads per core) family 6 model 69 stepping 1 microcode 0x25, cx8, cmov, fxsr, ht, mmx, sse, sse2, sse3, ssse3, sse4.1, sse4.2, popcnt, lzcnt, tsc, tscinvbit, avx, avx2, aes, erms, clmul, bmi1, bmi2, fma, vzeroupper, clflush, rdtscp, f16c
Processor Information for all 4 processors :
  Max Mhz: 1700, Current Mhz: 1700, Mhz Limit: 1700

Memory: 4k page, system-wide physical 4000M (920M free)
TotalPageFile size 4725M (AvailPageFile size 65M)
current process WorkingSet (physical memory assigned to process): 10M, peak: 10M
current process commit charge ("private bytes"): 51M, peak: 115M

vm_info: Java HotSpot(TM) 64-Bit Server VM (21.0.2+13-LTS-58) for windows-amd64 JRE (21.0.2+13-LTS-58), built on 2024-01-05T18:32:24Z by "mach5one" with MS VC++ 17.1 (VS2022)

END.
